nohup: ignoring input
============================================================
AGIFORMER PHASE 8: Scaling & Emergence (100M)
============================================================

🚀 Initializing Scaled Model...
   Architecture: 12 layers × 768 dim
   Parameters: 129.3M
   Device: cuda

📚 Loading Turkish Wikipedia Data...

⚙️  Training Configuration:
   Batch Size: 2 (effective: 8)
   Max Steps: 50,000
   Target Duration: ~5-7 days on T4

▶️  Starting Training...

Step     0/50000: Loss=5.5271 | BPC=7.9739 | LR=4.00e-07 | ETA=334.2h
Step    10/50000: Loss=5.3345 | BPC=7.6961 | LR=4.40e-06 | ETA=39.9h
Step    20/50000: Loss=5.1127 | BPC=7.3761 | LR=8.40e-06 | ETA=26.0h
Step    30/50000: Loss=4.9104 | BPC=7.0842 | LR=1.24e-05 | ETA=21.0h
Step    40/50000: Loss=4.7560 | BPC=6.8615 | LR=1.64e-05 | ETA=18.4h
Step    50/50000: Loss=4.5685 | BPC=6.5909 | LR=2.04e-05 | ETA=16.9h
Step    60/50000: Loss=4.4820 | BPC=6.4661 | LR=2.44e-05 | ETA=15.9h
Step    70/50000: Loss=4.2596 | BPC=6.1452 | LR=2.84e-05 | ETA=15.1h
Step    80/50000: Loss=4.2188 | BPC=6.0865 | LR=3.24e-05 | ETA=14.6h
Step    90/50000: Loss=4.0896 | BPC=5.9001 | LR=3.64e-05 | ETA=14.1h
Step   100/50000: Loss=3.8575 | BPC=5.5653 | LR=4.04e-05 | ETA=13.8h
Step   110/50000: Loss=3.7296 | BPC=5.3806 | LR=4.44e-05 | ETA=13.5h
Step   120/50000: Loss=3.7933 | BPC=5.4726 | LR=4.84e-05 | ETA=13.3h
Step   130/50000: Loss=3.6758 | BPC=5.3030 | LR=5.24e-05 | ETA=13.1h
Step   140/50000: Loss=3.6539 | BPC=5.2714 | LR=5.64e-05 | ETA=12.9h
Step   150/50000: Loss=3.4428 | BPC=4.9669 | LR=6.04e-05 | ETA=12.8h
Step   160/50000: Loss=3.4609 | BPC=4.9930 | LR=6.44e-05 | ETA=12.7h
Step   170/50000: Loss=3.5377 | BPC=5.1038 | LR=6.84e-05 | ETA=12.6h
Step   180/50000: Loss=3.3259 | BPC=4.7983 | LR=7.24e-05 | ETA=12.5h
Step   190/50000: Loss=3.3907 | BPC=4.8917 | LR=7.64e-05 | ETA=12.4h
Step   200/50000: Loss=3.2720 | BPC=4.7204 | LR=8.04e-05 | ETA=12.3h
Step   210/50000: Loss=3.3983 | BPC=4.9027 | LR=8.44e-05 | ETA=12.2h
Step   220/50000: Loss=3.3669 | BPC=4.8574 | LR=8.84e-05 | ETA=12.2h
Step   230/50000: Loss=3.1282 | BPC=4.5131 | LR=9.24e-05 | ETA=12.1h
Step   240/50000: Loss=3.2004 | BPC=4.6171 | LR=9.64e-05 | ETA=12.0h
Step   250/50000: Loss=3.0673 | BPC=4.4251 | LR=1.00e-04 | ETA=12.0h
Step   260/50000: Loss=3.3513 | BPC=4.8348 | LR=1.04e-04 | ETA=12.0h
Step   270/50000: Loss=2.9140 | BPC=4.2040 | LR=1.08e-04 | ETA=11.9h
Step   280/50000: Loss=2.9663 | BPC=4.2794 | LR=1.12e-04 | ETA=11.9h
Step   290/50000: Loss=2.7985 | BPC=4.0373 | LR=1.16e-04 | ETA=11.9h
Step   300/50000: Loss=3.1250 | BPC=4.5084 | LR=1.20e-04 | ETA=11.8h
Step   310/50000: Loss=3.0272 | BPC=4.3673 | LR=1.24e-04 | ETA=11.8h
Step   320/50000: Loss=2.7047 | BPC=3.9020 | LR=1.28e-04 | ETA=11.8h
Step   330/50000: Loss=2.6308 | BPC=3.7954 | LR=1.32e-04 | ETA=11.7h
Step   340/50000: Loss=2.9766 | BPC=4.2943 | LR=1.36e-04 | ETA=11.7h
Step   350/50000: Loss=2.5393 | BPC=3.6635 | LR=1.40e-04 | ETA=11.7h
Step   360/50000: Loss=2.5363 | BPC=3.6591 | LR=1.44e-04 | ETA=11.7h
Step   370/50000: Loss=3.2371 | BPC=4.6701 | LR=1.48e-04 | ETA=11.6h
Step   380/50000: Loss=2.3251 | BPC=3.3545 | LR=1.52e-04 | ETA=11.6h
Step   390/50000: Loss=2.4155 | BPC=3.4848 | LR=1.56e-04 | ETA=11.6h
Step   400/50000: Loss=2.5689 | BPC=3.7061 | LR=1.60e-04 | ETA=11.6h
Step   410/50000: Loss=2.4109 | BPC=3.4782 | LR=1.64e-04 | ETA=11.6h
Step   420/50000: Loss=2.4165 | BPC=3.4863 | LR=1.68e-04 | ETA=11.5h
Step   430/50000: Loss=2.3374 | BPC=3.3722 | LR=1.72e-04 | ETA=11.5h
Step   440/50000: Loss=2.3539 | BPC=3.3960 | LR=1.76e-04 | ETA=11.5h
Step   450/50000: Loss=2.3893 | BPC=3.4470 | LR=1.80e-04 | ETA=11.5h
Step   460/50000: Loss=2.8529 | BPC=4.1159 | LR=1.84e-04 | ETA=11.5h
Step   470/50000: Loss=2.2026 | BPC=3.1777 | LR=1.88e-04 | ETA=11.5h
Step   480/50000: Loss=2.4737 | BPC=3.5688 | LR=1.92e-04 | ETA=11.4h
Step   490/50000: Loss=2.2986 | BPC=3.3161 | LR=1.96e-04 | ETA=11.4h
Step   500/50000: Loss=2.4586 | BPC=3.5470 | LR=2.00e-04 | ETA=11.4h
Step   510/50000: Loss=2.3282 | BPC=3.3589 | LR=2.00e-04 | ETA=11.4h
Step   520/50000: Loss=2.3330 | BPC=3.3659 | LR=2.00e-04 | ETA=11.4h
Step   530/50000: Loss=2.3036 | BPC=3.3234 | LR=2.00e-04 | ETA=11.4h
Step   540/50000: Loss=2.1261 | BPC=3.0673 | LR=2.00e-04 | ETA=11.4h
Step   550/50000: Loss=2.2036 | BPC=3.1792 | LR=2.00e-04 | ETA=11.4h
Step   560/50000: Loss=2.3041 | BPC=3.3240 | LR=2.00e-04 | ETA=11.3h
Step   570/50000: Loss=2.1080 | BPC=3.0412 | LR=2.00e-04 | ETA=11.3h
Step   580/50000: Loss=2.3375 | BPC=3.3722 | LR=2.00e-04 | ETA=11.3h
Step   590/50000: Loss=2.1076 | BPC=3.0407 | LR=2.00e-04 | ETA=11.3h
Step   600/50000: Loss=2.1998 | BPC=3.1736 | LR=2.00e-04 | ETA=11.3h
Step   610/50000: Loss=2.1046 | BPC=3.0364 | LR=2.00e-04 | ETA=11.3h
Step   620/50000: Loss=2.1905 | BPC=3.1602 | LR=2.00e-04 | ETA=11.3h
Step   630/50000: Loss=2.1993 | BPC=3.1730 | LR=2.00e-04 | ETA=11.3h
Step   640/50000: Loss=2.2269 | BPC=3.2127 | LR=2.00e-04 | ETA=11.3h
Step   650/50000: Loss=2.0901 | BPC=3.0154 | LR=2.00e-04 | ETA=11.3h
Step   660/50000: Loss=3.1331 | BPC=4.5201 | LR=2.00e-04 | ETA=11.3h
Step   670/50000: Loss=2.3206 | BPC=3.3479 | LR=2.00e-04 | ETA=11.3h
Step   680/50000: Loss=2.1399 | BPC=3.0872 | LR=2.00e-04 | ETA=11.3h
Step   690/50000: Loss=1.9244 | BPC=2.7763 | LR=2.00e-04 | ETA=11.2h
Step   700/50000: Loss=2.0028 | BPC=2.8894 | LR=2.00e-04 | ETA=11.2h
Step   710/50000: Loss=1.9956 | BPC=2.8790 | LR=2.00e-04 | ETA=11.2h
Step   720/50000: Loss=2.2929 | BPC=3.3079 | LR=2.00e-04 | ETA=11.2h
Step   730/50000: Loss=1.9856 | BPC=2.8646 | LR=2.00e-04 | ETA=11.2h
Step   740/50000: Loss=1.8835 | BPC=2.7173 | LR=2.00e-04 | ETA=11.2h
Step   750/50000: Loss=2.0563 | BPC=2.9667 | LR=2.00e-04 | ETA=11.2h
Step   760/50000: Loss=1.8440 | BPC=2.6603 | LR=2.00e-04 | ETA=11.2h
Step   770/50000: Loss=2.3026 | BPC=3.3219 | LR=2.00e-04 | ETA=11.2h
Step   780/50000: Loss=2.1859 | BPC=3.1536 | LR=2.00e-04 | ETA=11.2h
Step   790/50000: Loss=2.3672 | BPC=3.4151 | LR=2.00e-04 | ETA=11.2h
Step   800/50000: Loss=2.0519 | BPC=2.9602 | LR=2.00e-04 | ETA=11.2h
Step   810/50000: Loss=2.1393 | BPC=3.0863 | LR=2.00e-04 | ETA=11.2h
Step   820/50000: Loss=2.5293 | BPC=3.6490 | LR=2.00e-04 | ETA=11.2h
Step   830/50000: Loss=2.3801 | BPC=3.4338 | LR=2.00e-04 | ETA=11.2h
Step   840/50000: Loss=2.3944 | BPC=3.4544 | LR=2.00e-04 | ETA=11.1h
Step   850/50000: Loss=1.8903 | BPC=2.7271 | LR=2.00e-04 | ETA=11.1h
Step   860/50000: Loss=2.0541 | BPC=2.9634 | LR=2.00e-04 | ETA=11.1h
Step   870/50000: Loss=2.0540 | BPC=2.9633 | LR=2.00e-04 | ETA=11.1h
Step   880/50000: Loss=1.9685 | BPC=2.8400 | LR=2.00e-04 | ETA=11.1h
Step   890/50000: Loss=2.3441 | BPC=3.3818 | LR=2.00e-04 | ETA=11.1h
Step   900/50000: Loss=2.1730 | BPC=3.1349 | LR=2.00e-04 | ETA=11.1h
Step   910/50000: Loss=1.9927 | BPC=2.8748 | LR=2.00e-04 | ETA=11.1h
Step   920/50000: Loss=2.2189 | BPC=3.2011 | LR=2.00e-04 | ETA=11.1h
Step   930/50000: Loss=2.0957 | BPC=3.0234 | LR=2.00e-04 | ETA=11.1h
Step   940/50000: Loss=1.9924 | BPC=2.8744 | LR=2.00e-04 | ETA=11.1h
Step   950/50000: Loss=2.0043 | BPC=2.8917 | LR=2.00e-04 | ETA=11.1h
Step   960/50000: Loss=1.9097 | BPC=2.7551 | LR=2.00e-04 | ETA=11.1h
Step   970/50000: Loss=2.0945 | BPC=3.0217 | LR=2.00e-04 | ETA=11.1h
Step   980/50000: Loss=2.1934 | BPC=3.1644 | LR=2.00e-04 | ETA=11.1h
Step   990/50000: Loss=1.9635 | BPC=2.8327 | LR=2.00e-04 | ETA=11.1h
Step  1000/50000: Loss=2.0813 | BPC=3.0026 | LR=2.00e-04 | ETA=11.1h
Step  1010/50000: Loss=2.0325 | BPC=2.9323 | LR=2.00e-04 | ETA=11.1h
Step  1020/50000: Loss=2.0187 | BPC=2.9123 | LR=2.00e-04 | ETA=11.1h
Step  1030/50000: Loss=1.9291 | BPC=2.7831 | LR=2.00e-04 | ETA=11.1h
Step  1040/50000: Loss=1.8700 | BPC=2.6978 | LR=2.00e-04 | ETA=11.1h
Step  1050/50000: Loss=1.7434 | BPC=2.5152 | LR=2.00e-04 | ETA=11.0h
Step  1060/50000: Loss=1.9323 | BPC=2.7877 | LR=2.00e-04 | ETA=11.0h
Step  1070/50000: Loss=1.9647 | BPC=2.8345 | LR=2.00e-04 | ETA=11.0h
Step  1080/50000: Loss=1.8978 | BPC=2.7379 | LR=2.00e-04 | ETA=11.0h
Step  1090/50000: Loss=1.9599 | BPC=2.8275 | LR=2.00e-04 | ETA=11.0h
Step  1100/50000: Loss=2.1734 | BPC=3.1355 | LR=2.00e-04 | ETA=11.0h
Step  1110/50000: Loss=1.9176 | BPC=2.7666 | LR=2.00e-04 | ETA=11.0h
Step  1120/50000: Loss=1.8585 | BPC=2.6813 | LR=2.00e-04 | ETA=11.0h
Step  1130/50000: Loss=1.8511 | BPC=2.6706 | LR=2.00e-04 | ETA=11.0h
Step  1140/50000: Loss=2.0165 | BPC=2.9091 | LR=2.00e-04 | ETA=11.0h
Step  1150/50000: Loss=1.9645 | BPC=2.8342 | LR=2.00e-04 | ETA=11.0h
Step  1160/50000: Loss=1.9444 | BPC=2.8052 | LR=2.00e-04 | ETA=11.0h
Step  1170/50000: Loss=1.8447 | BPC=2.6613 | LR=2.00e-04 | ETA=11.0h
Step  1180/50000: Loss=1.9419 | BPC=2.8016 | LR=2.00e-04 | ETA=11.0h
Step  1190/50000: Loss=1.8482 | BPC=2.6663 | LR=2.00e-04 | ETA=11.0h
Step  1200/50000: Loss=2.0201 | BPC=2.9143 | LR=2.00e-04 | ETA=11.0h
Step  1210/50000: Loss=1.8687 | BPC=2.6960 | LR=2.00e-04 | ETA=11.0h
Step  1220/50000: Loss=1.7428 | BPC=2.5144 | LR=2.00e-04 | ETA=11.0h
Step  1230/50000: Loss=2.0878 | BPC=3.0121 | LR=2.00e-04 | ETA=11.0h
Step  1240/50000: Loss=1.7898 | BPC=2.5821 | LR=2.00e-04 | ETA=11.0h
Step  1250/50000: Loss=2.1483 | BPC=3.0993 | LR=2.00e-04 | ETA=11.0h
Step  1260/50000: Loss=1.7526 | BPC=2.5285 | LR=2.00e-04 | ETA=11.0h
Step  1270/50000: Loss=1.8008 | BPC=2.5980 | LR=2.00e-04 | ETA=11.0h
Step  1280/50000: Loss=2.0044 | BPC=2.8918 | LR=2.00e-04 | ETA=11.0h
Step  1290/50000: Loss=1.8484 | BPC=2.6666 | LR=2.00e-04 | ETA=11.0h
Step  1300/50000: Loss=1.9450 | BPC=2.8060 | LR=2.00e-04 | ETA=11.0h
Step  1310/50000: Loss=1.9328 | BPC=2.7884 | LR=2.00e-04 | ETA=10.9h
Step  1320/50000: Loss=1.8876 | BPC=2.7232 | LR=2.00e-04 | ETA=10.9h
Step  1330/50000: Loss=2.0953 | BPC=3.0228 | LR=2.00e-04 | ETA=10.9h
Step  1340/50000: Loss=1.9137 | BPC=2.7609 | LR=2.00e-04 | ETA=10.9h
Step  1350/50000: Loss=1.7524 | BPC=2.5282 | LR=2.00e-04 | ETA=10.9h
Step  1360/50000: Loss=1.8586 | BPC=2.6814 | LR=2.00e-04 | ETA=10.9h
Step  1370/50000: Loss=2.0416 | BPC=2.9455 | LR=2.00e-04 | ETA=10.9h
Step  1380/50000: Loss=1.8114 | BPC=2.6133 | LR=2.00e-04 | ETA=10.9h
Step  1390/50000: Loss=1.9036 | BPC=2.7464 | LR=2.00e-04 | ETA=10.9h
Step  1400/50000: Loss=1.6783 | BPC=2.4212 | LR=2.00e-04 | ETA=10.9h
Step  1410/50000: Loss=1.7914 | BPC=2.5845 | LR=2.00e-04 | ETA=10.9h
Step  1420/50000: Loss=1.7937 | BPC=2.5878 | LR=2.00e-04 | ETA=10.9h
Step  1430/50000: Loss=1.7612 | BPC=2.5408 | LR=2.00e-04 | ETA=10.9h
Step  1440/50000: Loss=1.9627 | BPC=2.8316 | LR=2.00e-04 | ETA=10.9h
Step  1450/50000: Loss=1.8820 | BPC=2.7152 | LR=2.00e-04 | ETA=10.9h
Step  1460/50000: Loss=1.8334 | BPC=2.6451 | LR=2.00e-04 | ETA=10.9h
Step  1470/50000: Loss=1.8944 | BPC=2.7331 | LR=2.00e-04 | ETA=10.9h
Step  1480/50000: Loss=1.7373 | BPC=2.5064 | LR=2.00e-04 | ETA=10.9h
Step  1490/50000: Loss=2.1367 | BPC=3.0827 | LR=2.00e-04 | ETA=10.9h
Step  1500/50000: Loss=1.9414 | BPC=2.8009 | LR=2.00e-04 | ETA=10.9h
Step  1510/50000: Loss=2.4831 | BPC=3.5823 | LR=2.00e-04 | ETA=10.9h
Step  1520/50000: Loss=1.7239 | BPC=2.4870 | LR=2.00e-04 | ETA=10.9h
Step  1530/50000: Loss=1.6910 | BPC=2.4396 | LR=2.00e-04 | ETA=10.9h
Step  1540/50000: Loss=1.8103 | BPC=2.6118 | LR=2.00e-04 | ETA=10.9h
Step  1550/50000: Loss=2.0999 | BPC=3.0295 | LR=2.00e-04 | ETA=10.9h
Step  1560/50000: Loss=1.5521 | BPC=2.2392 | LR=2.00e-04 | ETA=10.9h
Step  1570/50000: Loss=1.8585 | BPC=2.6813 | LR=2.00e-04 | ETA=10.9h
Step  1580/50000: Loss=1.7453 | BPC=2.5180 | LR=2.00e-04 | ETA=10.9h
Step  1590/50000: Loss=1.7632 | BPC=2.5437 | LR=2.00e-04 | ETA=10.9h
Step  1600/50000: Loss=1.7260 | BPC=2.4901 | LR=2.00e-04 | ETA=10.9h
Step  1610/50000: Loss=1.7032 | BPC=2.4571 | LR=2.00e-04 | ETA=10.8h
Step  1620/50000: Loss=1.8335 | BPC=2.6451 | LR=2.00e-04 | ETA=10.8h
Step  1630/50000: Loss=1.7415 | BPC=2.5124 | LR=2.00e-04 | ETA=10.8h
Step  1640/50000: Loss=1.7926 | BPC=2.5862 | LR=2.00e-04 | ETA=10.8h
Step  1650/50000: Loss=1.6934 | BPC=2.4430 | LR=2.00e-04 | ETA=10.8h
Step  1660/50000: Loss=1.8092 | BPC=2.6102 | LR=2.00e-04 | ETA=10.8h
Step  1670/50000: Loss=1.6439 | BPC=2.3716 | LR=2.00e-04 | ETA=10.8h
Step  1680/50000: Loss=2.0265 | BPC=2.9236 | LR=2.00e-04 | ETA=10.8h
Step  1690/50000: Loss=1.6044 | BPC=2.3147 | LR=2.00e-04 | ETA=10.8h
Step  1700/50000: Loss=2.0625 | BPC=2.9756 | LR=2.00e-04 | ETA=10.8h
Step  1710/50000: Loss=2.6064 | BPC=3.7603 | LR=2.00e-04 | ETA=10.8h
Step  1720/50000: Loss=1.8276 | BPC=2.6367 | LR=2.00e-04 | ETA=10.8h
Step  1730/50000: Loss=1.8238 | BPC=2.6311 | LR=2.00e-04 | ETA=10.8h
Step  1740/50000: Loss=1.8728 | BPC=2.7019 | LR=2.00e-04 | ETA=10.8h
Step  1750/50000: Loss=1.8600 | BPC=2.6835 | LR=2.00e-04 | ETA=10.8h
Step  1760/50000: Loss=1.5168 | BPC=2.1883 | LR=2.00e-04 | ETA=10.8h
Step  1770/50000: Loss=1.7035 | BPC=2.4576 | LR=2.00e-04 | ETA=10.8h
Step  1780/50000: Loss=1.8759 | BPC=2.7063 | LR=2.00e-04 | ETA=10.8h
Step  1790/50000: Loss=1.6441 | BPC=2.3719 | LR=2.00e-04 | ETA=10.8h
Step  1800/50000: Loss=2.0898 | BPC=3.0149 | LR=2.00e-04 | ETA=10.8h
Step  1810/50000: Loss=1.9280 | BPC=2.7815 | LR=2.00e-04 | ETA=10.8h
Step  1820/50000: Loss=1.7444 | BPC=2.5167 | LR=2.00e-04 | ETA=10.8h
Step  1830/50000: Loss=1.6686 | BPC=2.4073 | LR=2.00e-04 | ETA=10.8h
Step  1840/50000: Loss=1.7913 | BPC=2.5843 | LR=2.00e-04 | ETA=10.8h
Step  1850/50000: Loss=1.7931 | BPC=2.5869 | LR=2.00e-04 | ETA=10.8h
Step  1860/50000: Loss=1.6932 | BPC=2.4427 | LR=2.00e-04 | ETA=10.8h
Step  1870/50000: Loss=2.0589 | BPC=2.9703 | LR=2.00e-04 | ETA=10.8h
Step  1880/50000: Loss=1.6116 | BPC=2.3251 | LR=2.00e-04 | ETA=10.8h
Step  1890/50000: Loss=1.8096 | BPC=2.6107 | LR=2.00e-04 | ETA=10.8h
Step  1900/50000: Loss=1.7798 | BPC=2.5678 | LR=2.00e-04 | ETA=10.8h
Step  1910/50000: Loss=1.9051 | BPC=2.7485 | LR=2.00e-04 | ETA=10.8h
Step  1920/50000: Loss=1.6494 | BPC=2.3796 | LR=2.00e-04 | ETA=10.7h
Step  1930/50000: Loss=1.8231 | BPC=2.6302 | LR=2.00e-04 | ETA=10.7h
Step  1940/50000: Loss=1.6769 | BPC=2.4192 | LR=2.00e-04 | ETA=10.7h
Step  1950/50000: Loss=1.7870 | BPC=2.5781 | LR=2.00e-04 | ETA=10.7h
Step  1960/50000: Loss=1.6190 | BPC=2.3357 | LR=2.00e-04 | ETA=10.7h
Step  1970/50000: Loss=1.7879 | BPC=2.5794 | LR=2.00e-04 | ETA=10.7h
Step  1980/50000: Loss=1.7138 | BPC=2.4725 | LR=2.00e-04 | ETA=10.7h
Step  1990/50000: Loss=1.7010 | BPC=2.4541 | LR=2.00e-04 | ETA=10.7h
Step  2000/50000: Loss=1.6046 | BPC=2.3150 | LR=2.00e-04 | ETA=10.7h

-- VALIDATION (Step 2000) --
   Val Loss: 1.6916 | Val BPC: 2.4405
   ✅ Saved best_model_scaled.pth (BPC: 2.4405)
   💾 Saved checkpoint_step_2000.pth

Step  2010/50000: Loss=1.5638 | BPC=2.2561 | LR=2.00e-04 | ETA=10.8h
Step  2020/50000: Loss=1.6655 | BPC=2.4028 | LR=2.00e-04 | ETA=10.8h
Step  2030/50000: Loss=1.5538 | BPC=2.2417 | LR=2.00e-04 | ETA=10.8h
Step  2040/50000: Loss=1.8300 | BPC=2.6401 | LR=2.00e-04 | ETA=10.8h
Step  2050/50000: Loss=1.6815 | BPC=2.4258 | LR=2.00e-04 | ETA=10.8h
Step  2060/50000: Loss=1.9499 | BPC=2.8132 | LR=2.00e-04 | ETA=10.8h
Step  2070/50000: Loss=1.6955 | BPC=2.4461 | LR=2.00e-04 | ETA=10.8h
Step  2080/50000: Loss=1.6477 | BPC=2.3771 | LR=2.00e-04 | ETA=10.8h
Step  2090/50000: Loss=1.8205 | BPC=2.6264 | LR=2.00e-04 | ETA=10.8h
Step  2100/50000: Loss=1.7190 | BPC=2.4800 | LR=2.00e-04 | ETA=10.8h
Step  2110/50000: Loss=1.6237 | BPC=2.3425 | LR=2.00e-04 | ETA=10.8h
Step  2120/50000: Loss=1.7431 | BPC=2.5148 | LR=2.00e-04 | ETA=10.8h
Step  2130/50000: Loss=2.3038 | BPC=3.3237 | LR=2.00e-04 | ETA=10.8h
Step  2140/50000: Loss=1.6721 | BPC=2.4124 | LR=2.00e-04 | ETA=10.8h
Step  2150/50000: Loss=1.6615 | BPC=2.3970 | LR=2.00e-04 | ETA=10.8h
Step  2160/50000: Loss=1.6309 | BPC=2.3529 | LR=2.00e-04 | ETA=10.7h
Step  2170/50000: Loss=1.7758 | BPC=2.5619 | LR=2.00e-04 | ETA=10.7h
Step  2180/50000: Loss=1.7235 | BPC=2.4865 | LR=2.00e-04 | ETA=10.7h
Step  2190/50000: Loss=1.6587 | BPC=2.3930 | LR=2.00e-04 | ETA=10.7h
Step  2200/50000: Loss=1.6182 | BPC=2.3346 | LR=2.00e-04 | ETA=10.7h
Step  2210/50000: Loss=1.6206 | BPC=2.3380 | LR=2.00e-04 | ETA=10.7h
Step  2220/50000: Loss=1.7131 | BPC=2.4715 | LR=2.00e-04 | ETA=10.7h
Step  2230/50000: Loss=1.6696 | BPC=2.4087 | LR=2.00e-04 | ETA=10.7h
Step  2240/50000: Loss=1.6288 | BPC=2.3498 | LR=2.00e-04 | ETA=10.7h
Step  2250/50000: Loss=1.6853 | BPC=2.4314 | LR=2.00e-04 | ETA=10.7h
Step  2260/50000: Loss=1.6841 | BPC=2.4297 | LR=2.00e-04 | ETA=10.7h
Step  2270/50000: Loss=2.1904 | BPC=3.1601 | LR=2.00e-04 | ETA=10.7h
Step  2280/50000: Loss=1.6520 | BPC=2.3833 | LR=2.00e-04 | ETA=10.7h
Step  2290/50000: Loss=1.6266 | BPC=2.3467 | LR=2.00e-04 | ETA=10.7h
Step  2300/50000: Loss=1.6569 | BPC=2.3905 | LR=2.00e-04 | ETA=10.7h
Step  2310/50000: Loss=1.9308 | BPC=2.7856 | LR=2.00e-04 | ETA=10.7h
Step  2320/50000: Loss=1.6766 | BPC=2.4188 | LR=2.00e-04 | ETA=10.7h
Step  2330/50000: Loss=1.7225 | BPC=2.4850 | LR=2.00e-04 | ETA=10.7h
Step  2340/50000: Loss=1.6145 | BPC=2.3292 | LR=2.00e-04 | ETA=10.7h
Step  2350/50000: Loss=1.7369 | BPC=2.5059 | LR=2.00e-04 | ETA=10.7h
Step  2360/50000: Loss=1.5999 | BPC=2.3082 | LR=2.00e-04 | ETA=10.7h
Step  2370/50000: Loss=1.6037 | BPC=2.3137 | LR=2.00e-04 | ETA=10.7h
Step  2380/50000: Loss=1.6344 | BPC=2.3580 | LR=2.00e-04 | ETA=10.7h
Step  2390/50000: Loss=1.6341 | BPC=2.3575 | LR=2.00e-04 | ETA=10.7h
Step  2400/50000: Loss=1.7392 | BPC=2.5091 | LR=2.00e-04 | ETA=10.7h
Step  2410/50000: Loss=1.6083 | BPC=2.3203 | LR=2.00e-04 | ETA=10.7h
Step  2420/50000: Loss=1.5316 | BPC=2.2097 | LR=2.00e-04 | ETA=10.7h
Step  2430/50000: Loss=1.8915 | BPC=2.7288 | LR=2.00e-04 | ETA=10.7h
Step  2440/50000: Loss=1.5070 | BPC=2.1742 | LR=2.00e-04 | ETA=10.7h
Step  2450/50000: Loss=1.7314 | BPC=2.4979 | LR=2.00e-04 | ETA=10.6h
Step  2460/50000: Loss=1.5530 | BPC=2.2406 | LR=2.00e-04 | ETA=10.6h
Step  2470/50000: Loss=1.6611 | BPC=2.3964 | LR=2.00e-04 | ETA=10.6h
Step  2480/50000: Loss=1.6420 | BPC=2.3689 | LR=2.00e-04 | ETA=10.6h
Step  2490/50000: Loss=1.5663 | BPC=2.2597 | LR=2.00e-04 | ETA=10.6h
Step  2500/50000: Loss=1.9175 | BPC=2.7664 | LR=2.00e-04 | ETA=10.6h
Step  2510/50000: Loss=1.6540 | BPC=2.3863 | LR=2.00e-04 | ETA=10.6h
Step  2520/50000: Loss=1.5418 | BPC=2.2243 | LR=2.00e-04 | ETA=10.6h
Step  2530/50000: Loss=1.6858 | BPC=2.4321 | LR=2.00e-04 | ETA=10.6h
Step  2540/50000: Loss=1.7689 | BPC=2.5519 | LR=2.00e-04 | ETA=10.6h
Step  2550/50000: Loss=1.5719 | BPC=2.2678 | LR=2.00e-04 | ETA=10.6h
Step  2560/50000: Loss=2.1889 | BPC=3.1579 | LR=2.00e-04 | ETA=10.6h
Step  2570/50000: Loss=1.6755 | BPC=2.4172 | LR=2.00e-04 | ETA=10.6h
Step  2580/50000: Loss=1.5137 | BPC=2.1839 | LR=2.00e-04 | ETA=10.6h
Step  2590/50000: Loss=1.4744 | BPC=2.1271 | LR=2.00e-04 | ETA=10.6h
Step  2600/50000: Loss=1.4373 | BPC=2.0736 | LR=2.00e-04 | ETA=10.6h
Step  2610/50000: Loss=1.5660 | BPC=2.2592 | LR=2.00e-04 | ETA=10.6h
Step  2620/50000: Loss=1.8066 | BPC=2.6064 | LR=2.00e-04 | ETA=10.6h
Step  2630/50000: Loss=1.6263 | BPC=2.3463 | LR=2.00e-04 | ETA=10.6h
Step  2640/50000: Loss=1.9510 | BPC=2.8147 | LR=2.00e-04 | ETA=10.6h
Step  2650/50000: Loss=1.7292 | BPC=2.4947 | LR=2.00e-04 | ETA=10.6h
Step  2660/50000: Loss=1.8551 | BPC=2.6763 | LR=2.00e-04 | ETA=10.6h
Step  2670/50000: Loss=1.6205 | BPC=2.3379 | LR=2.00e-04 | ETA=10.6h
Step  2680/50000: Loss=1.6583 | BPC=2.3925 | LR=2.00e-04 | ETA=10.6h
Step  2690/50000: Loss=1.6211 | BPC=2.3388 | LR=2.00e-04 | ETA=10.6h
Step  2700/50000: Loss=1.7391 | BPC=2.5090 | LR=2.00e-04 | ETA=10.6h
Step  2710/50000: Loss=1.6901 | BPC=2.4383 | LR=2.00e-04 | ETA=10.6h
Step  2720/50000: Loss=1.5888 | BPC=2.2921 | LR=2.00e-04 | ETA=10.6h
Step  2730/50000: Loss=1.5009 | BPC=2.1653 | LR=2.00e-04 | ETA=10.6h
Step  2740/50000: Loss=1.4223 | BPC=2.0520 | LR=2.00e-04 | ETA=10.6h
Step  2750/50000: Loss=1.5861 | BPC=2.2882 | LR=2.00e-04 | ETA=10.6h
Step  2760/50000: Loss=2.0984 | BPC=3.0273 | LR=2.00e-04 | ETA=10.6h
Step  2770/50000: Loss=1.5493 | BPC=2.2351 | LR=2.00e-04 | ETA=10.5h
Step  2780/50000: Loss=1.6559 | BPC=2.3890 | LR=2.00e-04 | ETA=10.5h
Step  2790/50000: Loss=1.5786 | BPC=2.2774 | LR=2.00e-04 | ETA=10.5h
Step  2800/50000: Loss=1.7090 | BPC=2.4655 | LR=2.00e-04 | ETA=10.5h
Step  2810/50000: Loss=1.5370 | BPC=2.2174 | LR=2.00e-04 | ETA=10.5h
Step  2820/50000: Loss=1.5449 | BPC=2.2288 | LR=2.00e-04 | ETA=10.5h
Step  2830/50000: Loss=1.6385 | BPC=2.3639 | LR=2.00e-04 | ETA=10.5h
Step  2840/50000: Loss=1.7474 | BPC=2.5209 | LR=2.00e-04 | ETA=10.5h
Step  2850/50000: Loss=1.7208 | BPC=2.4826 | LR=2.00e-04 | ETA=10.5h
Step  2860/50000: Loss=1.4041 | BPC=2.0257 | LR=2.00e-04 | ETA=10.5h
Step  2870/50000: Loss=1.4855 | BPC=2.1432 | LR=2.00e-04 | ETA=10.5h
Step  2880/50000: Loss=1.3645 | BPC=1.9686 | LR=2.00e-04 | ETA=10.5h
Step  2890/50000: Loss=1.7691 | BPC=2.5523 | LR=2.00e-04 | ETA=10.5h
Step  2900/50000: Loss=1.8199 | BPC=2.6255 | LR=2.00e-04 | ETA=10.5h
Step  2910/50000: Loss=1.6770 | BPC=2.4194 | LR=2.00e-04 | ETA=10.5h
Step  2920/50000: Loss=1.5955 | BPC=2.3018 | LR=2.00e-04 | ETA=10.5h
Step  2930/50000: Loss=1.4876 | BPC=2.1461 | LR=2.00e-04 | ETA=10.5h
Step  2940/50000: Loss=1.6135 | BPC=2.3279 | LR=2.00e-04 | ETA=10.5h
Step  2950/50000: Loss=1.9864 | BPC=2.8658 | LR=2.00e-04 | ETA=10.5h
Step  2960/50000: Loss=1.5084 | BPC=2.1762 | LR=2.00e-04 | ETA=10.5h
Step  2970/50000: Loss=1.4506 | BPC=2.0927 | LR=2.00e-04 | ETA=10.5h
Step  2980/50000: Loss=1.6052 | BPC=2.3158 | LR=2.00e-04 | ETA=10.5h
Step  2990/50000: Loss=1.4709 | BPC=2.1221 | LR=2.00e-04 | ETA=10.5h
Step  3000/50000: Loss=2.0004 | BPC=2.8860 | LR=2.00e-04 | ETA=10.5h
Step  3010/50000: Loss=1.4748 | BPC=2.1276 | LR=2.00e-04 | ETA=10.5h
Step  3020/50000: Loss=1.6925 | BPC=2.4417 | LR=2.00e-04 | ETA=10.5h
Step  3030/50000: Loss=1.4710 | BPC=2.1223 | LR=2.00e-04 | ETA=10.5h
Step  3040/50000: Loss=1.5256 | BPC=2.2010 | LR=2.00e-04 | ETA=10.5h
Step  3050/50000: Loss=1.4461 | BPC=2.0862 | LR=2.00e-04 | ETA=10.5h
Step  3060/50000: Loss=1.5379 | BPC=2.2187 | LR=2.00e-04 | ETA=10.5h
Step  3070/50000: Loss=1.5024 | BPC=2.1676 | LR=2.00e-04 | ETA=10.5h
Step  3080/50000: Loss=1.9594 | BPC=2.8268 | LR=2.00e-04 | ETA=10.5h
Step  3090/50000: Loss=1.4252 | BPC=2.0561 | LR=2.00e-04 | ETA=10.5h
Step  3100/50000: Loss=1.4314 | BPC=2.0651 | LR=2.00e-04 | ETA=10.5h
Step  3110/50000: Loss=1.7860 | BPC=2.5766 | LR=2.00e-04 | ETA=10.5h
Step  3120/50000: Loss=1.5429 | BPC=2.2260 | LR=2.00e-04 | ETA=10.4h
Step  3130/50000: Loss=1.6956 | BPC=2.4462 | LR=2.00e-04 | ETA=10.4h
Step  3140/50000: Loss=1.5340 | BPC=2.2132 | LR=2.00e-04 | ETA=10.4h
Step  3150/50000: Loss=1.5269 | BPC=2.2029 | LR=2.00e-04 | ETA=10.4h
Step  3160/50000: Loss=1.4560 | BPC=2.1006 | LR=2.00e-04 | ETA=10.4h
Step  3170/50000: Loss=1.5899 | BPC=2.2938 | LR=2.00e-04 | ETA=10.4h
Step  3180/50000: Loss=1.5071 | BPC=2.1743 | LR=2.00e-04 | ETA=10.4h
Step  3190/50000: Loss=1.5473 | BPC=2.2323 | LR=2.00e-04 | ETA=10.4h
Step  3200/50000: Loss=1.7616 | BPC=2.5414 | LR=2.00e-04 | ETA=10.4h
Step  3210/50000: Loss=1.4265 | BPC=2.0580 | LR=2.00e-04 | ETA=10.4h
Step  3220/50000: Loss=1.8967 | BPC=2.7363 | LR=2.00e-04 | ETA=10.4h
Step  3230/50000: Loss=1.5438 | BPC=2.2273 | LR=2.00e-04 | ETA=10.4h
Step  3240/50000: Loss=1.3663 | BPC=1.9712 | LR=2.00e-04 | ETA=10.4h
Step  3250/50000: Loss=1.6486 | BPC=2.3784 | LR=2.00e-04 | ETA=10.4h
Step  3260/50000: Loss=1.9558 | BPC=2.8216 | LR=2.00e-04 | ETA=10.4h
Step  3270/50000: Loss=1.5813 | BPC=2.2814 | LR=2.00e-04 | ETA=10.4h
Step  3280/50000: Loss=1.4765 | BPC=2.1302 | LR=2.00e-04 | ETA=10.4h
Step  3290/50000: Loss=1.5704 | BPC=2.2657 | LR=2.00e-04 | ETA=10.4h
Step  3300/50000: Loss=1.4208 | BPC=2.0498 | LR=2.00e-04 | ETA=10.4h
Step  3310/50000: Loss=1.7311 | BPC=2.4975 | LR=2.00e-04 | ETA=10.4h
Step  3320/50000: Loss=1.6552 | BPC=2.3880 | LR=2.00e-04 | ETA=10.4h
Step  3330/50000: Loss=1.7332 | BPC=2.5005 | LR=2.00e-04 | ETA=10.4h
Step  3340/50000: Loss=2.0922 | BPC=3.0184 | LR=2.00e-04 | ETA=10.4h
Step  3350/50000: Loss=1.5610 | BPC=2.2521 | LR=2.00e-04 | ETA=10.4h
Step  3360/50000: Loss=1.5700 | BPC=2.2650 | LR=2.00e-04 | ETA=10.4h
Step  3370/50000: Loss=1.6682 | BPC=2.4066 | LR=2.00e-04 | ETA=10.4h
Step  3380/50000: Loss=1.8568 | BPC=2.6789 | LR=2.00e-04 | ETA=10.4h
Step  3390/50000: Loss=1.8828 | BPC=2.7164 | LR=2.00e-04 | ETA=10.4h
Step  3400/50000: Loss=1.4952 | BPC=2.1571 | LR=2.00e-04 | ETA=10.4h
Step  3410/50000: Loss=1.6943 | BPC=2.4444 | LR=2.00e-04 | ETA=10.4h
Step  3420/50000: Loss=1.4293 | BPC=2.0620 | LR=2.00e-04 | ETA=10.4h
Step  3430/50000: Loss=1.6459 | BPC=2.3745 | LR=2.00e-04 | ETA=10.4h
Step  3440/50000: Loss=1.9583 | BPC=2.8252 | LR=2.00e-04 | ETA=10.4h
Step  3450/50000: Loss=1.6227 | BPC=2.3410 | LR=2.00e-04 | ETA=10.4h
Step  3460/50000: Loss=1.4804 | BPC=2.1357 | LR=2.00e-04 | ETA=10.4h
Step  3470/50000: Loss=1.4100 | BPC=2.0343 | LR=2.00e-04 | ETA=10.4h
Step  3480/50000: Loss=1.6127 | BPC=2.3267 | LR=2.00e-04 | ETA=10.4h
Step  3490/50000: Loss=1.6246 | BPC=2.3438 | LR=2.00e-04 | ETA=10.3h
Step  3500/50000: Loss=1.6275 | BPC=2.3480 | LR=2.00e-04 | ETA=10.3h
Step  3510/50000: Loss=1.4230 | BPC=2.0530 | LR=2.00e-04 | ETA=10.3h
Step  3520/50000: Loss=1.6526 | BPC=2.3842 | LR=2.00e-04 | ETA=10.3h
Step  3530/50000: Loss=1.3315 | BPC=1.9210 | LR=2.00e-04 | ETA=10.3h
Step  3540/50000: Loss=1.5402 | BPC=2.2220 | LR=2.00e-04 | ETA=10.3h
Step  3550/50000: Loss=1.5102 | BPC=2.1788 | LR=2.00e-04 | ETA=10.3h
Step  3560/50000: Loss=1.8469 | BPC=2.6645 | LR=2.00e-04 | ETA=10.3h
Step  3570/50000: Loss=1.9338 | BPC=2.7899 | LR=2.00e-04 | ETA=10.3h
Step  3580/50000: Loss=1.4003 | BPC=2.0203 | LR=2.00e-04 | ETA=10.3h
Step  3590/50000: Loss=1.5082 | BPC=2.1759 | LR=2.00e-04 | ETA=10.3h
Step  3600/50000: Loss=1.9309 | BPC=2.7857 | LR=2.00e-04 | ETA=10.3h
Step  3610/50000: Loss=1.7753 | BPC=2.5612 | LR=2.00e-04 | ETA=10.3h
Step  3620/50000: Loss=2.5646 | BPC=3.6999 | LR=2.00e-04 | ETA=10.3h
Step  3630/50000: Loss=1.4617 | BPC=2.1087 | LR=2.00e-04 | ETA=10.3h
Step  3640/50000: Loss=1.5942 | BPC=2.2999 | LR=2.00e-04 | ETA=10.3h
Step  3650/50000: Loss=1.3902 | BPC=2.0056 | LR=2.00e-04 | ETA=10.3h
Step  3660/50000: Loss=1.6325 | BPC=2.3551 | LR=2.00e-04 | ETA=10.3h
Step  3670/50000: Loss=1.4444 | BPC=2.0839 | LR=2.00e-04 | ETA=10.3h
Step  3680/50000: Loss=1.5620 | BPC=2.2535 | LR=2.00e-04 | ETA=10.3h
Step  3690/50000: Loss=1.7524 | BPC=2.5281 | LR=2.00e-04 | ETA=10.3h
Step  3700/50000: Loss=1.4500 | BPC=2.0919 | LR=2.00e-04 | ETA=10.3h
Step  3710/50000: Loss=1.6890 | BPC=2.4367 | LR=2.00e-04 | ETA=10.3h
Step  3720/50000: Loss=1.6648 | BPC=2.4018 | LR=2.00e-04 | ETA=10.3h
Step  3730/50000: Loss=1.4954 | BPC=2.1575 | LR=2.00e-04 | ETA=10.3h
Step  3740/50000: Loss=1.5182 | BPC=2.1903 | LR=2.00e-04 | ETA=10.3h
Step  3750/50000: Loss=1.5351 | BPC=2.2147 | LR=2.00e-04 | ETA=10.3h
Step  3760/50000: Loss=1.5578 | BPC=2.2474 | LR=2.00e-04 | ETA=10.3h
Step  3770/50000: Loss=1.3878 | BPC=2.0022 | LR=2.00e-04 | ETA=10.3h
Step  3780/50000: Loss=1.7749 | BPC=2.5606 | LR=2.00e-04 | ETA=10.3h
Step  3790/50000: Loss=1.4758 | BPC=2.1291 | LR=2.00e-04 | ETA=10.3h
Step  3800/50000: Loss=1.5202 | BPC=2.1931 | LR=2.00e-04 | ETA=10.3h
Step  3810/50000: Loss=1.3554 | BPC=1.9554 | LR=2.00e-04 | ETA=10.3h
Step  3820/50000: Loss=1.5517 | BPC=2.2386 | LR=2.00e-04 | ETA=10.3h
Step  3830/50000: Loss=1.6560 | BPC=2.3891 | LR=2.00e-04 | ETA=10.3h
Step  3840/50000: Loss=2.4862 | BPC=3.5869 | LR=2.00e-04 | ETA=10.3h
Step  3850/50000: Loss=1.4380 | BPC=2.0746 | LR=2.00e-04 | ETA=10.3h
Step  3860/50000: Loss=1.6653 | BPC=2.4026 | LR=2.00e-04 | ETA=10.3h
Step  3870/50000: Loss=1.4991 | BPC=2.1627 | LR=2.00e-04 | ETA=10.3h
Step  3880/50000: Loss=1.4165 | BPC=2.0436 | LR=2.00e-04 | ETA=10.3h
Step  3890/50000: Loss=1.5274 | BPC=2.2035 | LR=2.00e-04 | ETA=10.2h
Step  3900/50000: Loss=1.5717 | BPC=2.2674 | LR=2.00e-04 | ETA=10.2h
Step  3910/50000: Loss=1.4092 | BPC=2.0331 | LR=2.00e-04 | ETA=10.2h
Step  3920/50000: Loss=1.9646 | BPC=2.8343 | LR=2.00e-04 | ETA=10.2h
Step  3930/50000: Loss=1.4742 | BPC=2.1268 | LR=2.00e-04 | ETA=10.2h
Step  3940/50000: Loss=1.7321 | BPC=2.4989 | LR=2.00e-04 | ETA=10.2h
Step  3950/50000: Loss=1.8058 | BPC=2.6053 | LR=2.00e-04 | ETA=10.2h
Step  3960/50000: Loss=1.7859 | BPC=2.5765 | LR=2.00e-04 | ETA=10.2h
Step  3970/50000: Loss=1.4895 | BPC=2.1489 | LR=2.00e-04 | ETA=10.2h
Step  3980/50000: Loss=1.4295 | BPC=2.0623 | LR=2.00e-04 | ETA=10.2h
Step  3990/50000: Loss=1.6701 | BPC=2.4094 | LR=2.00e-04 | ETA=10.2h
Step  4000/50000: Loss=1.4793 | BPC=2.1342 | LR=2.00e-04 | ETA=10.2h

-- VALIDATION (Step 4000) --
   Val Loss: 1.4947 | Val BPC: 2.1564
   ✅ Saved best_model_scaled.pth (BPC: 2.1564)
   💾 Saved checkpoint_step_4000.pth

Step  4010/50000: Loss=2.0410 | BPC=2.9445 | LR=2.00e-04 | ETA=10.3h
Step  4020/50000: Loss=1.4599 | BPC=2.1061 | LR=2.00e-04 | ETA=10.3h
Step  4030/50000: Loss=1.5863 | BPC=2.2885 | LR=2.00e-04 | ETA=10.3h
Step  4040/50000: Loss=1.5950 | BPC=2.3011 | LR=2.00e-04 | ETA=10.3h
Step  4050/50000: Loss=2.0703 | BPC=2.9869 | LR=2.00e-04 | ETA=10.3h
Step  4060/50000: Loss=1.4119 | BPC=2.0370 | LR=2.00e-04 | ETA=10.3h
Step  4070/50000: Loss=1.4660 | BPC=2.1150 | LR=2.00e-04 | ETA=10.3h
Step  4080/50000: Loss=1.9994 | BPC=2.8845 | LR=2.00e-04 | ETA=10.3h
Step  4090/50000: Loss=1.6762 | BPC=2.4182 | LR=2.00e-04 | ETA=10.3h
Step  4100/50000: Loss=2.2853 | BPC=3.2969 | LR=2.00e-04 | ETA=10.3h
Step  4110/50000: Loss=1.4947 | BPC=2.1564 | LR=2.00e-04 | ETA=10.2h
Step  4120/50000: Loss=1.5147 | BPC=2.1852 | LR=2.00e-04 | ETA=10.2h
Step  4130/50000: Loss=1.5217 | BPC=2.1953 | LR=2.00e-04 | ETA=10.2h
Step  4140/50000: Loss=1.3401 | BPC=1.9334 | LR=2.00e-04 | ETA=10.2h
Step  4150/50000: Loss=1.3525 | BPC=1.9512 | LR=2.00e-04 | ETA=10.2h
Step  4160/50000: Loss=1.5381 | BPC=2.2191 | LR=2.00e-04 | ETA=10.2h
Step  4170/50000: Loss=1.9100 | BPC=2.7556 | LR=2.00e-04 | ETA=10.2h
Step  4180/50000: Loss=1.4724 | BPC=2.1243 | LR=2.00e-04 | ETA=10.2h
Step  4190/50000: Loss=1.7100 | BPC=2.4670 | LR=2.00e-04 | ETA=10.2h
Step  4200/50000: Loss=1.4116 | BPC=2.0365 | LR=2.00e-04 | ETA=10.2h
Step  4210/50000: Loss=1.3607 | BPC=1.9630 | LR=2.00e-04 | ETA=10.2h
Step  4220/50000: Loss=1.5277 | BPC=2.2040 | LR=2.00e-04 | ETA=10.2h
Step  4230/50000: Loss=1.6293 | BPC=2.3505 | LR=2.00e-04 | ETA=10.2h
Step  4240/50000: Loss=1.4975 | BPC=2.1604 | LR=2.00e-04 | ETA=10.2h
Step  4250/50000: Loss=1.5103 | BPC=2.1788 | LR=2.00e-04 | ETA=10.2h
Step  4260/50000: Loss=1.8941 | BPC=2.7325 | LR=2.00e-04 | ETA=10.2h
Step  4270/50000: Loss=1.6045 | BPC=2.3148 | LR=2.00e-04 | ETA=10.2h
Step  4280/50000: Loss=1.5113 | BPC=2.1804 | LR=2.00e-04 | ETA=10.2h
Step  4290/50000: Loss=1.4820 | BPC=2.1381 | LR=2.00e-04 | ETA=10.2h
Step  4300/50000: Loss=1.4610 | BPC=2.1078 | LR=2.00e-04 | ETA=10.2h
Step  4310/50000: Loss=1.9238 | BPC=2.7755 | LR=2.00e-04 | ETA=10.2h
Step  4320/50000: Loss=1.4541 | BPC=2.0978 | LR=2.00e-04 | ETA=10.2h
Step  4330/50000: Loss=1.3981 | BPC=2.0171 | LR=2.00e-04 | ETA=10.2h
Step  4340/50000: Loss=1.8440 | BPC=2.6604 | LR=2.00e-04 | ETA=10.2h
Step  4350/50000: Loss=2.0122 | BPC=2.9030 | LR=2.00e-04 | ETA=10.2h
Step  4360/50000: Loss=1.5753 | BPC=2.2727 | LR=2.00e-04 | ETA=10.2h
Step  4370/50000: Loss=1.4630 | BPC=2.1107 | LR=2.00e-04 | ETA=10.2h
Step  4380/50000: Loss=1.4860 | BPC=2.1439 | LR=2.00e-04 | ETA=10.2h
Step  4390/50000: Loss=1.5633 | BPC=2.2554 | LR=2.00e-04 | ETA=10.2h
Step  4400/50000: Loss=1.3733 | BPC=1.9812 | LR=2.00e-04 | ETA=10.2h
Step  4410/50000: Loss=1.7067 | BPC=2.4622 | LR=2.00e-04 | ETA=10.2h
Step  4420/50000: Loss=1.5038 | BPC=2.1696 | LR=2.00e-04 | ETA=10.2h
Step  4430/50000: Loss=1.5298 | BPC=2.2070 | LR=2.00e-04 | ETA=10.2h
Step  4440/50000: Loss=1.4449 | BPC=2.0846 | LR=2.00e-04 | ETA=10.2h
Step  4450/50000: Loss=1.4666 | BPC=2.1158 | LR=2.00e-04 | ETA=10.2h
Step  4460/50000: Loss=1.3851 | BPC=1.9982 | LR=2.00e-04 | ETA=10.2h
Step  4470/50000: Loss=1.4325 | BPC=2.0666 | LR=2.00e-04 | ETA=10.2h
Step  4480/50000: Loss=2.0600 | BPC=2.9719 | LR=2.00e-04 | ETA=10.2h
Step  4490/50000: Loss=1.6542 | BPC=2.3865 | LR=2.00e-04 | ETA=10.2h
Step  4500/50000: Loss=1.2569 | BPC=1.8133 | LR=2.00e-04 | ETA=10.2h
Step  4510/50000: Loss=1.4551 | BPC=2.0993 | LR=2.00e-04 | ETA=10.2h
Step  4520/50000: Loss=1.4583 | BPC=2.1038 | LR=2.00e-04 | ETA=10.2h
Step  4530/50000: Loss=1.4001 | BPC=2.0199 | LR=2.00e-04 | ETA=10.1h
Step  4540/50000: Loss=1.5151 | BPC=2.1859 | LR=2.00e-04 | ETA=10.1h
Step  4550/50000: Loss=1.3296 | BPC=1.9182 | LR=2.00e-04 | ETA=10.1h
Step  4560/50000: Loss=1.6422 | BPC=2.3692 | LR=2.00e-04 | ETA=10.1h
Step  4570/50000: Loss=1.5797 | BPC=2.2790 | LR=2.00e-04 | ETA=10.1h
Step  4580/50000: Loss=1.4133 | BPC=2.0390 | LR=2.00e-04 | ETA=10.1h
Step  4590/50000: Loss=1.4663 | BPC=2.1154 | LR=2.00e-04 | ETA=10.1h
Step  4600/50000: Loss=1.5653 | BPC=2.2583 | LR=2.00e-04 | ETA=10.1h
Step  4610/50000: Loss=1.3417 | BPC=1.9357 | LR=2.00e-04 | ETA=10.1h
Step  4620/50000: Loss=1.4163 | BPC=2.0433 | LR=2.00e-04 | ETA=10.1h
Step  4630/50000: Loss=1.5390 | BPC=2.2203 | LR=2.00e-04 | ETA=10.1h
Step  4640/50000: Loss=1.4038 | BPC=2.0253 | LR=2.00e-04 | ETA=10.1h
Step  4650/50000: Loss=1.3538 | BPC=1.9532 | LR=2.00e-04 | ETA=10.1h
Step  4660/50000: Loss=1.5046 | BPC=2.1706 | LR=2.00e-04 | ETA=10.1h
Step  4670/50000: Loss=1.6804 | BPC=2.4243 | LR=2.00e-04 | ETA=10.1h
Step  4680/50000: Loss=1.7718 | BPC=2.5561 | LR=2.00e-04 | ETA=10.1h
Step  4690/50000: Loss=1.3094 | BPC=1.8891 | LR=2.00e-04 | ETA=10.1h
Step  4700/50000: Loss=1.4614 | BPC=2.1084 | LR=2.00e-04 | ETA=10.1h
Step  4710/50000: Loss=1.4578 | BPC=2.1031 | LR=2.00e-04 | ETA=10.1h
Step  4720/50000: Loss=1.4014 | BPC=2.0218 | LR=2.00e-04 | ETA=10.1h
Step  4730/50000: Loss=1.3707 | BPC=1.9775 | LR=2.00e-04 | ETA=10.1h
Step  4740/50000: Loss=1.4947 | BPC=2.1564 | LR=2.00e-04 | ETA=10.1h
Step  4750/50000: Loss=1.4030 | BPC=2.0241 | LR=2.00e-04 | ETA=10.1h
Step  4760/50000: Loss=1.6845 | BPC=2.4302 | LR=2.00e-04 | ETA=10.1h
Step  4770/50000: Loss=1.4242 | BPC=2.0547 | LR=2.00e-04 | ETA=10.1h
Step  4780/50000: Loss=1.6061 | BPC=2.3171 | LR=2.00e-04 | ETA=10.1h
Step  4790/50000: Loss=1.4774 | BPC=2.1315 | LR=2.00e-04 | ETA=10.1h
Step  4800/50000: Loss=1.3946 | BPC=2.0120 | LR=2.00e-04 | ETA=10.1h
Step  4810/50000: Loss=1.6216 | BPC=2.3395 | LR=2.00e-04 | ETA=10.1h
Step  4820/50000: Loss=1.4051 | BPC=2.0272 | LR=2.00e-04 | ETA=10.1h
Step  4830/50000: Loss=1.5649 | BPC=2.2577 | LR=2.00e-04 | ETA=10.1h
Step  4840/50000: Loss=1.3960 | BPC=2.0141 | LR=2.00e-04 | ETA=10.1h
Step  4850/50000: Loss=1.6344 | BPC=2.3580 | LR=2.00e-04 | ETA=10.1h
Step  4860/50000: Loss=1.4776 | BPC=2.1317 | LR=2.00e-04 | ETA=10.1h
Step  4870/50000: Loss=1.4475 | BPC=2.0883 | LR=2.00e-04 | ETA=10.1h
Step  4880/50000: Loss=1.8173 | BPC=2.6218 | LR=2.00e-04 | ETA=10.1h
Step  4890/50000: Loss=1.3903 | BPC=2.0058 | LR=2.00e-04 | ETA=10.1h
Step  4900/50000: Loss=1.5962 | BPC=2.3028 | LR=2.00e-04 | ETA=10.1h
Step  4910/50000: Loss=1.5586 | BPC=2.2486 | LR=2.00e-04 | ETA=10.1h
Step  4920/50000: Loss=1.3981 | BPC=2.0170 | LR=2.00e-04 | ETA=10.1h
Step  4930/50000: Loss=1.3084 | BPC=1.8877 | LR=2.00e-04 | ETA=10.0h
Step  4940/50000: Loss=1.5409 | BPC=2.2231 | LR=2.00e-04 | ETA=10.0h
Step  4950/50000: Loss=1.5369 | BPC=2.2172 | LR=2.00e-04 | ETA=10.0h
Step  4960/50000: Loss=1.5078 | BPC=2.1753 | LR=2.00e-04 | ETA=10.0h
Step  4970/50000: Loss=1.7197 | BPC=2.4809 | LR=2.00e-04 | ETA=10.0h
Step  4980/50000: Loss=1.4249 | BPC=2.0556 | LR=2.00e-04 | ETA=10.0h
Step  4990/50000: Loss=1.8843 | BPC=2.7185 | LR=2.00e-04 | ETA=10.0h
Step  5000/50000: Loss=1.6726 | BPC=2.4131 | LR=2.00e-04 | ETA=10.0h
Step  5010/50000: Loss=1.2934 | BPC=1.8660 | LR=2.00e-04 | ETA=10.0h
Step  5020/50000: Loss=1.3566 | BPC=1.9572 | LR=2.00e-04 | ETA=10.0h
Step  5030/50000: Loss=1.5725 | BPC=2.2686 | LR=2.00e-04 | ETA=10.0h
Step  5040/50000: Loss=1.4335 | BPC=2.0681 | LR=2.00e-04 | ETA=10.0h
Step  5050/50000: Loss=1.4765 | BPC=2.1301 | LR=2.00e-04 | ETA=10.0h
Step  5060/50000: Loss=1.5507 | BPC=2.2372 | LR=2.00e-04 | ETA=10.0h
Step  5070/50000: Loss=1.3320 | BPC=1.9216 | LR=2.00e-04 | ETA=10.0h
Step  5080/50000: Loss=1.4184 | BPC=2.0463 | LR=2.00e-04 | ETA=10.0h
Step  5090/50000: Loss=1.9257 | BPC=2.7782 | LR=2.00e-04 | ETA=10.0h
Step  5100/50000: Loss=1.5286 | BPC=2.2052 | LR=2.00e-04 | ETA=10.0h
Step  5110/50000: Loss=1.4803 | BPC=2.1356 | LR=2.00e-04 | ETA=10.0h
Step  5120/50000: Loss=1.3101 | BPC=1.8901 | LR=2.00e-04 | ETA=10.0h
Step  5130/50000: Loss=1.4556 | BPC=2.0999 | LR=2.00e-04 | ETA=10.0h
Step  5140/50000: Loss=1.2915 | BPC=1.8632 | LR=2.00e-04 | ETA=10.0h
Step  5150/50000: Loss=1.4425 | BPC=2.0811 | LR=2.00e-04 | ETA=10.0h
Step  5160/50000: Loss=1.4716 | BPC=2.1230 | LR=2.00e-04 | ETA=10.0h
Step  5170/50000: Loss=1.4082 | BPC=2.0316 | LR=2.00e-04 | ETA=10.0h
Step  5180/50000: Loss=1.4876 | BPC=2.1461 | LR=2.00e-04 | ETA=10.0h
Step  5190/50000: Loss=1.6121 | BPC=2.3258 | LR=2.00e-04 | ETA=10.0h
Step  5200/50000: Loss=1.3373 | BPC=1.9293 | LR=2.00e-04 | ETA=10.0h
Step  5210/50000: Loss=1.9336 | BPC=2.7896 | LR=2.00e-04 | ETA=10.0h
Step  5220/50000: Loss=1.3777 | BPC=1.9876 | LR=2.00e-04 | ETA=10.0h
Step  5230/50000: Loss=1.3666 | BPC=1.9716 | LR=2.00e-04 | ETA=10.0h
Step  5240/50000: Loss=1.5495 | BPC=2.2354 | LR=2.00e-04 | ETA=10.0h
Step  5250/50000: Loss=1.4747 | BPC=2.1276 | LR=2.00e-04 | ETA=10.0h
Step  5260/50000: Loss=1.3709 | BPC=1.9778 | LR=2.00e-04 | ETA=10.0h
Step  5270/50000: Loss=1.2894 | BPC=1.8601 | LR=2.00e-04 | ETA=10.0h
Step  5280/50000: Loss=1.4582 | BPC=2.1037 | LR=2.00e-04 | ETA=10.0h
Step  5290/50000: Loss=1.8517 | BPC=2.6715 | LR=2.00e-04 | ETA=10.0h
Step  5300/50000: Loss=1.3739 | BPC=1.9822 | LR=2.00e-04 | ETA=10.0h
Step  5310/50000: Loss=2.1469 | BPC=3.0973 | LR=2.00e-04 | ETA=10.0h
Step  5320/50000: Loss=1.5527 | BPC=2.2400 | LR=2.00e-04 | ETA=9.9h
Step  5330/50000: Loss=1.4398 | BPC=2.0772 | LR=2.00e-04 | ETA=9.9h
Step  5340/50000: Loss=1.4904 | BPC=2.1502 | LR=2.00e-04 | ETA=9.9h
Step  5350/50000: Loss=1.3936 | BPC=2.0105 | LR=2.00e-04 | ETA=9.9h
Step  5360/50000: Loss=1.4499 | BPC=2.0917 | LR=2.00e-04 | ETA=9.9h
Step  5370/50000: Loss=1.4576 | BPC=2.1029 | LR=2.00e-04 | ETA=9.9h
Step  5380/50000: Loss=1.3988 | BPC=2.0180 | LR=2.00e-04 | ETA=9.9h
Step  5390/50000: Loss=1.8469 | BPC=2.6645 | LR=2.00e-04 | ETA=9.9h
Step  5400/50000: Loss=1.4843 | BPC=2.1413 | LR=2.00e-04 | ETA=9.9h
Step  5410/50000: Loss=1.4016 | BPC=2.0220 | LR=2.00e-04 | ETA=9.9h
Step  5420/50000: Loss=1.2896 | BPC=1.8605 | LR=2.00e-04 | ETA=9.9h
Step  5430/50000: Loss=1.4786 | BPC=2.1331 | LR=2.00e-04 | ETA=9.9h
Step  5440/50000: Loss=1.5747 | BPC=2.2718 | LR=2.00e-04 | ETA=9.9h
Step  5450/50000: Loss=1.4335 | BPC=2.0680 | LR=2.00e-04 | ETA=9.9h
Step  5460/50000: Loss=1.4318 | BPC=2.0657 | LR=2.00e-04 | ETA=9.9h
Step  5470/50000: Loss=1.4299 | BPC=2.0630 | LR=2.00e-04 | ETA=9.9h
Step  5480/50000: Loss=1.4575 | BPC=2.1027 | LR=2.00e-04 | ETA=9.9h
Step  5490/50000: Loss=1.7262 | BPC=2.4903 | LR=2.00e-04 | ETA=9.9h
Step  5500/50000: Loss=1.4167 | BPC=2.0439 | LR=2.00e-04 | ETA=9.9h
Step  5510/50000: Loss=1.3976 | BPC=2.0163 | LR=2.00e-04 | ETA=9.9h
Step  5520/50000: Loss=1.5516 | BPC=2.2384 | LR=2.00e-04 | ETA=9.9h
Step  5530/50000: Loss=1.3529 | BPC=1.9518 | LR=2.00e-04 | ETA=9.9h
Step  5540/50000: Loss=1.6145 | BPC=2.3292 | LR=2.00e-04 | ETA=9.9h
Step  5550/50000: Loss=1.4858 | BPC=2.1435 | LR=2.00e-04 | ETA=9.9h
Step  5560/50000: Loss=1.3293 | BPC=1.9177 | LR=2.00e-04 | ETA=9.9h
Step  5570/50000: Loss=1.6809 | BPC=2.4250 | LR=2.00e-04 | ETA=9.9h
Step  5580/50000: Loss=1.2538 | BPC=1.8088 | LR=2.00e-04 | ETA=9.9h
Step  5590/50000: Loss=1.4881 | BPC=2.1469 | LR=2.00e-04 | ETA=9.9h
Step  5600/50000: Loss=1.2671 | BPC=1.8281 | LR=2.00e-04 | ETA=9.9h
Step  5610/50000: Loss=1.4125 | BPC=2.0378 | LR=2.00e-04 | ETA=9.9h
Step  5620/50000: Loss=1.4247 | BPC=2.0554 | LR=2.00e-04 | ETA=9.9h
Step  5630/50000: Loss=1.5508 | BPC=2.2373 | LR=2.00e-04 | ETA=9.9h
Step  5640/50000: Loss=1.5637 | BPC=2.2559 | LR=2.00e-04 | ETA=9.9h
Step  5650/50000: Loss=1.6123 | BPC=2.3261 | LR=2.00e-04 | ETA=9.9h
Step  5660/50000: Loss=1.4524 | BPC=2.0954 | LR=2.00e-04 | ETA=9.9h
Step  5670/50000: Loss=1.4486 | BPC=2.0899 | LR=2.00e-04 | ETA=9.9h
Step  5680/50000: Loss=1.3879 | BPC=2.0023 | LR=2.00e-04 | ETA=9.9h
Step  5690/50000: Loss=1.6126 | BPC=2.3265 | LR=2.00e-04 | ETA=9.9h
Step  5700/50000: Loss=1.4863 | BPC=2.1443 | LR=2.00e-04 | ETA=9.9h
Step  5710/50000: Loss=1.3390 | BPC=1.9318 | LR=2.00e-04 | ETA=9.9h
Step  5720/50000: Loss=1.2581 | BPC=1.8151 | LR=2.00e-04 | ETA=9.9h
Step  5730/50000: Loss=1.4901 | BPC=2.1498 | LR=2.00e-04 | ETA=9.9h
Step  5740/50000: Loss=1.3578 | BPC=1.9589 | LR=2.00e-04 | ETA=9.8h
Step  5750/50000: Loss=1.7410 | BPC=2.5118 | LR=2.00e-04 | ETA=9.8h
Step  5760/50000: Loss=1.4799 | BPC=2.1350 | LR=2.00e-04 | ETA=9.8h
Step  5770/50000: Loss=1.4222 | BPC=2.0518 | LR=2.00e-04 | ETA=9.8h
Step  5780/50000: Loss=1.5166 | BPC=2.1880 | LR=2.00e-04 | ETA=9.8h
Step  5790/50000: Loss=1.4694 | BPC=2.1199 | LR=2.00e-04 | ETA=9.8h
Step  5800/50000: Loss=1.5509 | BPC=2.2375 | LR=2.00e-04 | ETA=9.8h
Step  5810/50000: Loss=1.3854 | BPC=1.9987 | LR=2.00e-04 | ETA=9.8h
Step  5820/50000: Loss=1.4638 | BPC=2.1118 | LR=2.00e-04 | ETA=9.8h
Step  5830/50000: Loss=1.3788 | BPC=1.9892 | LR=2.00e-04 | ETA=9.8h
Step  5840/50000: Loss=1.5291 | BPC=2.2060 | LR=2.00e-04 | ETA=9.8h
Step  5850/50000: Loss=1.2917 | BPC=1.8636 | LR=2.00e-04 | ETA=9.8h
Step  5860/50000: Loss=1.7205 | BPC=2.4822 | LR=2.00e-04 | ETA=9.8h
Step  5870/50000: Loss=1.6583 | BPC=2.3924 | LR=2.00e-04 | ETA=9.8h
Step  5880/50000: Loss=1.4457 | BPC=2.0856 | LR=2.00e-04 | ETA=9.8h
Step  5890/50000: Loss=1.4365 | BPC=2.0724 | LR=2.00e-04 | ETA=9.8h
Step  5900/50000: Loss=1.2570 | BPC=1.8135 | LR=2.00e-04 | ETA=9.8h
Step  5910/50000: Loss=1.4491 | BPC=2.0906 | LR=2.00e-04 | ETA=9.8h
Step  5920/50000: Loss=1.5026 | BPC=2.1679 | LR=2.00e-04 | ETA=9.8h
Step  5930/50000: Loss=1.3739 | BPC=1.9821 | LR=2.00e-04 | ETA=9.8h
Step  5940/50000: Loss=1.3483 | BPC=1.9451 | LR=2.00e-04 | ETA=9.8h
Step  5950/50000: Loss=1.5650 | BPC=2.2579 | LR=2.00e-04 | ETA=9.8h
Step  5960/50000: Loss=1.3819 | BPC=1.9936 | LR=2.00e-04 | ETA=9.8h
Step  5970/50000: Loss=1.4186 | BPC=2.0466 | LR=2.00e-04 | ETA=9.8h
Step  5980/50000: Loss=1.6884 | BPC=2.4358 | LR=2.00e-04 | ETA=9.8h
Step  5990/50000: Loss=1.4799 | BPC=2.1350 | LR=2.00e-04 | ETA=9.8h
Step  6000/50000: Loss=1.6322 | BPC=2.3548 | LR=2.00e-04 | ETA=9.8h

-- VALIDATION (Step 6000) --
   Val Loss: 1.3911 | Val BPC: 2.0070
   ✅ Saved best_model_scaled.pth (BPC: 2.0070)
   💾 Saved checkpoint_step_6000.pth

Step  6010/50000: Loss=1.4177 | BPC=2.0453 | LR=2.00e-04 | ETA=9.8h
Step  6020/50000: Loss=1.3959 | BPC=2.0138 | LR=2.00e-04 | ETA=9.8h
Step  6030/50000: Loss=1.3789 | BPC=1.9893 | LR=2.00e-04 | ETA=9.8h
Step  6040/50000: Loss=1.3407 | BPC=1.9342 | LR=2.00e-04 | ETA=9.8h
Step  6050/50000: Loss=1.3718 | BPC=1.9791 | LR=2.00e-04 | ETA=9.8h
Step  6060/50000: Loss=1.4210 | BPC=2.0500 | LR=2.00e-04 | ETA=9.8h
Step  6070/50000: Loss=1.3591 | BPC=1.9608 | LR=2.00e-04 | ETA=9.8h
Step  6080/50000: Loss=1.3910 | BPC=2.0067 | LR=2.00e-04 | ETA=9.8h
Step  6090/50000: Loss=1.4779 | BPC=2.1321 | LR=2.00e-04 | ETA=9.8h
Step  6100/50000: Loss=1.4492 | BPC=2.0907 | LR=2.00e-04 | ETA=9.8h
Step  6110/50000: Loss=1.3370 | BPC=1.9288 | LR=2.00e-04 | ETA=9.8h
Step  6120/50000: Loss=1.3366 | BPC=1.9283 | LR=2.00e-04 | ETA=9.8h
Step  6130/50000: Loss=1.5467 | BPC=2.2314 | LR=2.00e-04 | ETA=9.8h
Step  6140/50000: Loss=1.4896 | BPC=2.1491 | LR=2.00e-04 | ETA=9.8h
Step  6150/50000: Loss=1.2400 | BPC=1.7890 | LR=2.00e-04 | ETA=9.8h
Step  6160/50000: Loss=1.3832 | BPC=1.9955 | LR=2.00e-04 | ETA=9.8h
Step  6170/50000: Loss=1.4468 | BPC=2.0874 | LR=2.00e-04 | ETA=9.8h
Step  6180/50000: Loss=1.6055 | BPC=2.3162 | LR=2.00e-04 | ETA=9.8h
Step  6190/50000: Loss=1.7752 | BPC=2.5611 | LR=2.00e-04 | ETA=9.8h
Step  6200/50000: Loss=1.9170 | BPC=2.7656 | LR=2.00e-04 | ETA=9.8h
Step  6210/50000: Loss=1.4191 | BPC=2.0474 | LR=2.00e-04 | ETA=9.8h
Step  6220/50000: Loss=1.4502 | BPC=2.0922 | LR=2.00e-04 | ETA=9.8h
Step  6230/50000: Loss=1.4478 | BPC=2.0887 | LR=2.00e-04 | ETA=9.8h
Step  6240/50000: Loss=1.3549 | BPC=1.9547 | LR=2.00e-04 | ETA=9.8h
Step  6250/50000: Loss=1.5641 | BPC=2.2565 | LR=2.00e-04 | ETA=9.8h
Step  6260/50000: Loss=1.8415 | BPC=2.6567 | LR=2.00e-04 | ETA=9.7h
Step  6270/50000: Loss=1.4955 | BPC=2.1576 | LR=2.00e-04 | ETA=9.7h
Step  6280/50000: Loss=1.3547 | BPC=1.9545 | LR=2.00e-04 | ETA=9.7h
Step  6290/50000: Loss=1.4921 | BPC=2.1527 | LR=2.00e-04 | ETA=9.7h
Step  6300/50000: Loss=1.4519 | BPC=2.0946 | LR=2.00e-04 | ETA=9.7h
Step  6310/50000: Loss=1.2914 | BPC=1.8631 | LR=2.00e-04 | ETA=9.7h
Step  6320/50000: Loss=1.4866 | BPC=2.1447 | LR=2.00e-04 | ETA=9.7h
Step  6330/50000: Loss=1.4445 | BPC=2.0839 | LR=2.00e-04 | ETA=9.7h
Step  6340/50000: Loss=1.7048 | BPC=2.4595 | LR=2.00e-04 | ETA=9.7h
Step  6350/50000: Loss=1.3708 | BPC=1.9776 | LR=2.00e-04 | ETA=9.7h
Step  6360/50000: Loss=1.3754 | BPC=1.9843 | LR=2.00e-04 | ETA=9.7h
Step  6370/50000: Loss=1.4852 | BPC=2.1427 | LR=2.00e-04 | ETA=9.7h
Step  6380/50000: Loss=1.3921 | BPC=2.0084 | LR=2.00e-04 | ETA=9.7h
Step  6390/50000: Loss=2.2131 | BPC=3.1929 | LR=2.00e-04 | ETA=9.7h
Step  6400/50000: Loss=1.6849 | BPC=2.4308 | LR=2.00e-04 | ETA=9.7h
Step  6410/50000: Loss=1.3965 | BPC=2.0147 | LR=2.00e-04 | ETA=9.7h
Step  6420/50000: Loss=1.4360 | BPC=2.0717 | LR=2.00e-04 | ETA=9.7h
Step  6430/50000: Loss=1.5019 | BPC=2.1667 | LR=2.00e-04 | ETA=9.7h
Step  6440/50000: Loss=1.3837 | BPC=1.9963 | LR=2.00e-04 | ETA=9.7h
Step  6450/50000: Loss=1.5061 | BPC=2.1728 | LR=2.00e-04 | ETA=9.7h
Step  6460/50000: Loss=1.6911 | BPC=2.4397 | LR=2.00e-04 | ETA=9.7h
Step  6470/50000: Loss=1.3918 | BPC=2.0080 | LR=2.00e-04 | ETA=9.7h
Step  6480/50000: Loss=1.3198 | BPC=1.9041 | LR=2.00e-04 | ETA=9.7h
Step  6490/50000: Loss=1.4236 | BPC=2.0538 | LR=2.00e-04 | ETA=9.7h
Step  6500/50000: Loss=1.4371 | BPC=2.0733 | LR=2.00e-04 | ETA=9.7h
Step  6510/50000: Loss=1.4389 | BPC=2.0759 | LR=2.00e-04 | ETA=9.7h
Step  6520/50000: Loss=1.3690 | BPC=1.9751 | LR=2.00e-04 | ETA=9.7h
Step  6530/50000: Loss=1.3822 | BPC=1.9941 | LR=2.00e-04 | ETA=9.7h
Step  6540/50000: Loss=1.6473 | BPC=2.3765 | LR=2.00e-04 | ETA=9.7h
Step  6550/50000: Loss=1.2798 | BPC=1.8464 | LR=2.00e-04 | ETA=9.7h
Step  6560/50000: Loss=1.5077 | BPC=2.1752 | LR=2.00e-04 | ETA=9.7h
Step  6570/50000: Loss=1.3050 | BPC=1.8827 | LR=2.00e-04 | ETA=9.7h
Step  6580/50000: Loss=1.3042 | BPC=1.8815 | LR=2.00e-04 | ETA=9.7h
Step  6590/50000: Loss=1.3359 | BPC=1.9273 | LR=2.00e-04 | ETA=9.7h
Step  6600/50000: Loss=1.3683 | BPC=1.9740 | LR=2.00e-04 | ETA=9.7h
Step  6610/50000: Loss=1.3370 | BPC=1.9289 | LR=2.00e-04 | ETA=9.7h
Step  6620/50000: Loss=1.6594 | BPC=2.3940 | LR=2.00e-04 | ETA=9.7h
Step  6630/50000: Loss=1.7371 | BPC=2.5061 | LR=2.00e-04 | ETA=9.7h
Step  6640/50000: Loss=1.4779 | BPC=2.1322 | LR=2.00e-04 | ETA=9.7h
Step  6650/50000: Loss=1.3383 | BPC=1.9308 | LR=2.00e-04 | ETA=9.7h
Step  6660/50000: Loss=1.2587 | BPC=1.8159 | LR=2.00e-04 | ETA=9.7h
Step  6670/50000: Loss=1.4544 | BPC=2.0982 | LR=2.00e-04 | ETA=9.7h
Step  6680/50000: Loss=1.7565 | BPC=2.5341 | LR=2.00e-04 | ETA=9.7h
Step  6690/50000: Loss=1.3959 | BPC=2.0138 | LR=2.00e-04 | ETA=9.7h
Step  6700/50000: Loss=1.5024 | BPC=2.1675 | LR=2.00e-04 | ETA=9.6h
Step  6710/50000: Loss=1.2487 | BPC=1.8015 | LR=2.00e-04 | ETA=9.6h
Step  6720/50000: Loss=1.4130 | BPC=2.0385 | LR=2.00e-04 | ETA=9.6h
Step  6730/50000: Loss=1.4224 | BPC=2.0521 | LR=2.00e-04 | ETA=9.6h
Step  6740/50000: Loss=1.4722 | BPC=2.1239 | LR=2.00e-04 | ETA=9.6h
Step  6750/50000: Loss=1.3590 | BPC=1.9606 | LR=2.00e-04 | ETA=9.6h
Step  6760/50000: Loss=1.2736 | BPC=1.8374 | LR=2.00e-04 | ETA=9.6h
Step  6770/50000: Loss=1.4114 | BPC=2.0362 | LR=2.00e-04 | ETA=9.6h
Step  6780/50000: Loss=1.3698 | BPC=1.9763 | LR=2.00e-04 | ETA=9.6h
Step  6790/50000: Loss=1.2873 | BPC=1.8572 | LR=2.00e-04 | ETA=9.6h
Step  6800/50000: Loss=1.3677 | BPC=1.9731 | LR=2.00e-04 | ETA=9.6h
Step  6810/50000: Loss=1.2838 | BPC=1.8521 | LR=2.00e-04 | ETA=9.6h
Step  6820/50000: Loss=1.5577 | BPC=2.2472 | LR=2.00e-04 | ETA=9.6h
Step  6830/50000: Loss=1.4229 | BPC=2.0528 | LR=2.00e-04 | ETA=9.6h
Step  6840/50000: Loss=1.4228 | BPC=2.0526 | LR=2.00e-04 | ETA=9.6h
Step  6850/50000: Loss=1.3475 | BPC=1.9441 | LR=2.00e-04 | ETA=9.6h
Step  6860/50000: Loss=1.5641 | BPC=2.2566 | LR=2.00e-04 | ETA=9.6h
Step  6870/50000: Loss=1.5797 | BPC=2.2790 | LR=2.00e-04 | ETA=9.6h
Step  6880/50000: Loss=1.3593 | BPC=1.9611 | LR=2.00e-04 | ETA=9.6h
Step  6890/50000: Loss=1.4416 | BPC=2.0797 | LR=2.00e-04 | ETA=9.6h
Step  6900/50000: Loss=1.3640 | BPC=1.9679 | LR=2.00e-04 | ETA=9.6h
Step  6910/50000: Loss=1.5632 | BPC=2.2552 | LR=2.00e-04 | ETA=9.6h
Step  6920/50000: Loss=1.2283 | BPC=1.7721 | LR=2.00e-04 | ETA=9.6h
Step  6930/50000: Loss=1.3320 | BPC=1.9217 | LR=2.00e-04 | ETA=9.6h
Step  6940/50000: Loss=1.8779 | BPC=2.7092 | LR=2.00e-04 | ETA=9.6h
Step  6950/50000: Loss=1.5423 | BPC=2.2251 | LR=2.00e-04 | ETA=9.6h
Step  6960/50000: Loss=1.5503 | BPC=2.2366 | LR=2.00e-04 | ETA=9.6h
Step  6970/50000: Loss=1.3174 | BPC=1.9006 | LR=2.00e-04 | ETA=9.6h
Step  6980/50000: Loss=1.2477 | BPC=1.8001 | LR=2.00e-04 | ETA=9.6h
Step  6990/50000: Loss=1.5015 | BPC=2.1662 | LR=2.00e-04 | ETA=9.6h
Step  7000/50000: Loss=1.3142 | BPC=1.8960 | LR=2.00e-04 | ETA=9.6h
Step  7010/50000: Loss=2.1302 | BPC=3.0732 | LR=2.00e-04 | ETA=9.6h
Step  7020/50000: Loss=1.1699 | BPC=1.6879 | LR=2.00e-04 | ETA=9.6h
Step  7030/50000: Loss=1.4239 | BPC=2.0543 | LR=2.00e-04 | ETA=9.6h
Step  7040/50000: Loss=1.3482 | BPC=1.9450 | LR=2.00e-04 | ETA=9.6h
Step  7050/50000: Loss=1.4109 | BPC=2.0355 | LR=2.00e-04 | ETA=9.6h
Step  7060/50000: Loss=2.2585 | BPC=3.2584 | LR=2.00e-04 | ETA=9.6h
Step  7070/50000: Loss=1.4153 | BPC=2.0419 | LR=2.00e-04 | ETA=9.6h
Step  7080/50000: Loss=1.5676 | BPC=2.2616 | LR=2.00e-04 | ETA=9.6h
Step  7090/50000: Loss=1.3070 | BPC=1.8855 | LR=2.00e-04 | ETA=9.6h
Step  7100/50000: Loss=1.4441 | BPC=2.0834 | LR=2.00e-04 | ETA=9.6h
Step  7110/50000: Loss=1.4596 | BPC=2.1057 | LR=2.00e-04 | ETA=9.6h
Step  7120/50000: Loss=1.4028 | BPC=2.0239 | LR=2.00e-04 | ETA=9.6h
Step  7130/50000: Loss=1.3553 | BPC=1.9553 | LR=2.00e-04 | ETA=9.5h
Step  7140/50000: Loss=1.2531 | BPC=1.8078 | LR=2.00e-04 | ETA=9.5h
Step  7150/50000: Loss=1.4320 | BPC=2.0660 | LR=2.00e-04 | ETA=9.5h
Step  7160/50000: Loss=1.2566 | BPC=1.8128 | LR=2.00e-04 | ETA=9.5h
Step  7170/50000: Loss=1.3788 | BPC=1.9892 | LR=2.00e-04 | ETA=9.5h
Step  7180/50000: Loss=1.3097 | BPC=1.8895 | LR=2.00e-04 | ETA=9.5h
Step  7190/50000: Loss=1.4321 | BPC=2.0660 | LR=2.00e-04 | ETA=9.5h
Step  7200/50000: Loss=1.5234 | BPC=2.1978 | LR=2.00e-04 | ETA=9.5h
Step  7210/50000: Loss=2.0557 | BPC=2.9658 | LR=2.00e-04 | ETA=9.5h
Step  7220/50000: Loss=1.4933 | BPC=2.1544 | LR=2.00e-04 | ETA=9.5h
Step  7230/50000: Loss=1.4521 | BPC=2.0950 | LR=2.00e-04 | ETA=9.5h
Step  7240/50000: Loss=2.0108 | BPC=2.9010 | LR=2.00e-04 | ETA=9.5h
Step  7250/50000: Loss=1.3113 | BPC=1.8918 | LR=2.00e-04 | ETA=9.5h
Step  7260/50000: Loss=1.2713 | BPC=1.8341 | LR=2.00e-04 | ETA=9.5h
Step  7270/50000: Loss=1.3081 | BPC=1.8872 | LR=2.00e-04 | ETA=9.5h
Step  7280/50000: Loss=1.3791 | BPC=1.9896 | LR=2.00e-04 | ETA=9.5h
Step  7290/50000: Loss=1.3860 | BPC=1.9996 | LR=2.00e-04 | ETA=9.5h
Step  7300/50000: Loss=2.2001 | BPC=3.1740 | LR=2.00e-04 | ETA=9.5h
Step  7310/50000: Loss=1.3867 | BPC=2.0006 | LR=2.00e-04 | ETA=9.5h
Step  7320/50000: Loss=1.2220 | BPC=1.7630 | LR=2.00e-04 | ETA=9.5h
Step  7330/50000: Loss=1.4227 | BPC=2.0525 | LR=2.00e-04 | ETA=9.5h
Step  7340/50000: Loss=1.4399 | BPC=2.0773 | LR=2.00e-04 | ETA=9.5h
Step  7350/50000: Loss=1.4075 | BPC=2.0306 | LR=2.00e-04 | ETA=9.5h
Step  7360/50000: Loss=1.3755 | BPC=1.9845 | LR=2.00e-04 | ETA=9.5h
Step  7370/50000: Loss=1.2852 | BPC=1.8542 | LR=2.00e-04 | ETA=9.5h
Step  7380/50000: Loss=1.3558 | BPC=1.9559 | LR=2.00e-04 | ETA=9.5h
Step  7390/50000: Loss=1.2693 | BPC=1.8313 | LR=2.00e-04 | ETA=9.5h
Step  7400/50000: Loss=1.3046 | BPC=1.8822 | LR=2.00e-04 | ETA=9.5h
Step  7410/50000: Loss=1.4005 | BPC=2.0206 | LR=2.00e-04 | ETA=9.5h
Step  7420/50000: Loss=1.2603 | BPC=1.8182 | LR=2.00e-04 | ETA=9.5h
Step  7430/50000: Loss=1.1893 | BPC=1.7157 | LR=2.00e-04 | ETA=9.5h
Step  7440/50000: Loss=1.4960 | BPC=2.1582 | LR=2.00e-04 | ETA=9.5h
Step  7450/50000: Loss=1.2978 | BPC=1.8723 | LR=2.00e-04 | ETA=9.5h
Step  7460/50000: Loss=1.3191 | BPC=1.9031 | LR=2.00e-04 | ETA=9.5h
Step  7470/50000: Loss=1.3764 | BPC=1.9857 | LR=2.00e-04 | ETA=9.5h
Step  7480/50000: Loss=1.2585 | BPC=1.8157 | LR=2.00e-04 | ETA=9.5h
Step  7490/50000: Loss=1.4265 | BPC=2.0580 | LR=2.00e-04 | ETA=9.5h
Step  7500/50000: Loss=1.3122 | BPC=1.8931 | LR=2.00e-04 | ETA=9.5h
Step  7510/50000: Loss=1.2535 | BPC=1.8084 | LR=2.00e-04 | ETA=9.5h
Step  7520/50000: Loss=1.4893 | BPC=2.1486 | LR=2.00e-04 | ETA=9.5h
Step  7530/50000: Loss=1.1009 | BPC=1.5882 | LR=2.00e-04 | ETA=9.5h
Step  7540/50000: Loss=1.2601 | BPC=1.8179 | LR=2.00e-04 | ETA=9.5h
Step  7550/50000: Loss=1.4612 | BPC=2.1081 | LR=2.00e-04 | ETA=9.5h
Step  7560/50000: Loss=1.3487 | BPC=1.9457 | LR=2.00e-04 | ETA=9.5h
Step  7570/50000: Loss=1.3924 | BPC=2.0089 | LR=2.00e-04 | ETA=9.4h
Step  7580/50000: Loss=1.3387 | BPC=1.9314 | LR=2.00e-04 | ETA=9.4h
Step  7590/50000: Loss=1.3175 | BPC=1.9007 | LR=2.00e-04 | ETA=9.4h
Step  7600/50000: Loss=1.7058 | BPC=2.4610 | LR=2.00e-04 | ETA=9.4h
Step  7610/50000: Loss=1.5253 | BPC=2.2005 | LR=2.00e-04 | ETA=9.4h
Step  7620/50000: Loss=1.3367 | BPC=1.9285 | LR=2.00e-04 | ETA=9.4h
Step  7630/50000: Loss=1.2789 | BPC=1.8450 | LR=2.00e-04 | ETA=9.4h
Step  7640/50000: Loss=1.3050 | BPC=1.8827 | LR=2.00e-04 | ETA=9.4h
Step  7650/50000: Loss=1.3274 | BPC=1.9151 | LR=2.00e-04 | ETA=9.4h
Step  7660/50000: Loss=1.3856 | BPC=1.9991 | LR=2.00e-04 | ETA=9.4h
Step  7670/50000: Loss=1.5112 | BPC=2.1802 | LR=2.00e-04 | ETA=9.4h
Step  7680/50000: Loss=1.4639 | BPC=2.1120 | LR=2.00e-04 | ETA=9.4h
Step  7690/50000: Loss=1.2986 | BPC=1.8735 | LR=2.00e-04 | ETA=9.4h
Step  7700/50000: Loss=1.3329 | BPC=1.9229 | LR=2.00e-04 | ETA=9.4h
Step  7710/50000: Loss=1.8687 | BPC=2.6960 | LR=2.00e-04 | ETA=9.4h
Step  7720/50000: Loss=1.3564 | BPC=1.9569 | LR=2.00e-04 | ETA=9.4h
Step  7730/50000: Loss=1.4272 | BPC=2.0590 | LR=2.00e-04 | ETA=9.4h
Step  7740/50000: Loss=1.5318 | BPC=2.2099 | LR=2.00e-04 | ETA=9.4h
Step  7750/50000: Loss=1.3239 | BPC=1.9099 | LR=2.00e-04 | ETA=9.4h
Step  7760/50000: Loss=1.3466 | BPC=1.9428 | LR=2.00e-04 | ETA=9.4h
Step  7770/50000: Loss=1.5189 | BPC=2.1913 | LR=2.00e-04 | ETA=9.4h
Step  7780/50000: Loss=1.2843 | BPC=1.8529 | LR=2.00e-04 | ETA=9.4h
Step  7790/50000: Loss=1.2775 | BPC=1.8431 | LR=2.00e-04 | ETA=9.4h
Step  7800/50000: Loss=1.3687 | BPC=1.9746 | LR=2.00e-04 | ETA=9.4h
Step  7810/50000: Loss=1.4244 | BPC=2.0550 | LR=2.00e-04 | ETA=9.4h
Step  7820/50000: Loss=1.7094 | BPC=2.4661 | LR=2.00e-04 | ETA=9.4h
Step  7830/50000: Loss=1.3838 | BPC=1.9964 | LR=2.00e-04 | ETA=9.4h
Step  7840/50000: Loss=1.0284 | BPC=1.4836 | LR=2.00e-04 | ETA=9.4h
Step  7850/50000: Loss=1.4273 | BPC=2.0592 | LR=2.00e-04 | ETA=9.4h
Step  7860/50000: Loss=1.2939 | BPC=1.8667 | LR=2.00e-04 | ETA=9.4h
Step  7870/50000: Loss=1.3784 | BPC=1.9886 | LR=2.00e-04 | ETA=9.4h
Step  7880/50000: Loss=1.3468 | BPC=1.9431 | LR=2.00e-04 | ETA=9.4h
Step  7890/50000: Loss=1.4038 | BPC=2.0252 | LR=2.00e-04 | ETA=9.4h
Step  7900/50000: Loss=1.4557 | BPC=2.1001 | LR=2.00e-04 | ETA=9.4h
Step  7910/50000: Loss=1.5653 | BPC=2.2582 | LR=2.00e-04 | ETA=9.4h
Step  7920/50000: Loss=1.3149 | BPC=1.8970 | LR=2.00e-04 | ETA=9.4h
Step  7930/50000: Loss=1.2461 | BPC=1.7977 | LR=2.00e-04 | ETA=9.4h
Step  7940/50000: Loss=1.3074 | BPC=1.8861 | LR=2.00e-04 | ETA=9.4h
Step  7950/50000: Loss=1.2818 | BPC=1.8493 | LR=2.00e-04 | ETA=9.4h
Step  7960/50000: Loss=1.2772 | BPC=1.8426 | LR=2.00e-04 | ETA=9.4h
Step  7970/50000: Loss=1.3764 | BPC=1.9858 | LR=2.00e-04 | ETA=9.4h
Step  7980/50000: Loss=1.6258 | BPC=2.3455 | LR=2.00e-04 | ETA=9.4h
Step  7990/50000: Loss=1.2828 | BPC=1.8508 | LR=2.00e-04 | ETA=9.4h
Step  8000/50000: Loss=1.3111 | BPC=1.8915 | LR=2.00e-04 | ETA=9.4h

-- VALIDATION (Step 8000) --
   Val Loss: 1.3213 | Val BPC: 1.9062
   ✅ Saved best_model_scaled.pth (BPC: 1.9062)
   💾 Saved checkpoint_step_8000.pth

Step  8010/50000: Loss=1.4577 | BPC=2.1030 | LR=2.00e-04 | ETA=9.4h
Step  8020/50000: Loss=1.6383 | BPC=2.3635 | LR=2.00e-04 | ETA=9.4h
Step  8030/50000: Loss=1.3999 | BPC=2.0196 | LR=2.00e-04 | ETA=9.4h
Step  8040/50000: Loss=1.3456 | BPC=1.9413 | LR=2.00e-04 | ETA=9.4h
Step  8050/50000: Loss=1.4003 | BPC=2.0202 | LR=2.00e-04 | ETA=9.4h
Step  8060/50000: Loss=1.4758 | BPC=2.1291 | LR=2.00e-04 | ETA=9.4h
Step  8070/50000: Loss=1.3981 | BPC=2.0171 | LR=2.00e-04 | ETA=9.4h
Step  8080/50000: Loss=1.3874 | BPC=2.0016 | LR=2.00e-04 | ETA=9.4h
Step  8090/50000: Loss=1.4405 | BPC=2.0782 | LR=2.00e-04 | ETA=9.3h
Step  8100/50000: Loss=1.3364 | BPC=1.9280 | LR=2.00e-04 | ETA=9.3h
Step  8110/50000: Loss=1.5860 | BPC=2.2881 | LR=2.00e-04 | ETA=9.3h
Step  8120/50000: Loss=1.2456 | BPC=1.7970 | LR=2.00e-04 | ETA=9.3h
Step  8130/50000: Loss=1.4164 | BPC=2.0435 | LR=2.00e-04 | ETA=9.3h
Step  8140/50000: Loss=1.3809 | BPC=1.9922 | LR=2.00e-04 | ETA=9.3h
Step  8150/50000: Loss=1.5012 | BPC=2.1657 | LR=2.00e-04 | ETA=9.3h
Step  8160/50000: Loss=1.2645 | BPC=1.8243 | LR=2.00e-04 | ETA=9.3h
Step  8170/50000: Loss=1.3295 | BPC=1.9181 | LR=2.00e-04 | ETA=9.3h
Step  8180/50000: Loss=1.3181 | BPC=1.9016 | LR=2.00e-04 | ETA=9.3h
Step  8190/50000: Loss=1.2560 | BPC=1.8121 | LR=2.00e-04 | ETA=9.3h
Step  8200/50000: Loss=1.3979 | BPC=2.0168 | LR=2.00e-04 | ETA=9.3h
Step  8210/50000: Loss=1.3579 | BPC=1.9591 | LR=2.00e-04 | ETA=9.3h
Step  8220/50000: Loss=1.2959 | BPC=1.8695 | LR=2.00e-04 | ETA=9.3h
Step  8230/50000: Loss=1.2732 | BPC=1.8369 | LR=2.00e-04 | ETA=9.3h
Step  8240/50000: Loss=1.2760 | BPC=1.8409 | LR=2.00e-04 | ETA=9.3h
Step  8250/50000: Loss=1.7934 | BPC=2.5873 | LR=2.00e-04 | ETA=9.3h
Step  8260/50000: Loss=1.2607 | BPC=1.8188 | LR=2.00e-04 | ETA=9.3h
Step  8270/50000: Loss=1.3047 | BPC=1.8822 | LR=2.00e-04 | ETA=9.3h
Step  8280/50000: Loss=1.3208 | BPC=1.9055 | LR=2.00e-04 | ETA=9.3h
Step  8290/50000: Loss=1.2587 | BPC=1.8159 | LR=2.00e-04 | ETA=9.3h
Step  8300/50000: Loss=1.3785 | BPC=1.9888 | LR=2.00e-04 | ETA=9.3h
Step  8310/50000: Loss=1.4687 | BPC=2.1189 | LR=2.00e-04 | ETA=9.3h
Step  8320/50000: Loss=1.3691 | BPC=1.9752 | LR=2.00e-04 | ETA=9.3h
Step  8330/50000: Loss=1.2745 | BPC=1.8387 | LR=2.00e-04 | ETA=9.3h
Step  8340/50000: Loss=1.5714 | BPC=2.2670 | LR=2.00e-04 | ETA=9.3h
Step  8350/50000: Loss=1.1802 | BPC=1.7027 | LR=2.00e-04 | ETA=9.3h
Step  8360/50000: Loss=1.5909 | BPC=2.2951 | LR=2.00e-04 | ETA=9.3h
Step  8370/50000: Loss=1.4434 | BPC=2.0824 | LR=2.00e-04 | ETA=9.3h
Step  8380/50000: Loss=1.4283 | BPC=2.0605 | LR=2.00e-04 | ETA=9.3h
Step  8390/50000: Loss=1.3475 | BPC=1.9441 | LR=2.00e-04 | ETA=9.3h
Step  8400/50000: Loss=1.3597 | BPC=1.9616 | LR=2.00e-04 | ETA=9.3h
Step  8410/50000: Loss=1.2843 | BPC=1.8528 | LR=2.00e-04 | ETA=9.3h
Step  8420/50000: Loss=1.4421 | BPC=2.0805 | LR=2.00e-04 | ETA=9.3h
Step  8430/50000: Loss=1.3076 | BPC=1.8865 | LR=2.00e-04 | ETA=9.3h
Step  8440/50000: Loss=1.2291 | BPC=1.7732 | LR=2.00e-04 | ETA=9.3h
Step  8450/50000: Loss=1.2154 | BPC=1.7535 | LR=2.00e-04 | ETA=9.3h
Step  8460/50000: Loss=1.2671 | BPC=1.8281 | LR=2.00e-04 | ETA=9.3h
Step  8470/50000: Loss=1.5425 | BPC=2.2254 | LR=2.00e-04 | ETA=9.3h
Step  8480/50000: Loss=1.4226 | BPC=2.0523 | LR=2.00e-04 | ETA=9.3h
Step  8490/50000: Loss=1.2494 | BPC=1.8025 | LR=2.00e-04 | ETA=9.3h
Step  8500/50000: Loss=1.3972 | BPC=2.0158 | LR=2.00e-04 | ETA=9.3h
Step  8510/50000: Loss=1.3578 | BPC=1.9588 | LR=2.00e-04 | ETA=9.3h
Step  8520/50000: Loss=1.5375 | BPC=2.2181 | LR=2.00e-04 | ETA=9.2h
Step  8530/50000: Loss=1.3564 | BPC=1.9569 | LR=2.00e-04 | ETA=9.2h
Step  8540/50000: Loss=1.1858 | BPC=1.7108 | LR=2.00e-04 | ETA=9.2h
Step  8550/50000: Loss=1.6049 | BPC=2.3154 | LR=2.00e-04 | ETA=9.2h
Step  8560/50000: Loss=1.2734 | BPC=1.8371 | LR=2.00e-04 | ETA=9.2h
Step  8570/50000: Loss=1.2867 | BPC=1.8563 | LR=2.00e-04 | ETA=9.2h
Step  8580/50000: Loss=1.3342 | BPC=1.9248 | LR=2.00e-04 | ETA=9.2h
Step  8590/50000: Loss=1.7044 | BPC=2.4589 | LR=2.00e-04 | ETA=9.2h
Step  8600/50000: Loss=1.2122 | BPC=1.7489 | LR=2.00e-04 | ETA=9.2h
Step  8610/50000: Loss=1.4233 | BPC=2.0534 | LR=2.00e-04 | ETA=9.2h
Step  8620/50000: Loss=1.3972 | BPC=2.0157 | LR=2.00e-04 | ETA=9.2h
Step  8630/50000: Loss=1.5104 | BPC=2.1791 | LR=2.00e-04 | ETA=9.2h
Step  8640/50000: Loss=1.2732 | BPC=1.8368 | LR=2.00e-04 | ETA=9.2h
Step  8650/50000: Loss=1.3328 | BPC=1.9228 | LR=2.00e-04 | ETA=9.2h
Step  8660/50000: Loss=1.2025 | BPC=1.7348 | LR=2.00e-04 | ETA=9.2h
Step  8670/50000: Loss=1.4431 | BPC=2.0819 | LR=2.00e-04 | ETA=9.2h
Step  8680/50000: Loss=1.3755 | BPC=1.9844 | LR=2.00e-04 | ETA=9.2h
Step  8690/50000: Loss=1.2866 | BPC=1.8562 | LR=2.00e-04 | ETA=9.2h
Step  8700/50000: Loss=1.2735 | BPC=1.8373 | LR=2.00e-04 | ETA=9.2h
Step  8710/50000: Loss=1.0666 | BPC=1.5387 | LR=2.00e-04 | ETA=9.2h
Step  8720/50000: Loss=1.5518 | BPC=2.2387 | LR=2.00e-04 | ETA=9.2h
Step  8730/50000: Loss=1.2277 | BPC=1.7712 | LR=2.00e-04 | ETA=9.2h
Step  8740/50000: Loss=1.2186 | BPC=1.7581 | LR=2.00e-04 | ETA=9.2h
Step  8750/50000: Loss=1.3381 | BPC=1.9305 | LR=2.00e-04 | ETA=9.2h
Step  8760/50000: Loss=1.5012 | BPC=2.1658 | LR=2.00e-04 | ETA=9.2h
Step  8770/50000: Loss=1.4515 | BPC=2.0941 | LR=2.00e-04 | ETA=9.2h
Step  8780/50000: Loss=1.3643 | BPC=1.9683 | LR=2.00e-04 | ETA=9.2h
Step  8790/50000: Loss=1.4270 | BPC=2.0588 | LR=2.00e-04 | ETA=9.2h
Step  8800/50000: Loss=1.6574 | BPC=2.3911 | LR=2.00e-04 | ETA=9.2h
Step  8810/50000: Loss=1.2161 | BPC=1.7544 | LR=2.00e-04 | ETA=9.2h
Step  8820/50000: Loss=1.4667 | BPC=2.1159 | LR=2.00e-04 | ETA=9.2h
Step  8830/50000: Loss=1.3367 | BPC=1.9285 | LR=2.00e-04 | ETA=9.2h
Step  8840/50000: Loss=1.8771 | BPC=2.7081 | LR=2.00e-04 | ETA=9.2h
Step  8850/50000: Loss=1.2661 | BPC=1.8266 | LR=2.00e-04 | ETA=9.2h
Step  8860/50000: Loss=1.4061 | BPC=2.0286 | LR=2.00e-04 | ETA=9.2h
Step  8870/50000: Loss=1.5394 | BPC=2.2209 | LR=2.00e-04 | ETA=9.2h
Step  8880/50000: Loss=1.5115 | BPC=2.1806 | LR=2.00e-04 | ETA=9.2h
Step  8890/50000: Loss=1.6426 | BPC=2.3698 | LR=2.00e-04 | ETA=9.2h
Step  8900/50000: Loss=1.2257 | BPC=1.7683 | LR=2.00e-04 | ETA=9.2h
Step  8910/50000: Loss=1.4622 | BPC=2.1095 | LR=2.00e-04 | ETA=9.2h
Step  8920/50000: Loss=1.2352 | BPC=1.7820 | LR=2.00e-04 | ETA=9.2h
Step  8930/50000: Loss=1.3303 | BPC=1.9192 | LR=2.00e-04 | ETA=9.2h
Step  8940/50000: Loss=1.3225 | BPC=1.9079 | LR=2.00e-04 | ETA=9.2h
Step  8950/50000: Loss=1.6261 | BPC=2.3460 | LR=2.00e-04 | ETA=9.2h
Step  8960/50000: Loss=1.2528 | BPC=1.8074 | LR=2.00e-04 | ETA=9.2h
Step  8970/50000: Loss=1.2216 | BPC=1.7624 | LR=2.00e-04 | ETA=9.1h
Step  8980/50000: Loss=1.3719 | BPC=1.9793 | LR=2.00e-04 | ETA=9.1h
Step  8990/50000: Loss=1.3573 | BPC=1.9582 | LR=2.00e-04 | ETA=9.1h
Step  9000/50000: Loss=1.4463 | BPC=2.0866 | LR=2.00e-04 | ETA=9.1h
Step  9010/50000: Loss=1.3512 | BPC=1.9493 | LR=2.00e-04 | ETA=9.1h
Step  9020/50000: Loss=1.2264 | BPC=1.7694 | LR=2.00e-04 | ETA=9.1h
Step  9030/50000: Loss=1.5218 | BPC=2.1955 | LR=2.00e-04 | ETA=9.1h
Step  9040/50000: Loss=1.2677 | BPC=1.8290 | LR=2.00e-04 | ETA=9.1h
Step  9050/50000: Loss=1.3010 | BPC=1.8769 | LR=2.00e-04 | ETA=9.1h
Step  9060/50000: Loss=1.4186 | BPC=2.0466 | LR=2.00e-04 | ETA=9.1h
Step  9070/50000: Loss=1.4181 | BPC=2.0459 | LR=2.00e-04 | ETA=9.1h
Step  9080/50000: Loss=1.4701 | BPC=2.1209 | LR=2.00e-04 | ETA=9.1h
Step  9090/50000: Loss=1.4233 | BPC=2.0535 | LR=2.00e-04 | ETA=9.1h
Step  9100/50000: Loss=1.3306 | BPC=1.9197 | LR=2.00e-04 | ETA=9.1h
Step  9110/50000: Loss=1.2269 | BPC=1.7701 | LR=2.00e-04 | ETA=9.1h
Step  9120/50000: Loss=1.4575 | BPC=2.1028 | LR=2.00e-04 | ETA=9.1h
Step  9130/50000: Loss=1.2196 | BPC=1.7595 | LR=2.00e-04 | ETA=9.1h
Step  9140/50000: Loss=1.3023 | BPC=1.8788 | LR=2.00e-04 | ETA=9.1h
Step  9150/50000: Loss=1.3614 | BPC=1.9640 | LR=2.00e-04 | ETA=9.1h
Step  9160/50000: Loss=1.3865 | BPC=2.0002 | LR=2.00e-04 | ETA=9.1h
Step  9170/50000: Loss=1.4605 | BPC=2.1071 | LR=2.00e-04 | ETA=9.1h
Step  9180/50000: Loss=1.2977 | BPC=1.8721 | LR=2.00e-04 | ETA=9.1h
Step  9190/50000: Loss=1.4033 | BPC=2.0245 | LR=2.00e-04 | ETA=9.1h
Step  9200/50000: Loss=1.5140 | BPC=2.1842 | LR=2.00e-04 | ETA=9.1h
Step  9210/50000: Loss=1.2045 | BPC=1.7377 | LR=2.00e-04 | ETA=9.1h
Step  9220/50000: Loss=1.2947 | BPC=1.8678 | LR=2.00e-04 | ETA=9.1h
Step  9230/50000: Loss=1.4041 | BPC=2.0257 | LR=2.00e-04 | ETA=9.1h
Step  9240/50000: Loss=1.2698 | BPC=1.8319 | LR=2.00e-04 | ETA=9.1h
Step  9250/50000: Loss=1.4318 | BPC=2.0656 | LR=2.00e-04 | ETA=9.1h
Step  9260/50000: Loss=1.3106 | BPC=1.8908 | LR=2.00e-04 | ETA=9.1h
Step  9270/50000: Loss=1.3371 | BPC=1.9291 | LR=2.00e-04 | ETA=9.1h
Step  9280/50000: Loss=1.2707 | BPC=1.8332 | LR=2.00e-04 | ETA=9.1h
Step  9290/50000: Loss=1.2690 | BPC=1.8307 | LR=2.00e-04 | ETA=9.1h
Step  9300/50000: Loss=1.1349 | BPC=1.6373 | LR=2.00e-04 | ETA=9.1h
Step  9310/50000: Loss=1.1360 | BPC=1.6389 | LR=2.00e-04 | ETA=9.1h
Step  9320/50000: Loss=1.3645 | BPC=1.9685 | LR=2.00e-04 | ETA=9.1h
Step  9330/50000: Loss=1.6805 | BPC=2.4244 | LR=2.00e-04 | ETA=9.1h
Step  9340/50000: Loss=1.7626 | BPC=2.5429 | LR=2.00e-04 | ETA=9.1h
Step  9350/50000: Loss=1.2665 | BPC=1.8272 | LR=2.00e-04 | ETA=9.1h
Step  9360/50000: Loss=1.3285 | BPC=1.9166 | LR=2.00e-04 | ETA=9.1h
Step  9370/50000: Loss=1.5851 | BPC=2.2867 | LR=2.00e-04 | ETA=9.1h
Step  9380/50000: Loss=1.8773 | BPC=2.7084 | LR=2.00e-04 | ETA=9.1h
Step  9390/50000: Loss=1.5615 | BPC=2.2528 | LR=2.00e-04 | ETA=9.1h
Step  9400/50000: Loss=1.2653 | BPC=1.8254 | LR=2.00e-04 | ETA=9.1h
Step  9410/50000: Loss=1.2771 | BPC=1.8425 | LR=2.00e-04 | ETA=9.1h
Step  9420/50000: Loss=1.1412 | BPC=1.6464 | LR=2.00e-04 | ETA=9.1h
Step  9430/50000: Loss=1.2228 | BPC=1.7642 | LR=2.00e-04 | ETA=9.1h
Step  9440/50000: Loss=1.6360 | BPC=2.3603 | LR=2.00e-04 | ETA=9.0h
Step  9450/50000: Loss=1.5300 | BPC=2.2073 | LR=2.00e-04 | ETA=9.0h
Step  9460/50000: Loss=1.2249 | BPC=1.7672 | LR=2.00e-04 | ETA=9.0h
Step  9470/50000: Loss=2.0752 | BPC=2.9938 | LR=2.00e-04 | ETA=9.0h
Step  9480/50000: Loss=1.2806 | BPC=1.8476 | LR=2.00e-04 | ETA=9.0h
Step  9490/50000: Loss=1.4619 | BPC=2.1090 | LR=2.00e-04 | ETA=9.0h
Step  9500/50000: Loss=1.3002 | BPC=1.8758 | LR=2.00e-04 | ETA=9.0h
Step  9510/50000: Loss=1.2467 | BPC=1.7987 | LR=2.00e-04 | ETA=9.0h
Step  9520/50000: Loss=1.2439 | BPC=1.7946 | LR=2.00e-04 | ETA=9.0h
Step  9530/50000: Loss=1.5003 | BPC=2.1644 | LR=2.00e-04 | ETA=9.0h
Step  9540/50000: Loss=1.5446 | BPC=2.2283 | LR=2.00e-04 | ETA=9.0h
Step  9550/50000: Loss=1.3869 | BPC=2.0009 | LR=2.00e-04 | ETA=9.0h
Step  9560/50000: Loss=1.4299 | BPC=2.0629 | LR=2.00e-04 | ETA=9.0h
Step  9570/50000: Loss=1.3543 | BPC=1.9538 | LR=2.00e-04 | ETA=9.0h
Step  9580/50000: Loss=1.2576 | BPC=1.8144 | LR=2.00e-04 | ETA=9.0h
Step  9590/50000: Loss=1.5048 | BPC=2.1710 | LR=2.00e-04 | ETA=9.0h
Step  9600/50000: Loss=1.2194 | BPC=1.7593 | LR=2.00e-04 | ETA=9.0h
Step  9610/50000: Loss=1.6506 | BPC=2.3813 | LR=2.00e-04 | ETA=9.0h
Step  9620/50000: Loss=1.1495 | BPC=1.6584 | LR=2.00e-04 | ETA=9.0h
Step  9630/50000: Loss=1.2858 | BPC=1.8550 | LR=2.00e-04 | ETA=9.0h
Step  9640/50000: Loss=1.4885 | BPC=2.1474 | LR=2.00e-04 | ETA=9.0h
Step  9650/50000: Loss=1.5522 | BPC=2.2393 | LR=2.00e-04 | ETA=9.0h
Step  9660/50000: Loss=1.3996 | BPC=2.0191 | LR=2.00e-04 | ETA=9.0h
Step  9670/50000: Loss=1.2128 | BPC=1.7498 | LR=2.00e-04 | ETA=9.0h
Step  9680/50000: Loss=1.3947 | BPC=2.0122 | LR=2.00e-04 | ETA=9.0h
Step  9690/50000: Loss=1.2650 | BPC=1.8249 | LR=2.00e-04 | ETA=9.0h
Step  9700/50000: Loss=1.3546 | BPC=1.9543 | LR=2.00e-04 | ETA=9.0h
Step  9710/50000: Loss=1.3521 | BPC=1.9507 | LR=2.00e-04 | ETA=9.0h
Step  9720/50000: Loss=1.2454 | BPC=1.7967 | LR=2.00e-04 | ETA=9.0h
Step  9730/50000: Loss=1.2025 | BPC=1.7348 | LR=2.00e-04 | ETA=9.0h
Step  9740/50000: Loss=1.4500 | BPC=2.0920 | LR=2.00e-04 | ETA=9.0h
Step  9750/50000: Loss=1.3490 | BPC=1.9462 | LR=2.00e-04 | ETA=9.0h
Step  9760/50000: Loss=1.3440 | BPC=1.9389 | LR=2.00e-04 | ETA=9.0h
Step  9770/50000: Loss=1.2741 | BPC=1.8381 | LR=2.00e-04 | ETA=9.0h
Step  9780/50000: Loss=1.3460 | BPC=1.9418 | LR=2.00e-04 | ETA=9.0h
Step  9790/50000: Loss=1.6138 | BPC=2.3283 | LR=2.00e-04 | ETA=9.0h
Step  9800/50000: Loss=1.2524 | BPC=1.8068 | LR=2.00e-04 | ETA=9.0h
Step  9810/50000: Loss=1.1524 | BPC=1.6625 | LR=2.00e-04 | ETA=9.0h
Step  9820/50000: Loss=1.3657 | BPC=1.9703 | LR=2.00e-04 | ETA=9.0h
Step  9830/50000: Loss=1.3876 | BPC=2.0019 | LR=2.00e-04 | ETA=9.0h
Step  9840/50000: Loss=1.4222 | BPC=2.0518 | LR=2.00e-04 | ETA=9.0h
Step  9850/50000: Loss=1.2981 | BPC=1.8728 | LR=2.00e-04 | ETA=9.0h
Step  9860/50000: Loss=1.2372 | BPC=1.7849 | LR=2.00e-04 | ETA=8.9h
Step  9870/50000: Loss=1.4139 | BPC=2.0399 | LR=2.00e-04 | ETA=8.9h
Step  9880/50000: Loss=1.2408 | BPC=1.7901 | LR=2.00e-04 | ETA=8.9h
Step  9890/50000: Loss=1.2192 | BPC=1.7589 | LR=2.00e-04 | ETA=8.9h
Step  9900/50000: Loss=1.2171 | BPC=1.7559 | LR=2.00e-04 | ETA=8.9h
Step  9910/50000: Loss=1.3304 | BPC=1.9194 | LR=2.00e-04 | ETA=8.9h
Step  9920/50000: Loss=1.4000 | BPC=2.0198 | LR=2.00e-04 | ETA=8.9h
Step  9930/50000: Loss=1.2151 | BPC=1.7531 | LR=2.00e-04 | ETA=8.9h
Step  9940/50000: Loss=1.7433 | BPC=2.5151 | LR=2.00e-04 | ETA=8.9h
Step  9950/50000: Loss=1.2789 | BPC=1.8451 | LR=2.00e-04 | ETA=8.9h
Step  9960/50000: Loss=1.1700 | BPC=1.6879 | LR=2.00e-04 | ETA=8.9h
Step  9970/50000: Loss=1.3255 | BPC=1.9123 | LR=2.00e-04 | ETA=8.9h
Step  9980/50000: Loss=1.4957 | BPC=2.1579 | LR=2.00e-04 | ETA=8.9h
Step  9990/50000: Loss=1.2587 | BPC=1.8160 | LR=2.00e-04 | ETA=8.9h
Step 10000/50000: Loss=1.3317 | BPC=1.9213 | LR=2.00e-04 | ETA=8.9h

-- VALIDATION (Step 10000) --
   Val Loss: 1.2843 | Val BPC: 1.8528
   ✅ Saved best_model_scaled.pth (BPC: 1.8528)
   💾 Saved checkpoint_step_10000.pth

Step 10010/50000: Loss=1.6241 | BPC=2.3432 | LR=2.00e-04 | ETA=8.9h
Step 10020/50000: Loss=1.3375 | BPC=1.9297 | LR=2.00e-04 | ETA=8.9h
Step 10030/50000: Loss=1.3565 | BPC=1.9570 | LR=2.00e-04 | ETA=8.9h
Step 10040/50000: Loss=1.4656 | BPC=2.1144 | LR=2.00e-04 | ETA=8.9h
Step 10050/50000: Loss=1.2234 | BPC=1.7649 | LR=2.00e-04 | ETA=8.9h
Step 10060/50000: Loss=1.3035 | BPC=1.8805 | LR=2.00e-04 | ETA=8.9h
Step 10070/50000: Loss=1.3304 | BPC=1.9193 | LR=2.00e-04 | ETA=8.9h
Step 10080/50000: Loss=1.2885 | BPC=1.8589 | LR=2.00e-04 | ETA=8.9h
Step 10090/50000: Loss=1.0145 | BPC=1.4637 | LR=2.00e-04 | ETA=8.9h
Step 10100/50000: Loss=1.1563 | BPC=1.6682 | LR=2.00e-04 | ETA=8.9h
Step 10110/50000: Loss=1.3244 | BPC=1.9107 | LR=2.00e-04 | ETA=8.9h
Step 10120/50000: Loss=1.2710 | BPC=1.8337 | LR=2.00e-04 | ETA=8.9h
Step 10130/50000: Loss=1.5959 | BPC=2.3023 | LR=2.00e-04 | ETA=8.9h
Step 10140/50000: Loss=1.4367 | BPC=2.0727 | LR=2.00e-04 | ETA=8.9h
Step 10150/50000: Loss=1.3409 | BPC=1.9346 | LR=2.00e-04 | ETA=8.9h
Step 10160/50000: Loss=1.4028 | BPC=2.0238 | LR=2.00e-04 | ETA=8.9h
Step 10170/50000: Loss=1.9118 | BPC=2.7581 | LR=2.00e-04 | ETA=8.9h
Step 10180/50000: Loss=1.3727 | BPC=1.9804 | LR=2.00e-04 | ETA=8.9h
Step 10190/50000: Loss=1.2993 | BPC=1.8744 | LR=2.00e-04 | ETA=8.9h
Step 10200/50000: Loss=1.0561 | BPC=1.5236 | LR=2.00e-04 | ETA=8.9h
Step 10210/50000: Loss=1.2632 | BPC=1.8225 | LR=2.00e-04 | ETA=8.9h
Step 10220/50000: Loss=1.2021 | BPC=1.7343 | LR=2.00e-04 | ETA=8.9h
Step 10230/50000: Loss=1.3329 | BPC=1.9229 | LR=2.00e-04 | ETA=8.9h
Step 10240/50000: Loss=1.2349 | BPC=1.7816 | LR=2.00e-04 | ETA=8.9h
Step 10250/50000: Loss=1.2719 | BPC=1.8350 | LR=2.00e-04 | ETA=8.9h
Step 10260/50000: Loss=1.3428 | BPC=1.9373 | LR=2.00e-04 | ETA=8.9h
Step 10270/50000: Loss=1.4291 | BPC=2.0617 | LR=2.00e-04 | ETA=8.9h
Step 10280/50000: Loss=1.2285 | BPC=1.7724 | LR=2.00e-04 | ETA=8.9h
Step 10290/50000: Loss=1.1765 | BPC=1.6974 | LR=2.00e-04 | ETA=8.9h
Step 10300/50000: Loss=1.2538 | BPC=1.8088 | LR=2.00e-04 | ETA=8.9h
Step 10310/50000: Loss=1.2525 | BPC=1.8070 | LR=2.00e-04 | ETA=8.9h
Step 10320/50000: Loss=1.1848 | BPC=1.7093 | LR=2.00e-04 | ETA=8.9h
Step 10330/50000: Loss=1.4329 | BPC=2.0673 | LR=2.00e-04 | ETA=8.9h
Step 10340/50000: Loss=1.1612 | BPC=1.6753 | LR=2.00e-04 | ETA=8.9h
Step 10350/50000: Loss=1.2729 | BPC=1.8364 | LR=2.00e-04 | ETA=8.8h
Step 10360/50000: Loss=1.3097 | BPC=1.8895 | LR=2.00e-04 | ETA=8.8h
Step 10370/50000: Loss=1.4185 | BPC=2.0464 | LR=2.00e-04 | ETA=8.8h
Step 10380/50000: Loss=1.3625 | BPC=1.9656 | LR=2.00e-04 | ETA=8.8h
Step 10390/50000: Loss=1.7158 | BPC=2.4754 | LR=2.00e-04 | ETA=8.8h
Step 10400/50000: Loss=1.2970 | BPC=1.8711 | LR=2.00e-04 | ETA=8.8h
Step 10410/50000: Loss=1.1749 | BPC=1.6950 | LR=2.00e-04 | ETA=8.8h
Step 10420/50000: Loss=1.2409 | BPC=1.7902 | LR=2.00e-04 | ETA=8.8h
Step 10430/50000: Loss=1.3205 | BPC=1.9051 | LR=2.00e-04 | ETA=8.8h
Step 10440/50000: Loss=1.6967 | BPC=2.4478 | LR=2.00e-04 | ETA=8.8h
Step 10450/50000: Loss=1.5033 | BPC=2.1688 | LR=2.00e-04 | ETA=8.8h
Step 10460/50000: Loss=1.2991 | BPC=1.8742 | LR=2.00e-04 | ETA=8.8h
Step 10470/50000: Loss=1.3967 | BPC=2.0151 | LR=2.00e-04 | ETA=8.8h
Step 10480/50000: Loss=1.1545 | BPC=1.6656 | LR=2.00e-04 | ETA=8.8h
Step 10490/50000: Loss=1.0258 | BPC=1.4799 | LR=2.00e-04 | ETA=8.8h
Step 10500/50000: Loss=1.4066 | BPC=2.0292 | LR=2.00e-04 | ETA=8.8h
Step 10510/50000: Loss=1.2960 | BPC=1.8698 | LR=2.00e-04 | ETA=8.8h
Step 10520/50000: Loss=1.3609 | BPC=1.9633 | LR=2.00e-04 | ETA=8.8h
Step 10530/50000: Loss=1.4938 | BPC=2.1551 | LR=2.00e-04 | ETA=8.8h
Step 10540/50000: Loss=1.3362 | BPC=1.9277 | LR=2.00e-04 | ETA=8.8h
Step 10550/50000: Loss=1.5565 | BPC=2.2456 | LR=2.00e-04 | ETA=8.8h
Step 10560/50000: Loss=1.3549 | BPC=1.9547 | LR=2.00e-04 | ETA=8.8h
Step 10570/50000: Loss=1.2768 | BPC=1.8420 | LR=2.00e-04 | ETA=8.8h
Step 10580/50000: Loss=1.6229 | BPC=2.3414 | LR=2.00e-04 | ETA=8.8h
Step 10590/50000: Loss=1.1649 | BPC=1.6805 | LR=2.00e-04 | ETA=8.8h
Step 10600/50000: Loss=1.4064 | BPC=2.0291 | LR=2.00e-04 | ETA=8.8h
Step 10610/50000: Loss=1.3171 | BPC=1.9001 | LR=2.00e-04 | ETA=8.8h
Step 10620/50000: Loss=1.4087 | BPC=2.0323 | LR=2.00e-04 | ETA=8.8h
Step 10630/50000: Loss=1.5709 | BPC=2.2664 | LR=2.00e-04 | ETA=8.8h
Step 10640/50000: Loss=1.2186 | BPC=1.7581 | LR=2.00e-04 | ETA=8.8h
Step 10650/50000: Loss=1.8134 | BPC=2.6162 | LR=2.00e-04 | ETA=8.8h
Step 10660/50000: Loss=1.2439 | BPC=1.7946 | LR=2.00e-04 | ETA=8.8h
Step 10670/50000: Loss=1.3278 | BPC=1.9157 | LR=2.00e-04 | ETA=8.8h
Step 10680/50000: Loss=1.1416 | BPC=1.6470 | LR=2.00e-04 | ETA=8.8h
Step 10690/50000: Loss=1.2126 | BPC=1.7494 | LR=2.00e-04 | ETA=8.8h
Step 10700/50000: Loss=1.1357 | BPC=1.6385 | LR=2.00e-04 | ETA=8.8h
Step 10710/50000: Loss=1.3180 | BPC=1.9014 | LR=2.00e-04 | ETA=8.8h
Step 10720/50000: Loss=1.4843 | BPC=2.1414 | LR=2.00e-04 | ETA=8.8h
Step 10730/50000: Loss=1.3997 | BPC=2.0193 | LR=2.00e-04 | ETA=8.8h
Step 10740/50000: Loss=1.1149 | BPC=1.6084 | LR=2.00e-04 | ETA=8.8h
Step 10750/50000: Loss=1.4200 | BPC=2.0486 | LR=2.00e-04 | ETA=8.8h
Step 10760/50000: Loss=1.4983 | BPC=2.1615 | LR=2.00e-04 | ETA=8.8h
Step 10770/50000: Loss=1.2295 | BPC=1.7738 | LR=2.00e-04 | ETA=8.8h
Step 10780/50000: Loss=1.2787 | BPC=1.8447 | LR=2.00e-04 | ETA=8.8h
Step 10790/50000: Loss=1.2654 | BPC=1.8256 | LR=2.00e-04 | ETA=8.8h
Step 10800/50000: Loss=1.5039 | BPC=2.1696 | LR=2.00e-04 | ETA=8.7h
Step 10810/50000: Loss=1.4862 | BPC=2.1442 | LR=2.00e-04 | ETA=8.7h
Step 10820/50000: Loss=1.1742 | BPC=1.6940 | LR=2.00e-04 | ETA=8.7h
Step 10830/50000: Loss=1.4429 | BPC=2.0817 | LR=2.00e-04 | ETA=8.7h
