nohup: ignoring input
============================================================
AGIFORMER PHASE 8: Scaling & Emergence (100M)
============================================================

🚀 Initializing Scaled Model...
   Architecture: 12 layers × 768 dim
   Parameters: 159.2M
   Device: cuda

📚 Loading Turkish Wikipedia Data...

⚙️  Training Configuration:
   Batch Size: 2 (effective: 8)
   Max Steps: 50,000
   Target Duration: ~5-7 days on T4

▶️  Starting Training...

Step     0/50000: Loss=5.5535 | BPC=8.0120 | LR=4.00e-07 | ETA=351.0h
Step    10/50000: Loss=5.5240 | BPC=7.9695 | LR=4.40e-06 | ETA=42.5h
Step    20/50000: Loss=5.4448 | BPC=7.8551 | LR=8.40e-06 | ETA=27.8h
Step    30/50000: Loss=5.3278 | BPC=7.6864 | LR=1.24e-05 | ETA=22.6h
Step    40/50000: Loss=5.1737 | BPC=7.4641 | LR=1.64e-05 | ETA=20.0h
Step    50/50000: Loss=4.8692 | BPC=7.0247 | LR=2.04e-05 | ETA=18.4h
Step    60/50000: Loss=4.4880 | BPC=6.4748 | LR=2.44e-05 | ETA=17.4h
Step    70/50000: Loss=3.9916 | BPC=5.7587 | LR=2.84e-05 | ETA=16.6h
Step    80/50000: Loss=3.7674 | BPC=5.4352 | LR=3.24e-05 | ETA=16.0h
Step    90/50000: Loss=3.4810 | BPC=5.0221 | LR=3.64e-05 | ETA=15.5h
Step   100/50000: Loss=3.5082 | BPC=5.0612 | LR=4.04e-05 | ETA=15.2h
Step   110/50000: Loss=3.1713 | BPC=4.5752 | LR=4.44e-05 | ETA=14.9h
Step   120/50000: Loss=3.1358 | BPC=4.5241 | LR=4.84e-05 | ETA=14.6h
Step   130/50000: Loss=2.6382 | BPC=3.8061 | LR=5.24e-05 | ETA=14.5h
Step   140/50000: Loss=2.4642 | BPC=3.5551 | LR=5.64e-05 | ETA=14.3h
Step   150/50000: Loss=2.6070 | BPC=3.7611 | LR=6.04e-05 | ETA=14.1h
Step   160/50000: Loss=2.4492 | BPC=3.5334 | LR=6.44e-05 | ETA=14.0h
Step   170/50000: Loss=2.4062 | BPC=3.4714 | LR=6.84e-05 | ETA=13.8h
Step   180/50000: Loss=2.3152 | BPC=3.3401 | LR=7.24e-05 | ETA=13.7h
Step   190/50000: Loss=2.0894 | BPC=3.0143 | LR=7.64e-05 | ETA=13.6h
Step   200/50000: Loss=2.3079 | BPC=3.3295 | LR=8.04e-05 | ETA=13.6h
Step   210/50000: Loss=2.0582 | BPC=2.9693 | LR=8.44e-05 | ETA=13.5h
Step   220/50000: Loss=2.4115 | BPC=3.4790 | LR=8.84e-05 | ETA=13.4h
Step   230/50000: Loss=2.0052 | BPC=2.8929 | LR=9.24e-05 | ETA=13.4h
Step   240/50000: Loss=2.2286 | BPC=3.2152 | LR=9.64e-05 | ETA=13.3h
Step   250/50000: Loss=2.0451 | BPC=2.9504 | LR=1.00e-04 | ETA=13.2h
Step   260/50000: Loss=2.4158 | BPC=3.4852 | LR=1.04e-04 | ETA=13.2h
Step   270/50000: Loss=1.9112 | BPC=2.7572 | LR=1.08e-04 | ETA=13.1h
Step   280/50000: Loss=2.2156 | BPC=3.1965 | LR=1.12e-04 | ETA=13.1h
Step   290/50000: Loss=2.0459 | BPC=2.9516 | LR=1.16e-04 | ETA=13.1h
Step   300/50000: Loss=2.0640 | BPC=2.9777 | LR=1.20e-04 | ETA=13.0h
Step   310/50000: Loss=1.9346 | BPC=2.7911 | LR=1.24e-04 | ETA=13.0h
Step   320/50000: Loss=2.1611 | BPC=3.1178 | LR=1.28e-04 | ETA=13.0h
Step   330/50000: Loss=2.0292 | BPC=2.9275 | LR=1.32e-04 | ETA=12.9h
Step   340/50000: Loss=1.9390 | BPC=2.7973 | LR=1.36e-04 | ETA=12.9h
Step   350/50000: Loss=1.9197 | BPC=2.7695 | LR=1.40e-04 | ETA=12.9h
Step   360/50000: Loss=1.9583 | BPC=2.8252 | LR=1.44e-04 | ETA=12.9h
Step   370/50000: Loss=2.0786 | BPC=2.9987 | LR=1.48e-04 | ETA=12.9h
Step   380/50000: Loss=1.9877 | BPC=2.8676 | LR=1.52e-04 | ETA=12.8h
Step   390/50000: Loss=2.0830 | BPC=3.0051 | LR=1.56e-04 | ETA=12.8h
Step   400/50000: Loss=2.0411 | BPC=2.9447 | LR=1.60e-04 | ETA=12.8h
Step   410/50000: Loss=1.8888 | BPC=2.7250 | LR=1.64e-04 | ETA=12.8h
Step   420/50000: Loss=1.8673 | BPC=2.6940 | LR=1.68e-04 | ETA=12.8h
Step   430/50000: Loss=1.9225 | BPC=2.7736 | LR=1.72e-04 | ETA=12.8h
Step   440/50000: Loss=2.0141 | BPC=2.9058 | LR=1.76e-04 | ETA=12.7h
Step   450/50000: Loss=1.8982 | BPC=2.7385 | LR=1.80e-04 | ETA=12.7h
Step   460/50000: Loss=1.8401 | BPC=2.6546 | LR=1.84e-04 | ETA=12.7h
Step   470/50000: Loss=1.7823 | BPC=2.5713 | LR=1.88e-04 | ETA=12.7h
Step   480/50000: Loss=1.8661 | BPC=2.6922 | LR=1.92e-04 | ETA=12.7h
Step   490/50000: Loss=1.7472 | BPC=2.5207 | LR=1.96e-04 | ETA=12.7h
Step   500/50000: Loss=1.7635 | BPC=2.5442 | LR=2.00e-04 | ETA=12.6h
Step   510/50000: Loss=1.7503 | BPC=2.5252 | LR=2.00e-04 | ETA=12.6h
Step   520/50000: Loss=1.7870 | BPC=2.5781 | LR=2.00e-04 | ETA=12.6h
Step   530/50000: Loss=1.9448 | BPC=2.8057 | LR=2.00e-04 | ETA=12.6h
Step   540/50000: Loss=1.7611 | BPC=2.5407 | LR=2.00e-04 | ETA=12.6h
Step   550/50000: Loss=1.8769 | BPC=2.7079 | LR=2.00e-04 | ETA=12.6h
Step   560/50000: Loss=1.8701 | BPC=2.6980 | LR=2.00e-04 | ETA=12.6h
Step   570/50000: Loss=1.9623 | BPC=2.8310 | LR=2.00e-04 | ETA=12.6h
Step   580/50000: Loss=1.8444 | BPC=2.6609 | LR=2.00e-04 | ETA=12.5h
Step   590/50000: Loss=1.7702 | BPC=2.5538 | LR=2.00e-04 | ETA=12.5h
Step   600/50000: Loss=1.7986 | BPC=2.5948 | LR=2.00e-04 | ETA=12.5h
Step   610/50000: Loss=1.7447 | BPC=2.5170 | LR=2.00e-04 | ETA=12.5h
Step   620/50000: Loss=1.7923 | BPC=2.5857 | LR=2.00e-04 | ETA=12.5h
Step   630/50000: Loss=1.9841 | BPC=2.8624 | LR=2.00e-04 | ETA=12.5h
Step   640/50000: Loss=1.6740 | BPC=2.4150 | LR=2.00e-04 | ETA=12.5h
Step   650/50000: Loss=1.7166 | BPC=2.4766 | LR=2.00e-04 | ETA=12.5h
Step   660/50000: Loss=1.7305 | BPC=2.4966 | LR=2.00e-04 | ETA=12.5h
Step   670/50000: Loss=1.8737 | BPC=2.7031 | LR=2.00e-04 | ETA=12.5h
Step   680/50000: Loss=1.7726 | BPC=2.5573 | LR=2.00e-04 | ETA=12.4h
Step   690/50000: Loss=1.6998 | BPC=2.4523 | LR=2.00e-04 | ETA=12.4h
Step   700/50000: Loss=2.2240 | BPC=3.2085 | LR=2.00e-04 | ETA=12.4h
Step   710/50000: Loss=1.6377 | BPC=2.3628 | LR=2.00e-04 | ETA=12.4h
Step   720/50000: Loss=1.6010 | BPC=2.3097 | LR=2.00e-04 | ETA=12.4h
Step   730/50000: Loss=1.6522 | BPC=2.3836 | LR=2.00e-04 | ETA=12.4h
Step   740/50000: Loss=1.7575 | BPC=2.5355 | LR=2.00e-04 | ETA=12.4h
Step   750/50000: Loss=1.8634 | BPC=2.6883 | LR=2.00e-04 | ETA=12.4h
Step   760/50000: Loss=1.7116 | BPC=2.4692 | LR=2.00e-04 | ETA=12.4h
Step   770/50000: Loss=1.7126 | BPC=2.4707 | LR=2.00e-04 | ETA=12.4h
Step   780/50000: Loss=1.7002 | BPC=2.4529 | LR=2.00e-04 | ETA=12.4h
Step   790/50000: Loss=1.7629 | BPC=2.5433 | LR=2.00e-04 | ETA=12.4h
Step   800/50000: Loss=1.7810 | BPC=2.5695 | LR=2.00e-04 | ETA=12.4h
Step   810/50000: Loss=1.7045 | BPC=2.4591 | LR=2.00e-04 | ETA=12.4h
Step   820/50000: Loss=2.2355 | BPC=3.2252 | LR=2.00e-04 | ETA=12.4h
Step   830/50000: Loss=1.5906 | BPC=2.2948 | LR=2.00e-04 | ETA=12.3h
Step   840/50000: Loss=1.7618 | BPC=2.5417 | LR=2.00e-04 | ETA=12.3h
Step   850/50000: Loss=1.7326 | BPC=2.4996 | LR=2.00e-04 | ETA=12.3h
Step   860/50000: Loss=1.6949 | BPC=2.4452 | LR=2.00e-04 | ETA=12.3h
Step   870/50000: Loss=1.6820 | BPC=2.4266 | LR=2.00e-04 | ETA=12.3h
Step   880/50000: Loss=1.6934 | BPC=2.4430 | LR=2.00e-04 | ETA=12.3h
Step   890/50000: Loss=1.5208 | BPC=2.1940 | LR=2.00e-04 | ETA=12.3h
Step   900/50000: Loss=1.6525 | BPC=2.3840 | LR=2.00e-04 | ETA=12.3h
Step   910/50000: Loss=1.6697 | BPC=2.4089 | LR=2.00e-04 | ETA=12.3h
Step   920/50000: Loss=1.5374 | BPC=2.2180 | LR=2.00e-04 | ETA=12.3h
Step   930/50000: Loss=1.5749 | BPC=2.2720 | LR=2.00e-04 | ETA=12.3h
Step   940/50000: Loss=1.5253 | BPC=2.2005 | LR=2.00e-04 | ETA=12.3h
Step   950/50000: Loss=1.6175 | BPC=2.3335 | LR=2.00e-04 | ETA=12.3h
Step   960/50000: Loss=1.6771 | BPC=2.4195 | LR=2.00e-04 | ETA=12.3h
Step   970/50000: Loss=1.6309 | BPC=2.3529 | LR=2.00e-04 | ETA=12.3h
Step   980/50000: Loss=1.8043 | BPC=2.6030 | LR=2.00e-04 | ETA=12.3h
Step   990/50000: Loss=1.6348 | BPC=2.3586 | LR=2.00e-04 | ETA=12.3h
Step  1000/50000: Loss=1.6361 | BPC=2.3603 | LR=2.00e-04 | ETA=12.2h
Step  1010/50000: Loss=1.9654 | BPC=2.8355 | LR=2.00e-04 | ETA=12.2h
Step  1020/50000: Loss=1.7383 | BPC=2.5079 | LR=2.00e-04 | ETA=12.2h
Step  1030/50000: Loss=1.7021 | BPC=2.4556 | LR=2.00e-04 | ETA=12.2h
Step  1040/50000: Loss=1.5942 | BPC=2.2999 | LR=2.00e-04 | ETA=12.2h
Step  1050/50000: Loss=1.7129 | BPC=2.4712 | LR=2.00e-04 | ETA=12.2h
Step  1060/50000: Loss=1.6385 | BPC=2.3638 | LR=2.00e-04 | ETA=12.2h
Step  1070/50000: Loss=1.7237 | BPC=2.4868 | LR=2.00e-04 | ETA=12.2h
Step  1080/50000: Loss=1.9039 | BPC=2.7467 | LR=2.00e-04 | ETA=12.2h
Step  1090/50000: Loss=1.4829 | BPC=2.1394 | LR=2.00e-04 | ETA=12.2h
Step  1100/50000: Loss=1.6278 | BPC=2.3484 | LR=2.00e-04 | ETA=12.2h
Step  1110/50000: Loss=1.5906 | BPC=2.2947 | LR=2.00e-04 | ETA=12.2h
Step  1120/50000: Loss=1.6805 | BPC=2.4245 | LR=2.00e-04 | ETA=12.2h
Step  1130/50000: Loss=1.6333 | BPC=2.3564 | LR=2.00e-04 | ETA=12.2h
Step  1140/50000: Loss=1.6344 | BPC=2.3580 | LR=2.00e-04 | ETA=12.2h
Step  1150/50000: Loss=1.5348 | BPC=2.2142 | LR=2.00e-04 | ETA=12.2h
Step  1160/50000: Loss=1.9109 | BPC=2.7568 | LR=2.00e-04 | ETA=12.2h
Step  1170/50000: Loss=1.6962 | BPC=2.4471 | LR=2.00e-04 | ETA=12.2h
Step  1180/50000: Loss=1.6320 | BPC=2.3545 | LR=2.00e-04 | ETA=12.2h
Step  1190/50000: Loss=1.5940 | BPC=2.2996 | LR=2.00e-04 | ETA=12.2h
Step  1200/50000: Loss=1.6361 | BPC=2.3604 | LR=2.00e-04 | ETA=12.2h
Step  1210/50000: Loss=1.8245 | BPC=2.6322 | LR=2.00e-04 | ETA=12.2h
Step  1220/50000: Loss=1.8469 | BPC=2.6645 | LR=2.00e-04 | ETA=12.2h
Step  1230/50000: Loss=1.5607 | BPC=2.2515 | LR=2.00e-04 | ETA=12.1h
Step  1240/50000: Loss=1.7386 | BPC=2.5083 | LR=2.00e-04 | ETA=12.1h
Step  1250/50000: Loss=1.8322 | BPC=2.6433 | LR=2.00e-04 | ETA=12.1h
Step  1260/50000: Loss=1.6658 | BPC=2.4033 | LR=2.00e-04 | ETA=12.1h
Step  1270/50000: Loss=1.6684 | BPC=2.4070 | LR=2.00e-04 | ETA=12.1h
Step  1280/50000: Loss=1.6627 | BPC=2.3987 | LR=2.00e-04 | ETA=12.1h
Step  1290/50000: Loss=1.6119 | BPC=2.3255 | LR=2.00e-04 | ETA=12.1h
Step  1300/50000: Loss=1.6981 | BPC=2.4498 | LR=2.00e-04 | ETA=12.1h
Step  1310/50000: Loss=1.6790 | BPC=2.4223 | LR=2.00e-04 | ETA=12.1h
Step  1320/50000: Loss=1.5686 | BPC=2.2630 | LR=2.00e-04 | ETA=12.1h
Step  1330/50000: Loss=1.6129 | BPC=2.3270 | LR=2.00e-04 | ETA=12.1h
Step  1340/50000: Loss=1.5338 | BPC=2.2128 | LR=2.00e-04 | ETA=12.1h
Step  1350/50000: Loss=1.7681 | BPC=2.5508 | LR=2.00e-04 | ETA=12.1h
Step  1360/50000: Loss=1.9197 | BPC=2.7695 | LR=2.00e-04 | ETA=12.1h
Step  1370/50000: Loss=1.8706 | BPC=2.6988 | LR=2.00e-04 | ETA=12.1h
Step  1380/50000: Loss=1.5694 | BPC=2.2642 | LR=2.00e-04 | ETA=12.1h
Step  1390/50000: Loss=1.8783 | BPC=2.7098 | LR=2.00e-04 | ETA=12.1h
Step  1400/50000: Loss=1.8413 | BPC=2.6564 | LR=2.00e-04 | ETA=12.1h
Step  1410/50000: Loss=1.5536 | BPC=2.2414 | LR=2.00e-04 | ETA=12.1h
Step  1420/50000: Loss=2.0806 | BPC=3.0017 | LR=2.00e-04 | ETA=12.1h
Step  1430/50000: Loss=2.0367 | BPC=2.9384 | LR=2.00e-04 | ETA=12.1h
Step  1440/50000: Loss=1.4884 | BPC=2.1473 | LR=2.00e-04 | ETA=12.0h
Step  1450/50000: Loss=1.5341 | BPC=2.2133 | LR=2.00e-04 | ETA=12.0h
Step  1460/50000: Loss=1.5182 | BPC=2.1903 | LR=2.00e-04 | ETA=12.0h
Step  1470/50000: Loss=1.6224 | BPC=2.3406 | LR=2.00e-04 | ETA=12.0h
Step  1480/50000: Loss=1.6415 | BPC=2.3682 | LR=2.00e-04 | ETA=12.0h
Step  1490/50000: Loss=1.5221 | BPC=2.1959 | LR=2.00e-04 | ETA=12.0h
Step  1500/50000: Loss=1.6147 | BPC=2.3295 | LR=2.00e-04 | ETA=12.0h
Step  1510/50000: Loss=1.9050 | BPC=2.7484 | LR=2.00e-04 | ETA=12.0h
Step  1520/50000: Loss=1.4730 | BPC=2.1251 | LR=2.00e-04 | ETA=12.0h
Step  1530/50000: Loss=1.5754 | BPC=2.2729 | LR=2.00e-04 | ETA=12.0h
Step  1540/50000: Loss=1.4829 | BPC=2.1393 | LR=2.00e-04 | ETA=12.0h
Step  1550/50000: Loss=1.5407 | BPC=2.2227 | LR=2.00e-04 | ETA=12.0h
Step  1560/50000: Loss=1.5099 | BPC=2.1784 | LR=2.00e-04 | ETA=12.0h
Step  1570/50000: Loss=1.5011 | BPC=2.1657 | LR=2.00e-04 | ETA=12.0h
Step  1580/50000: Loss=1.5229 | BPC=2.1971 | LR=2.00e-04 | ETA=12.0h
Step  1590/50000: Loss=1.5309 | BPC=2.2086 | LR=2.00e-04 | ETA=12.0h
Step  1600/50000: Loss=1.5430 | BPC=2.2261 | LR=2.00e-04 | ETA=12.0h
Step  1610/50000: Loss=1.7420 | BPC=2.5132 | LR=2.00e-04 | ETA=12.0h
Step  1620/50000: Loss=1.5438 | BPC=2.2272 | LR=2.00e-04 | ETA=12.0h
Step  1630/50000: Loss=1.5295 | BPC=2.2066 | LR=2.00e-04 | ETA=12.0h
Step  1640/50000: Loss=1.6543 | BPC=2.3866 | LR=2.00e-04 | ETA=12.0h
Step  1650/50000: Loss=1.5665 | BPC=2.2600 | LR=2.00e-04 | ETA=12.0h
Step  1660/50000: Loss=1.6430 | BPC=2.3703 | LR=2.00e-04 | ETA=12.0h
Step  1670/50000: Loss=1.4827 | BPC=2.1390 | LR=2.00e-04 | ETA=12.0h
Step  1680/50000: Loss=1.3738 | BPC=1.9819 | LR=2.00e-04 | ETA=12.0h
Step  1690/50000: Loss=1.5602 | BPC=2.2509 | LR=2.00e-04 | ETA=12.0h
Step  1700/50000: Loss=1.5933 | BPC=2.2987 | LR=2.00e-04 | ETA=12.0h
Step  1710/50000: Loss=1.5841 | BPC=2.2854 | LR=2.00e-04 | ETA=12.0h
Step  1720/50000: Loss=1.8092 | BPC=2.6101 | LR=2.00e-04 | ETA=12.0h
Step  1730/50000: Loss=1.5787 | BPC=2.2776 | LR=2.00e-04 | ETA=11.9h
Step  1740/50000: Loss=1.4961 | BPC=2.1584 | LR=2.00e-04 | ETA=11.9h
Step  1750/50000: Loss=1.4962 | BPC=2.1586 | LR=2.00e-04 | ETA=11.9h
Step  1760/50000: Loss=1.4929 | BPC=2.1537 | LR=2.00e-04 | ETA=11.9h
Step  1770/50000: Loss=1.7292 | BPC=2.4948 | LR=2.00e-04 | ETA=11.9h
Step  1780/50000: Loss=1.5472 | BPC=2.2321 | LR=2.00e-04 | ETA=11.9h
Step  1790/50000: Loss=1.4415 | BPC=2.0796 | LR=2.00e-04 | ETA=11.9h
Step  1800/50000: Loss=1.6296 | BPC=2.3511 | LR=2.00e-04 | ETA=11.9h
Step  1810/50000: Loss=1.4234 | BPC=2.0535 | LR=2.00e-04 | ETA=11.9h
Step  1820/50000: Loss=1.4363 | BPC=2.0722 | LR=2.00e-04 | ETA=11.9h
Step  1830/50000: Loss=1.6965 | BPC=2.4475 | LR=2.00e-04 | ETA=11.9h
Step  1840/50000: Loss=1.6066 | BPC=2.3178 | LR=2.00e-04 | ETA=11.9h
Step  1850/50000: Loss=1.5362 | BPC=2.2162 | LR=2.00e-04 | ETA=11.9h
Step  1860/50000: Loss=1.4802 | BPC=2.1355 | LR=2.00e-04 | ETA=11.9h
Step  1870/50000: Loss=1.4984 | BPC=2.1617 | LR=2.00e-04 | ETA=11.9h
Step  1880/50000: Loss=1.6391 | BPC=2.3647 | LR=2.00e-04 | ETA=11.9h
Step  1890/50000: Loss=1.4983 | BPC=2.1616 | LR=2.00e-04 | ETA=11.9h
Step  1900/50000: Loss=1.4227 | BPC=2.0525 | LR=2.00e-04 | ETA=11.9h
Step  1910/50000: Loss=1.4238 | BPC=2.0541 | LR=2.00e-04 | ETA=11.9h
Step  1920/50000: Loss=1.6786 | BPC=2.4217 | LR=2.00e-04 | ETA=11.9h
Step  1930/50000: Loss=1.6927 | BPC=2.4420 | LR=2.00e-04 | ETA=11.9h
Step  1940/50000: Loss=1.5884 | BPC=2.2916 | LR=2.00e-04 | ETA=11.9h
Step  1950/50000: Loss=1.5503 | BPC=2.2365 | LR=2.00e-04 | ETA=11.9h
Step  1960/50000: Loss=1.5156 | BPC=2.1866 | LR=2.00e-04 | ETA=11.9h
Step  1970/50000: Loss=1.4228 | BPC=2.0527 | LR=2.00e-04 | ETA=11.9h
Step  1980/50000: Loss=1.3802 | BPC=1.9912 | LR=2.00e-04 | ETA=11.9h
Step  1990/50000: Loss=1.6755 | BPC=2.4173 | LR=2.00e-04 | ETA=11.9h
Step  2000/50000: Loss=1.6463 | BPC=2.3752 | LR=2.00e-04 | ETA=11.9h

-- VALIDATION (Step 2000) --
   Val Loss: 1.4579 | Val BPC: 2.1033
   ✅ Saved best_model_scaled.pth (BPC: 2.1033)
   💾 Saved checkpoint_step_2000.pth

Step  2010/50000: Loss=1.4878 | BPC=2.1465 | LR=2.00e-04 | ETA=12.0h
Step  2020/50000: Loss=1.3592 | BPC=1.9609 | LR=2.00e-04 | ETA=12.0h
Step  2030/50000: Loss=1.4690 | BPC=2.1194 | LR=2.00e-04 | ETA=12.0h
Step  2040/50000: Loss=1.4456 | BPC=2.0855 | LR=2.00e-04 | ETA=12.0h
Step  2050/50000: Loss=1.4263 | BPC=2.0577 | LR=2.00e-04 | ETA=12.0h
Step  2060/50000: Loss=1.5335 | BPC=2.2123 | LR=2.00e-04 | ETA=12.0h
Step  2070/50000: Loss=1.5762 | BPC=2.2740 | LR=2.00e-04 | ETA=11.9h
Step  2080/50000: Loss=1.6865 | BPC=2.4331 | LR=2.00e-04 | ETA=11.9h
Step  2090/50000: Loss=1.6069 | BPC=2.3183 | LR=2.00e-04 | ETA=11.9h
Step  2100/50000: Loss=1.4077 | BPC=2.0309 | LR=2.00e-04 | ETA=11.9h
Step  2110/50000: Loss=1.4666 | BPC=2.1158 | LR=2.00e-04 | ETA=11.9h
Step  2120/50000: Loss=1.4456 | BPC=2.0855 | LR=2.00e-04 | ETA=11.9h
Step  2130/50000: Loss=1.6378 | BPC=2.3629 | LR=2.00e-04 | ETA=11.9h
Step  2140/50000: Loss=1.5081 | BPC=2.1758 | LR=2.00e-04 | ETA=11.9h
Step  2150/50000: Loss=1.4937 | BPC=2.1550 | LR=2.00e-04 | ETA=11.9h
Step  2160/50000: Loss=1.6343 | BPC=2.3578 | LR=2.00e-04 | ETA=11.9h
Step  2170/50000: Loss=1.5613 | BPC=2.2525 | LR=2.00e-04 | ETA=11.9h
Step  2180/50000: Loss=1.4191 | BPC=2.0474 | LR=2.00e-04 | ETA=11.9h
Step  2190/50000: Loss=1.3642 | BPC=1.9682 | LR=2.00e-04 | ETA=11.9h
Step  2200/50000: Loss=1.5265 | BPC=2.2022 | LR=2.00e-04 | ETA=11.9h
Step  2210/50000: Loss=1.4464 | BPC=2.0867 | LR=2.00e-04 | ETA=11.9h
Step  2220/50000: Loss=1.5904 | BPC=2.2945 | LR=2.00e-04 | ETA=11.9h
Step  2230/50000: Loss=1.5774 | BPC=2.2757 | LR=2.00e-04 | ETA=11.9h
Step  2240/50000: Loss=1.5555 | BPC=2.2441 | LR=2.00e-04 | ETA=11.9h
Step  2250/50000: Loss=1.6275 | BPC=2.3480 | LR=2.00e-04 | ETA=11.9h
Step  2260/50000: Loss=1.4323 | BPC=2.0664 | LR=2.00e-04 | ETA=11.9h
Step  2270/50000: Loss=1.4311 | BPC=2.0646 | LR=2.00e-04 | ETA=11.9h
Step  2280/50000: Loss=1.5163 | BPC=2.1876 | LR=2.00e-04 | ETA=11.9h
Step  2290/50000: Loss=2.1743 | BPC=3.1368 | LR=2.00e-04 | ETA=11.9h
Step  2300/50000: Loss=1.4644 | BPC=2.1127 | LR=2.00e-04 | ETA=11.9h
Step  2310/50000: Loss=1.4481 | BPC=2.0892 | LR=2.00e-04 | ETA=11.9h
Step  2320/50000: Loss=1.5349 | BPC=2.2144 | LR=2.00e-04 | ETA=11.9h
Step  2330/50000: Loss=1.4318 | BPC=2.0657 | LR=2.00e-04 | ETA=11.9h
Step  2340/50000: Loss=1.4918 | BPC=2.1522 | LR=2.00e-04 | ETA=11.9h
Step  2350/50000: Loss=1.4747 | BPC=2.1275 | LR=2.00e-04 | ETA=11.9h
Step  2360/50000: Loss=1.5922 | BPC=2.2970 | LR=2.00e-04 | ETA=11.9h
Step  2370/50000: Loss=1.4115 | BPC=2.0363 | LR=2.00e-04 | ETA=11.9h
Step  2380/50000: Loss=1.3743 | BPC=1.9826 | LR=2.00e-04 | ETA=11.9h
Step  2390/50000: Loss=1.5834 | BPC=2.2843 | LR=2.00e-04 | ETA=11.9h
Step  2400/50000: Loss=1.5830 | BPC=2.2838 | LR=2.00e-04 | ETA=11.9h
Step  2410/50000: Loss=1.6839 | BPC=2.4294 | LR=2.00e-04 | ETA=11.9h
Step  2420/50000: Loss=1.4663 | BPC=2.1154 | LR=2.00e-04 | ETA=11.9h
Step  2430/50000: Loss=1.4737 | BPC=2.1261 | LR=2.00e-04 | ETA=11.9h
Step  2440/50000: Loss=1.6967 | BPC=2.4478 | LR=2.00e-04 | ETA=11.9h
Step  2450/50000: Loss=1.5028 | BPC=2.1680 | LR=2.00e-04 | ETA=11.9h
Step  2460/50000: Loss=1.4912 | BPC=2.1514 | LR=2.00e-04 | ETA=11.9h
Step  2470/50000: Loss=1.4398 | BPC=2.0772 | LR=2.00e-04 | ETA=11.9h
Step  2480/50000: Loss=1.4469 | BPC=2.0874 | LR=2.00e-04 | ETA=11.9h
Step  2490/50000: Loss=1.5393 | BPC=2.2207 | LR=2.00e-04 | ETA=11.9h
Step  2500/50000: Loss=1.9662 | BPC=2.8366 | LR=2.00e-04 | ETA=11.9h
Step  2510/50000: Loss=1.6784 | BPC=2.4214 | LR=2.00e-04 | ETA=11.8h
Step  2520/50000: Loss=1.4781 | BPC=2.1324 | LR=2.00e-04 | ETA=11.8h
Step  2530/50000: Loss=1.4738 | BPC=2.1262 | LR=2.00e-04 | ETA=11.8h
Step  2540/50000: Loss=1.5560 | BPC=2.2448 | LR=2.00e-04 | ETA=11.8h
Step  2550/50000: Loss=1.6872 | BPC=2.4341 | LR=2.00e-04 | ETA=11.8h
Step  2560/50000: Loss=1.5845 | BPC=2.2860 | LR=2.00e-04 | ETA=11.8h
Step  2570/50000: Loss=1.5251 | BPC=2.2003 | LR=2.00e-04 | ETA=11.8h
Step  2580/50000: Loss=1.3773 | BPC=1.9871 | LR=2.00e-04 | ETA=11.8h
Step  2590/50000: Loss=1.5407 | BPC=2.2228 | LR=2.00e-04 | ETA=11.8h
Step  2600/50000: Loss=1.5723 | BPC=2.2684 | LR=2.00e-04 | ETA=11.8h
Step  2610/50000: Loss=1.4763 | BPC=2.1299 | LR=2.00e-04 | ETA=11.8h
Step  2620/50000: Loss=1.4706 | BPC=2.1217 | LR=2.00e-04 | ETA=11.8h
Step  2630/50000: Loss=1.4685 | BPC=2.1186 | LR=2.00e-04 | ETA=11.8h
Step  2640/50000: Loss=1.4774 | BPC=2.1314 | LR=2.00e-04 | ETA=11.8h
Step  2650/50000: Loss=1.6017 | BPC=2.3107 | LR=2.00e-04 | ETA=11.8h
Step  2660/50000: Loss=1.4138 | BPC=2.0396 | LR=2.00e-04 | ETA=11.8h
Step  2670/50000: Loss=1.5090 | BPC=2.1771 | LR=2.00e-04 | ETA=11.8h
Step  2680/50000: Loss=1.3436 | BPC=1.9385 | LR=2.00e-04 | ETA=11.8h
Step  2690/50000: Loss=1.5172 | BPC=2.1889 | LR=2.00e-04 | ETA=11.8h
Step  2700/50000: Loss=1.4913 | BPC=2.1515 | LR=2.00e-04 | ETA=11.8h
Step  2710/50000: Loss=1.2104 | BPC=1.7463 | LR=2.00e-04 | ETA=11.8h
Step  2720/50000: Loss=1.6079 | BPC=2.3198 | LR=2.00e-04 | ETA=11.8h
Step  2730/50000: Loss=1.5084 | BPC=2.1761 | LR=2.00e-04 | ETA=11.8h
Step  2740/50000: Loss=1.3498 | BPC=1.9474 | LR=2.00e-04 | ETA=11.8h
Step  2750/50000: Loss=1.4682 | BPC=2.1182 | LR=2.00e-04 | ETA=11.8h
Step  2760/50000: Loss=1.2501 | BPC=1.8035 | LR=2.00e-04 | ETA=11.8h
Step  2770/50000: Loss=1.6558 | BPC=2.3888 | LR=2.00e-04 | ETA=11.8h
Step  2780/50000: Loss=1.7095 | BPC=2.4662 | LR=2.00e-04 | ETA=11.8h
Step  2790/50000: Loss=1.4333 | BPC=2.0679 | LR=2.00e-04 | ETA=11.8h
Step  2800/50000: Loss=1.6253 | BPC=2.3448 | LR=2.00e-04 | ETA=11.8h
Step  2810/50000: Loss=1.6836 | BPC=2.4289 | LR=2.00e-04 | ETA=11.8h
Step  2820/50000: Loss=2.0054 | BPC=2.8931 | LR=2.00e-04 | ETA=11.8h
Step  2830/50000: Loss=1.3607 | BPC=1.9630 | LR=2.00e-04 | ETA=11.7h
Step  2840/50000: Loss=1.4347 | BPC=2.0699 | LR=2.00e-04 | ETA=11.7h
Step  2850/50000: Loss=1.3464 | BPC=1.9425 | LR=2.00e-04 | ETA=11.7h
Step  2860/50000: Loss=1.6183 | BPC=2.3347 | LR=2.00e-04 | ETA=11.7h
Step  2870/50000: Loss=2.0402 | BPC=2.9434 | LR=2.00e-04 | ETA=11.7h
Step  2880/50000: Loss=1.6517 | BPC=2.3829 | LR=2.00e-04 | ETA=11.7h
Step  2890/50000: Loss=1.5252 | BPC=2.2005 | LR=2.00e-04 | ETA=11.7h
Step  2900/50000: Loss=1.4090 | BPC=2.0328 | LR=2.00e-04 | ETA=11.7h
Step  2910/50000: Loss=1.4444 | BPC=2.0839 | LR=2.00e-04 | ETA=11.7h
Step  2920/50000: Loss=1.4054 | BPC=2.0275 | LR=2.00e-04 | ETA=11.7h
Step  2930/50000: Loss=1.4030 | BPC=2.0240 | LR=2.00e-04 | ETA=11.7h
Step  2940/50000: Loss=1.2690 | BPC=1.8307 | LR=2.00e-04 | ETA=11.7h
Step  2950/50000: Loss=1.3953 | BPC=2.0130 | LR=2.00e-04 | ETA=11.7h
Step  2960/50000: Loss=1.4600 | BPC=2.1063 | LR=2.00e-04 | ETA=11.7h
Step  2970/50000: Loss=1.4199 | BPC=2.0485 | LR=2.00e-04 | ETA=11.7h
Step  2980/50000: Loss=1.4323 | BPC=2.0664 | LR=2.00e-04 | ETA=11.7h
Step  2990/50000: Loss=1.4173 | BPC=2.0448 | LR=2.00e-04 | ETA=11.7h
Step  3000/50000: Loss=1.9793 | BPC=2.8555 | LR=2.00e-04 | ETA=11.7h
Step  3010/50000: Loss=1.4405 | BPC=2.0782 | LR=2.00e-04 | ETA=11.7h
Step  3020/50000: Loss=1.3371 | BPC=1.9291 | LR=2.00e-04 | ETA=11.7h
Step  3030/50000: Loss=1.4948 | BPC=2.1565 | LR=2.00e-04 | ETA=11.7h
Step  3040/50000: Loss=1.3930 | BPC=2.0097 | LR=2.00e-04 | ETA=11.7h
Step  3050/50000: Loss=1.4340 | BPC=2.0689 | LR=2.00e-04 | ETA=11.7h
Step  3060/50000: Loss=1.4873 | BPC=2.1458 | LR=2.00e-04 | ETA=11.7h
Step  3070/50000: Loss=1.4943 | BPC=2.1559 | LR=2.00e-04 | ETA=11.7h
Step  3080/50000: Loss=1.4121 | BPC=2.0372 | LR=2.00e-04 | ETA=11.7h
Step  3090/50000: Loss=1.5377 | BPC=2.2184 | LR=2.00e-04 | ETA=11.7h
Step  3100/50000: Loss=1.6381 | BPC=2.3633 | LR=2.00e-04 | ETA=11.7h
Step  3110/50000: Loss=1.1132 | BPC=1.6061 | LR=2.00e-04 | ETA=11.7h
Step  3120/50000: Loss=1.5355 | BPC=2.2153 | LR=2.00e-04 | ETA=11.6h
Step  3130/50000: Loss=1.4875 | BPC=2.1460 | LR=2.00e-04 | ETA=11.6h
Step  3140/50000: Loss=1.6767 | BPC=2.4190 | LR=2.00e-04 | ETA=11.6h
Step  3150/50000: Loss=1.3224 | BPC=1.9078 | LR=2.00e-04 | ETA=11.6h
Step  3160/50000: Loss=1.5227 | BPC=2.1968 | LR=2.00e-04 | ETA=11.6h
Step  3170/50000: Loss=1.4601 | BPC=2.1065 | LR=2.00e-04 | ETA=11.6h
Step  3180/50000: Loss=1.6313 | BPC=2.3535 | LR=2.00e-04 | ETA=11.6h
Step  3190/50000: Loss=1.3902 | BPC=2.0057 | LR=2.00e-04 | ETA=11.6h
Step  3200/50000: Loss=1.6724 | BPC=2.4127 | LR=2.00e-04 | ETA=11.6h
Step  3210/50000: Loss=1.7659 | BPC=2.5476 | LR=2.00e-04 | ETA=11.6h
Step  3220/50000: Loss=1.6017 | BPC=2.3108 | LR=2.00e-04 | ETA=11.6h
Step  3230/50000: Loss=1.4596 | BPC=2.1058 | LR=2.00e-04 | ETA=11.6h
Step  3240/50000: Loss=1.4266 | BPC=2.0581 | LR=2.00e-04 | ETA=11.6h
Step  3250/50000: Loss=1.4204 | BPC=2.0493 | LR=2.00e-04 | ETA=11.6h
Step  3260/50000: Loss=1.2632 | BPC=1.8224 | LR=2.00e-04 | ETA=11.6h
Step  3270/50000: Loss=1.2720 | BPC=1.8351 | LR=2.00e-04 | ETA=11.6h
Step  3280/50000: Loss=1.4131 | BPC=2.0387 | LR=2.00e-04 | ETA=11.6h
Step  3290/50000: Loss=1.3679 | BPC=1.9734 | LR=2.00e-04 | ETA=11.6h
Step  3300/50000: Loss=1.2496 | BPC=1.8027 | LR=2.00e-04 | ETA=11.6h
Step  3310/50000: Loss=1.4727 | BPC=2.1246 | LR=2.00e-04 | ETA=11.6h
Step  3320/50000: Loss=1.4970 | BPC=2.1597 | LR=2.00e-04 | ETA=11.6h
Step  3330/50000: Loss=1.4656 | BPC=2.1145 | LR=2.00e-04 | ETA=11.6h
Step  3340/50000: Loss=1.3551 | BPC=1.9551 | LR=2.00e-04 | ETA=11.6h
Step  3350/50000: Loss=1.5792 | BPC=2.2783 | LR=2.00e-04 | ETA=11.6h
Step  3360/50000: Loss=1.4780 | BPC=2.1322 | LR=2.00e-04 | ETA=11.6h
Step  3370/50000: Loss=1.5445 | BPC=2.2282 | LR=2.00e-04 | ETA=11.6h
Step  3380/50000: Loss=1.5269 | BPC=2.2028 | LR=2.00e-04 | ETA=11.6h
Step  3390/50000: Loss=1.6374 | BPC=2.3622 | LR=2.00e-04 | ETA=11.6h
Step  3400/50000: Loss=1.3803 | BPC=1.9914 | LR=2.00e-04 | ETA=11.6h
Step  3410/50000: Loss=1.4663 | BPC=2.1154 | LR=2.00e-04 | ETA=11.6h
Step  3420/50000: Loss=1.3997 | BPC=2.0193 | LR=2.00e-04 | ETA=11.6h
Step  3430/50000: Loss=1.4997 | BPC=2.1636 | LR=2.00e-04 | ETA=11.5h
Step  3440/50000: Loss=1.5377 | BPC=2.2184 | LR=2.00e-04 | ETA=11.5h
Step  3450/50000: Loss=1.4633 | BPC=2.1111 | LR=2.00e-04 | ETA=11.5h
Step  3460/50000: Loss=1.3545 | BPC=1.9542 | LR=2.00e-04 | ETA=11.5h
Step  3470/50000: Loss=1.3526 | BPC=1.9513 | LR=2.00e-04 | ETA=11.5h
Step  3480/50000: Loss=1.5591 | BPC=2.2492 | LR=2.00e-04 | ETA=11.5h
Step  3490/50000: Loss=1.4226 | BPC=2.0524 | LR=2.00e-04 | ETA=11.5h
Step  3500/50000: Loss=1.3854 | BPC=1.9987 | LR=2.00e-04 | ETA=11.5h
Step  3510/50000: Loss=1.4421 | BPC=2.0805 | LR=2.00e-04 | ETA=11.5h
Step  3520/50000: Loss=1.4003 | BPC=2.0202 | LR=2.00e-04 | ETA=11.5h
Step  3530/50000: Loss=1.3859 | BPC=1.9994 | LR=2.00e-04 | ETA=11.5h
Step  3540/50000: Loss=1.5572 | BPC=2.2466 | LR=2.00e-04 | ETA=11.5h
Step  3550/50000: Loss=1.4809 | BPC=2.1365 | LR=2.00e-04 | ETA=11.5h
Step  3560/50000: Loss=1.7789 | BPC=2.5665 | LR=2.00e-04 | ETA=11.5h
Step  3570/50000: Loss=1.3886 | BPC=2.0034 | LR=2.00e-04 | ETA=11.5h
Step  3580/50000: Loss=1.3729 | BPC=1.9807 | LR=2.00e-04 | ETA=11.5h
Step  3590/50000: Loss=1.6265 | BPC=2.3466 | LR=2.00e-04 | ETA=11.5h
Step  3600/50000: Loss=1.4634 | BPC=2.1112 | LR=2.00e-04 | ETA=11.5h
Step  3610/50000: Loss=1.4853 | BPC=2.1429 | LR=2.00e-04 | ETA=11.5h
Step  3620/50000: Loss=1.5400 | BPC=2.2218 | LR=2.00e-04 | ETA=11.5h
Step  3630/50000: Loss=1.4567 | BPC=2.1016 | LR=2.00e-04 | ETA=11.5h
Step  3640/50000: Loss=1.4143 | BPC=2.0405 | LR=2.00e-04 | ETA=11.5h
Step  3650/50000: Loss=1.3349 | BPC=1.9258 | LR=2.00e-04 | ETA=11.5h
Step  3660/50000: Loss=1.4217 | BPC=2.0511 | LR=2.00e-04 | ETA=11.5h
Step  3670/50000: Loss=1.5491 | BPC=2.2349 | LR=2.00e-04 | ETA=11.5h
Step  3680/50000: Loss=1.2591 | BPC=1.8165 | LR=2.00e-04 | ETA=11.5h
Step  3690/50000: Loss=1.3334 | BPC=1.9236 | LR=2.00e-04 | ETA=11.5h
Step  3700/50000: Loss=1.5887 | BPC=2.2920 | LR=2.00e-04 | ETA=11.5h
Step  3710/50000: Loss=1.3136 | BPC=1.8951 | LR=2.00e-04 | ETA=11.5h
Step  3720/50000: Loss=1.6026 | BPC=2.3121 | LR=2.00e-04 | ETA=11.5h
Step  3730/50000: Loss=1.5299 | BPC=2.2072 | LR=2.00e-04 | ETA=11.5h
Step  3740/50000: Loss=1.4109 | BPC=2.0355 | LR=2.00e-04 | ETA=11.5h
Step  3750/50000: Loss=1.4015 | BPC=2.0219 | LR=2.00e-04 | ETA=11.4h
Step  3760/50000: Loss=1.4094 | BPC=2.0334 | LR=2.00e-04 | ETA=11.4h
Step  3770/50000: Loss=1.4591 | BPC=2.1051 | LR=2.00e-04 | ETA=11.4h
Step  3780/50000: Loss=1.4499 | BPC=2.0918 | LR=2.00e-04 | ETA=11.4h
Step  3790/50000: Loss=1.3046 | BPC=1.8821 | LR=2.00e-04 | ETA=11.4h
Step  3800/50000: Loss=1.3260 | BPC=1.9130 | LR=2.00e-04 | ETA=11.4h
Step  3810/50000: Loss=1.3353 | BPC=1.9264 | LR=2.00e-04 | ETA=11.4h
Step  3820/50000: Loss=1.3261 | BPC=1.9132 | LR=2.00e-04 | ETA=11.4h
Step  3830/50000: Loss=1.3066 | BPC=1.8851 | LR=2.00e-04 | ETA=11.4h
Step  3840/50000: Loss=1.6308 | BPC=2.3528 | LR=2.00e-04 | ETA=11.4h
Step  3850/50000: Loss=1.3533 | BPC=1.9523 | LR=2.00e-04 | ETA=11.4h
Step  3860/50000: Loss=1.2988 | BPC=1.8738 | LR=2.00e-04 | ETA=11.4h
Step  3870/50000: Loss=1.3878 | BPC=2.0022 | LR=2.00e-04 | ETA=11.4h
Step  3880/50000: Loss=1.6141 | BPC=2.3286 | LR=2.00e-04 | ETA=11.4h
Step  3890/50000: Loss=1.5145 | BPC=2.1849 | LR=2.00e-04 | ETA=11.4h
Step  3900/50000: Loss=1.3955 | BPC=2.0134 | LR=2.00e-04 | ETA=11.4h
Step  3910/50000: Loss=1.5509 | BPC=2.2374 | LR=2.00e-04 | ETA=11.4h
Step  3920/50000: Loss=1.5096 | BPC=2.1778 | LR=2.00e-04 | ETA=11.4h
Step  3930/50000: Loss=1.3870 | BPC=2.0010 | LR=2.00e-04 | ETA=11.4h
Step  3940/50000: Loss=1.3559 | BPC=1.9562 | LR=2.00e-04 | ETA=11.4h
Step  3950/50000: Loss=1.3872 | BPC=2.0014 | LR=2.00e-04 | ETA=11.4h
Step  3960/50000: Loss=1.4908 | BPC=2.1508 | LR=2.00e-04 | ETA=11.4h
Step  3970/50000: Loss=1.3151 | BPC=1.8973 | LR=2.00e-04 | ETA=11.4h
Step  3980/50000: Loss=1.3396 | BPC=1.9326 | LR=2.00e-04 | ETA=11.4h
Step  3990/50000: Loss=1.3473 | BPC=1.9438 | LR=2.00e-04 | ETA=11.4h
Step  4000/50000: Loss=1.6869 | BPC=2.4337 | LR=2.00e-04 | ETA=11.4h

-- VALIDATION (Step 4000) --
   Val Loss: 1.3666 | Val BPC: 1.9716
   ✅ Saved best_model_scaled.pth (BPC: 1.9716)
   💾 Saved checkpoint_step_4000.pth

Step  4010/50000: Loss=1.4997 | BPC=2.1636 | LR=2.00e-04 | ETA=11.4h
Step  4020/50000: Loss=1.5136 | BPC=2.1837 | LR=2.00e-04 | ETA=11.4h
Step  4030/50000: Loss=1.4692 | BPC=2.1195 | LR=2.00e-04 | ETA=11.4h
Step  4040/50000: Loss=1.4382 | BPC=2.0748 | LR=2.00e-04 | ETA=11.4h
Step  4050/50000: Loss=1.4403 | BPC=2.0779 | LR=2.00e-04 | ETA=11.4h
Step  4060/50000: Loss=1.3399 | BPC=1.9331 | LR=2.00e-04 | ETA=11.4h
Step  4070/50000: Loss=1.4881 | BPC=2.1468 | LR=2.00e-04 | ETA=11.4h
Step  4080/50000: Loss=1.4469 | BPC=2.0874 | LR=2.00e-04 | ETA=11.4h
Step  4090/50000: Loss=1.4050 | BPC=2.0270 | LR=2.00e-04 | ETA=11.4h
Step  4100/50000: Loss=1.5190 | BPC=2.1915 | LR=2.00e-04 | ETA=11.4h
Step  4110/50000: Loss=1.3554 | BPC=1.9555 | LR=2.00e-04 | ETA=11.4h
Step  4120/50000: Loss=1.3004 | BPC=1.8761 | LR=2.00e-04 | ETA=11.4h
Step  4130/50000: Loss=1.4477 | BPC=2.0886 | LR=2.00e-04 | ETA=11.4h
Step  4140/50000: Loss=1.4212 | BPC=2.0504 | LR=2.00e-04 | ETA=11.4h
Step  4150/50000: Loss=1.4323 | BPC=2.0663 | LR=2.00e-04 | ETA=11.4h
Step  4160/50000: Loss=1.3907 | BPC=2.0063 | LR=2.00e-04 | ETA=11.4h
Step  4170/50000: Loss=1.3724 | BPC=1.9800 | LR=2.00e-04 | ETA=11.4h
Step  4180/50000: Loss=1.3512 | BPC=1.9494 | LR=2.00e-04 | ETA=11.4h
Step  4190/50000: Loss=1.4847 | BPC=2.1420 | LR=2.00e-04 | ETA=11.4h
Step  4200/50000: Loss=1.3284 | BPC=1.9165 | LR=2.00e-04 | ETA=11.4h
Step  4210/50000: Loss=1.4262 | BPC=2.0575 | LR=2.00e-04 | ETA=11.4h
Step  4220/50000: Loss=1.6209 | BPC=2.3384 | LR=2.00e-04 | ETA=11.3h
Step  4230/50000: Loss=2.0493 | BPC=2.9565 | LR=2.00e-04 | ETA=11.3h
Step  4240/50000: Loss=1.3545 | BPC=1.9541 | LR=2.00e-04 | ETA=11.3h
Step  4250/50000: Loss=1.6557 | BPC=2.3886 | LR=2.00e-04 | ETA=11.3h
Step  4260/50000: Loss=1.3985 | BPC=2.0176 | LR=2.00e-04 | ETA=11.3h
Step  4270/50000: Loss=1.5777 | BPC=2.2762 | LR=2.00e-04 | ETA=11.3h
Step  4280/50000: Loss=1.4045 | BPC=2.0263 | LR=2.00e-04 | ETA=11.3h
Step  4290/50000: Loss=1.4803 | BPC=2.1356 | LR=2.00e-04 | ETA=11.3h
Step  4300/50000: Loss=1.5565 | BPC=2.2455 | LR=2.00e-04 | ETA=11.3h
Step  4310/50000: Loss=1.2381 | BPC=1.7862 | LR=2.00e-04 | ETA=11.3h
Step  4320/50000: Loss=1.3786 | BPC=1.9889 | LR=2.00e-04 | ETA=11.3h
Step  4330/50000: Loss=1.3802 | BPC=1.9911 | LR=2.00e-04 | ETA=11.3h
Step  4340/50000: Loss=1.6230 | BPC=2.3414 | LR=2.00e-04 | ETA=11.3h
Step  4350/50000: Loss=1.3375 | BPC=1.9295 | LR=2.00e-04 | ETA=11.3h
Step  4360/50000: Loss=1.4441 | BPC=2.0834 | LR=2.00e-04 | ETA=11.3h
Step  4370/50000: Loss=1.4445 | BPC=2.0839 | LR=2.00e-04 | ETA=11.3h
Step  4380/50000: Loss=1.3849 | BPC=1.9980 | LR=2.00e-04 | ETA=11.3h
Step  4390/50000: Loss=1.3871 | BPC=2.0012 | LR=2.00e-04 | ETA=11.3h
Step  4400/50000: Loss=1.4279 | BPC=2.0600 | LR=2.00e-04 | ETA=11.3h
Step  4410/50000: Loss=1.4425 | BPC=2.0811 | LR=2.00e-04 | ETA=11.3h
Step  4420/50000: Loss=1.5245 | BPC=2.1994 | LR=2.00e-04 | ETA=11.3h
Step  4430/50000: Loss=1.3724 | BPC=1.9800 | LR=2.00e-04 | ETA=11.3h
Step  4440/50000: Loss=1.5198 | BPC=2.1925 | LR=2.00e-04 | ETA=11.3h
Step  4450/50000: Loss=1.6821 | BPC=2.4268 | LR=2.00e-04 | ETA=11.3h
Step  4460/50000: Loss=1.3228 | BPC=1.9084 | LR=2.00e-04 | ETA=11.3h
Step  4470/50000: Loss=1.7699 | BPC=2.5535 | LR=2.00e-04 | ETA=11.3h
Step  4480/50000: Loss=1.5430 | BPC=2.2260 | LR=2.00e-04 | ETA=11.3h
Step  4490/50000: Loss=1.5857 | BPC=2.2877 | LR=2.00e-04 | ETA=11.3h
Step  4500/50000: Loss=1.3652 | BPC=1.9695 | LR=2.00e-04 | ETA=11.3h
Step  4510/50000: Loss=1.3345 | BPC=1.9252 | LR=2.00e-04 | ETA=11.3h
Step  4520/50000: Loss=1.6225 | BPC=2.3407 | LR=2.00e-04 | ETA=11.3h
Step  4530/50000: Loss=1.4663 | BPC=2.1154 | LR=2.00e-04 | ETA=11.3h
Step  4540/50000: Loss=1.3063 | BPC=1.8846 | LR=2.00e-04 | ETA=11.3h
Step  4550/50000: Loss=1.3668 | BPC=1.9718 | LR=2.00e-04 | ETA=11.3h
Step  4560/50000: Loss=1.6613 | BPC=2.3967 | LR=2.00e-04 | ETA=11.3h
Step  4570/50000: Loss=1.4535 | BPC=2.0970 | LR=2.00e-04 | ETA=11.3h
Step  4580/50000: Loss=1.3973 | BPC=2.0158 | LR=2.00e-04 | ETA=11.2h
Step  4590/50000: Loss=1.3808 | BPC=1.9921 | LR=2.00e-04 | ETA=11.2h
Step  4600/50000: Loss=1.3106 | BPC=1.8908 | LR=2.00e-04 | ETA=11.2h
Step  4610/50000: Loss=1.7388 | BPC=2.5086 | LR=2.00e-04 | ETA=11.2h
Step  4620/50000: Loss=1.4927 | BPC=2.1535 | LR=2.00e-04 | ETA=11.2h
Step  4630/50000: Loss=1.5059 | BPC=2.1725 | LR=2.00e-04 | ETA=11.2h
Step  4640/50000: Loss=1.4312 | BPC=2.0649 | LR=2.00e-04 | ETA=11.2h
Step  4650/50000: Loss=1.4855 | BPC=2.1431 | LR=2.00e-04 | ETA=11.2h
Step  4660/50000: Loss=1.5153 | BPC=2.1861 | LR=2.00e-04 | ETA=11.2h
Step  4670/50000: Loss=1.3229 | BPC=1.9086 | LR=2.00e-04 | ETA=11.2h
Step  4680/50000: Loss=1.2906 | BPC=1.8619 | LR=2.00e-04 | ETA=11.2h
Step  4690/50000: Loss=1.5204 | BPC=2.1934 | LR=2.00e-04 | ETA=11.2h
Step  4700/50000: Loss=1.4487 | BPC=2.0900 | LR=2.00e-04 | ETA=11.2h
Step  4710/50000: Loss=1.5607 | BPC=2.2516 | LR=2.00e-04 | ETA=11.2h
Step  4720/50000: Loss=1.4360 | BPC=2.0717 | LR=2.00e-04 | ETA=11.2h
Step  4730/50000: Loss=1.4234 | BPC=2.0535 | LR=2.00e-04 | ETA=11.2h
Step  4740/50000: Loss=1.5030 | BPC=2.1684 | LR=2.00e-04 | ETA=11.2h
Step  4750/50000: Loss=1.1794 | BPC=1.7016 | LR=2.00e-04 | ETA=11.2h
Step  4760/50000: Loss=1.1943 | BPC=1.7230 | LR=2.00e-04 | ETA=11.2h
Step  4770/50000: Loss=1.3710 | BPC=1.9780 | LR=2.00e-04 | ETA=11.2h
Step  4780/50000: Loss=1.2977 | BPC=1.8722 | LR=2.00e-04 | ETA=11.2h
Step  4790/50000: Loss=1.3922 | BPC=2.0085 | LR=2.00e-04 | ETA=11.2h
Step  4800/50000: Loss=1.3166 | BPC=1.8994 | LR=2.00e-04 | ETA=11.2h
Step  4810/50000: Loss=1.2433 | BPC=1.7937 | LR=2.00e-04 | ETA=11.2h
Step  4820/50000: Loss=1.4189 | BPC=2.0470 | LR=2.00e-04 | ETA=11.2h
Step  4830/50000: Loss=1.2290 | BPC=1.7731 | LR=2.00e-04 | ETA=11.2h
Step  4840/50000: Loss=1.2591 | BPC=1.8165 | LR=2.00e-04 | ETA=11.2h
Step  4850/50000: Loss=1.2977 | BPC=1.8721 | LR=2.00e-04 | ETA=11.2h
Step  4860/50000: Loss=1.4017 | BPC=2.0223 | LR=2.00e-04 | ETA=11.2h
Step  4870/50000: Loss=1.3647 | BPC=1.9688 | LR=2.00e-04 | ETA=11.2h
Step  4880/50000: Loss=1.3678 | BPC=1.9733 | LR=2.00e-04 | ETA=11.2h
Step  4890/50000: Loss=1.2270 | BPC=1.7702 | LR=2.00e-04 | ETA=11.2h
Step  4900/50000: Loss=1.2663 | BPC=1.8269 | LR=2.00e-04 | ETA=11.2h
Step  4910/50000: Loss=1.9156 | BPC=2.7636 | LR=2.00e-04 | ETA=11.2h
Step  4920/50000: Loss=1.0121 | BPC=1.4602 | LR=2.00e-04 | ETA=11.2h
Step  4930/50000: Loss=1.2009 | BPC=1.7325 | LR=2.00e-04 | ETA=11.2h
Step  4940/50000: Loss=1.3000 | BPC=1.8754 | LR=2.00e-04 | ETA=11.2h
Step  4950/50000: Loss=1.2954 | BPC=1.8688 | LR=2.00e-04 | ETA=11.2h
Step  4960/50000: Loss=1.3902 | BPC=2.0056 | LR=2.00e-04 | ETA=11.2h
Step  4970/50000: Loss=1.2933 | BPC=1.8659 | LR=2.00e-04 | ETA=11.1h
Step  4980/50000: Loss=1.4303 | BPC=2.0634 | LR=2.00e-04 | ETA=11.1h
Step  4990/50000: Loss=1.1353 | BPC=1.6378 | LR=2.00e-04 | ETA=11.1h
Step  5000/50000: Loss=1.3414 | BPC=1.9352 | LR=2.00e-04 | ETA=11.1h
Step  5010/50000: Loss=1.4697 | BPC=2.1203 | LR=2.00e-04 | ETA=11.1h
Step  5020/50000: Loss=1.4105 | BPC=2.0349 | LR=2.00e-04 | ETA=11.1h
Step  5030/50000: Loss=1.4718 | BPC=2.1234 | LR=2.00e-04 | ETA=11.1h
Step  5040/50000: Loss=1.3935 | BPC=2.0104 | LR=2.00e-04 | ETA=11.1h
Step  5050/50000: Loss=1.4508 | BPC=2.0931 | LR=2.00e-04 | ETA=11.1h
Step  5060/50000: Loss=1.1899 | BPC=1.7167 | LR=2.00e-04 | ETA=11.1h
Step  5070/50000: Loss=1.4309 | BPC=2.0643 | LR=2.00e-04 | ETA=11.1h
Step  5080/50000: Loss=1.3337 | BPC=1.9241 | LR=2.00e-04 | ETA=11.1h
Step  5090/50000: Loss=1.2812 | BPC=1.8484 | LR=2.00e-04 | ETA=11.1h
Step  5100/50000: Loss=1.3007 | BPC=1.8765 | LR=2.00e-04 | ETA=11.1h
Step  5110/50000: Loss=1.2697 | BPC=1.8317 | LR=2.00e-04 | ETA=11.1h
Step  5120/50000: Loss=1.4675 | BPC=2.1171 | LR=2.00e-04 | ETA=11.1h
Step  5130/50000: Loss=1.3537 | BPC=1.9530 | LR=2.00e-04 | ETA=11.1h
Step  5140/50000: Loss=1.1328 | BPC=1.6343 | LR=2.00e-04 | ETA=11.1h
Step  5150/50000: Loss=1.4048 | BPC=2.0267 | LR=2.00e-04 | ETA=11.1h
Step  5160/50000: Loss=1.6781 | BPC=2.4209 | LR=2.00e-04 | ETA=11.1h
Step  5170/50000: Loss=1.3733 | BPC=1.9813 | LR=2.00e-04 | ETA=11.1h
Step  5180/50000: Loss=1.3229 | BPC=1.9085 | LR=2.00e-04 | ETA=11.1h
Step  5190/50000: Loss=1.3105 | BPC=1.8907 | LR=2.00e-04 | ETA=11.1h
Step  5200/50000: Loss=1.3715 | BPC=1.9787 | LR=2.00e-04 | ETA=11.1h
Step  5210/50000: Loss=1.3047 | BPC=1.8823 | LR=2.00e-04 | ETA=11.1h
Step  5220/50000: Loss=1.3374 | BPC=1.9295 | LR=2.00e-04 | ETA=11.1h
Step  5230/50000: Loss=1.4281 | BPC=2.0604 | LR=2.00e-04 | ETA=11.1h
Step  5240/50000: Loss=1.4421 | BPC=2.0805 | LR=2.00e-04 | ETA=11.1h
Step  5250/50000: Loss=1.3941 | BPC=2.0113 | LR=2.00e-04 | ETA=11.1h
Step  5260/50000: Loss=1.3269 | BPC=1.9143 | LR=2.00e-04 | ETA=11.1h
Step  5270/50000: Loss=1.4472 | BPC=2.0879 | LR=2.00e-04 | ETA=11.1h
Step  5280/50000: Loss=1.3816 | BPC=1.9932 | LR=2.00e-04 | ETA=11.1h
Step  5290/50000: Loss=1.3457 | BPC=1.9415 | LR=2.00e-04 | ETA=11.1h
Step  5300/50000: Loss=1.3764 | BPC=1.9857 | LR=2.00e-04 | ETA=11.1h
Step  5310/50000: Loss=1.2799 | BPC=1.8466 | LR=2.00e-04 | ETA=11.1h
Step  5320/50000: Loss=1.3546 | BPC=1.9542 | LR=2.00e-04 | ETA=11.1h
Step  5330/50000: Loss=1.3756 | BPC=1.9846 | LR=2.00e-04 | ETA=11.1h
Step  5340/50000: Loss=1.2593 | BPC=1.8168 | LR=2.00e-04 | ETA=11.1h
Step  5350/50000: Loss=1.4467 | BPC=2.0871 | LR=2.00e-04 | ETA=11.0h
Step  5360/50000: Loss=1.4495 | BPC=2.0913 | LR=2.00e-04 | ETA=11.0h
Step  5370/50000: Loss=1.3951 | BPC=2.0128 | LR=2.00e-04 | ETA=11.0h
Step  5380/50000: Loss=1.2816 | BPC=1.8490 | LR=2.00e-04 | ETA=11.0h
Step  5390/50000: Loss=1.4515 | BPC=2.0940 | LR=2.00e-04 | ETA=11.0h
Step  5400/50000: Loss=1.2178 | BPC=1.7570 | LR=2.00e-04 | ETA=11.0h
Step  5410/50000: Loss=1.3104 | BPC=1.8905 | LR=2.00e-04 | ETA=11.0h
Step  5420/50000: Loss=1.5045 | BPC=2.1705 | LR=2.00e-04 | ETA=11.0h
Step  5430/50000: Loss=1.6978 | BPC=2.4494 | LR=2.00e-04 | ETA=11.0h
Step  5440/50000: Loss=1.1911 | BPC=1.7184 | LR=2.00e-04 | ETA=11.0h
Step  5450/50000: Loss=1.3957 | BPC=2.0136 | LR=2.00e-04 | ETA=11.0h
Step  5460/50000: Loss=1.4591 | BPC=2.1050 | LR=2.00e-04 | ETA=11.0h
Step  5470/50000: Loss=1.4334 | BPC=2.0679 | LR=2.00e-04 | ETA=11.0h
Step  5480/50000: Loss=1.3494 | BPC=1.9467 | LR=2.00e-04 | ETA=11.0h
Step  5490/50000: Loss=1.3836 | BPC=1.9961 | LR=2.00e-04 | ETA=11.0h
Step  5500/50000: Loss=1.3679 | BPC=1.9735 | LR=2.00e-04 | ETA=11.0h
Step  5510/50000: Loss=1.3820 | BPC=1.9938 | LR=2.00e-04 | ETA=11.0h
Step  5520/50000: Loss=1.3479 | BPC=1.9447 | LR=2.00e-04 | ETA=11.0h
Step  5530/50000: Loss=1.3539 | BPC=1.9532 | LR=2.00e-04 | ETA=11.0h
Step  5540/50000: Loss=1.2790 | BPC=1.8453 | LR=2.00e-04 | ETA=11.0h
Step  5550/50000: Loss=1.3115 | BPC=1.8922 | LR=2.00e-04 | ETA=11.0h
Step  5560/50000: Loss=1.3231 | BPC=1.9089 | LR=2.00e-04 | ETA=11.0h
Step  5570/50000: Loss=1.2885 | BPC=1.8589 | LR=2.00e-04 | ETA=11.0h
Step  5580/50000: Loss=1.2989 | BPC=1.8740 | LR=2.00e-04 | ETA=11.0h
Step  5590/50000: Loss=1.5676 | BPC=2.2616 | LR=2.00e-04 | ETA=11.0h
Step  5600/50000: Loss=1.5472 | BPC=2.2322 | LR=2.00e-04 | ETA=11.0h
Step  5610/50000: Loss=1.2028 | BPC=1.7353 | LR=2.00e-04 | ETA=11.0h
Step  5620/50000: Loss=1.4336 | BPC=2.0683 | LR=2.00e-04 | ETA=11.0h
Step  5630/50000: Loss=1.7717 | BPC=2.5560 | LR=2.00e-04 | ETA=11.0h
Step  5640/50000: Loss=1.3358 | BPC=1.9271 | LR=2.00e-04 | ETA=11.0h
Step  5650/50000: Loss=1.4941 | BPC=2.1555 | LR=2.00e-04 | ETA=11.0h
Step  5660/50000: Loss=1.5006 | BPC=2.1648 | LR=2.00e-04 | ETA=11.0h
Step  5670/50000: Loss=1.4116 | BPC=2.0365 | LR=2.00e-04 | ETA=11.0h
Step  5680/50000: Loss=1.4478 | BPC=2.0887 | LR=2.00e-04 | ETA=11.0h
Step  5690/50000: Loss=1.3754 | BPC=1.9842 | LR=2.00e-04 | ETA=11.0h
Step  5700/50000: Loss=1.2256 | BPC=1.7681 | LR=2.00e-04 | ETA=11.0h
Step  5710/50000: Loss=1.3337 | BPC=1.9241 | LR=2.00e-04 | ETA=11.0h
Step  5720/50000: Loss=1.4113 | BPC=2.0360 | LR=2.00e-04 | ETA=11.0h
Step  5730/50000: Loss=1.2886 | BPC=1.8590 | LR=2.00e-04 | ETA=10.9h
Step  5740/50000: Loss=1.4327 | BPC=2.0669 | LR=2.00e-04 | ETA=10.9h
Step  5750/50000: Loss=1.7170 | BPC=2.4771 | LR=2.00e-04 | ETA=10.9h
Step  5760/50000: Loss=1.4454 | BPC=2.0853 | LR=2.00e-04 | ETA=10.9h
Step  5770/50000: Loss=1.2802 | BPC=1.8469 | LR=2.00e-04 | ETA=10.9h
Step  5780/50000: Loss=1.4396 | BPC=2.0769 | LR=2.00e-04 | ETA=10.9h
Step  5790/50000: Loss=1.2277 | BPC=1.7713 | LR=2.00e-04 | ETA=10.9h
Step  5800/50000: Loss=1.6524 | BPC=2.3840 | LR=2.00e-04 | ETA=10.9h
Step  5810/50000: Loss=1.4808 | BPC=2.1364 | LR=2.00e-04 | ETA=10.9h
Step  5820/50000: Loss=1.7993 | BPC=2.5958 | LR=2.00e-04 | ETA=10.9h
Step  5830/50000: Loss=1.3796 | BPC=1.9903 | LR=2.00e-04 | ETA=10.9h
Step  5840/50000: Loss=1.3108 | BPC=1.8911 | LR=2.00e-04 | ETA=10.9h
Step  5850/50000: Loss=1.4329 | BPC=2.0673 | LR=2.00e-04 | ETA=10.9h
Step  5860/50000: Loss=1.2897 | BPC=1.8606 | LR=2.00e-04 | ETA=10.9h
Step  5870/50000: Loss=1.3556 | BPC=1.9557 | LR=2.00e-04 | ETA=10.9h
Step  5880/50000: Loss=1.3735 | BPC=1.9815 | LR=2.00e-04 | ETA=10.9h
Step  5890/50000: Loss=1.3057 | BPC=1.8837 | LR=2.00e-04 | ETA=10.9h
Step  5900/50000: Loss=1.4178 | BPC=2.0454 | LR=2.00e-04 | ETA=10.9h
Step  5910/50000: Loss=1.3004 | BPC=1.8761 | LR=2.00e-04 | ETA=10.9h
Step  5920/50000: Loss=1.1853 | BPC=1.7100 | LR=2.00e-04 | ETA=10.9h
Step  5930/50000: Loss=1.4268 | BPC=2.0584 | LR=2.00e-04 | ETA=10.9h
Step  5940/50000: Loss=1.5070 | BPC=2.1741 | LR=2.00e-04 | ETA=10.9h
Step  5950/50000: Loss=1.3469 | BPC=1.9431 | LR=2.00e-04 | ETA=10.9h
Step  5960/50000: Loss=1.3650 | BPC=1.9692 | LR=2.00e-04 | ETA=10.9h
Step  5970/50000: Loss=1.3891 | BPC=2.0041 | LR=2.00e-04 | ETA=10.9h
Step  5980/50000: Loss=1.4156 | BPC=2.0423 | LR=2.00e-04 | ETA=10.9h
Step  5990/50000: Loss=1.3172 | BPC=1.9003 | LR=2.00e-04 | ETA=10.9h
Step  6000/50000: Loss=1.5150 | BPC=2.1856 | LR=2.00e-04 | ETA=10.9h

-- VALIDATION (Step 6000) --
   Val Loss: 1.3064 | Val BPC: 1.8848
   ✅ Saved best_model_scaled.pth (BPC: 1.8848)
   💾 Saved checkpoint_step_6000.pth

Step  6010/50000: Loss=1.4690 | BPC=2.1193 | LR=2.00e-04 | ETA=10.9h
Step  6020/50000: Loss=1.4688 | BPC=2.1191 | LR=2.00e-04 | ETA=10.9h
Step  6030/50000: Loss=1.3004 | BPC=1.8762 | LR=2.00e-04 | ETA=10.9h
Step  6040/50000: Loss=1.3169 | BPC=1.8999 | LR=2.00e-04 | ETA=10.9h
Step  6050/50000: Loss=1.4337 | BPC=2.0684 | LR=2.00e-04 | ETA=10.9h
Step  6060/50000: Loss=1.2099 | BPC=1.7455 | LR=2.00e-04 | ETA=10.9h
Step  6070/50000: Loss=1.3961 | BPC=2.0141 | LR=2.00e-04 | ETA=10.9h
Step  6080/50000: Loss=1.3923 | BPC=2.0087 | LR=2.00e-04 | ETA=10.9h
Step  6090/50000: Loss=1.3173 | BPC=1.9005 | LR=2.00e-04 | ETA=10.9h
Step  6100/50000: Loss=1.4064 | BPC=2.0290 | LR=2.00e-04 | ETA=10.9h
Step  6110/50000: Loss=1.5724 | BPC=2.2685 | LR=2.00e-04 | ETA=10.9h
Step  6120/50000: Loss=1.3315 | BPC=1.9209 | LR=2.00e-04 | ETA=10.9h
Step  6130/50000: Loss=1.2649 | BPC=1.8249 | LR=2.00e-04 | ETA=10.9h
Step  6140/50000: Loss=1.4594 | BPC=2.1055 | LR=2.00e-04 | ETA=10.9h
Step  6150/50000: Loss=1.3672 | BPC=1.9724 | LR=2.00e-04 | ETA=10.9h
Step  6160/50000: Loss=1.4053 | BPC=2.0274 | LR=2.00e-04 | ETA=10.9h
Step  6170/50000: Loss=1.4995 | BPC=2.1633 | LR=2.00e-04 | ETA=10.9h
Step  6180/50000: Loss=1.3129 | BPC=1.8941 | LR=2.00e-04 | ETA=10.9h
Step  6190/50000: Loss=1.7906 | BPC=2.5833 | LR=2.00e-04 | ETA=10.9h
Step  6200/50000: Loss=1.3971 | BPC=2.0156 | LR=2.00e-04 | ETA=10.9h
Step  6210/50000: Loss=1.3687 | BPC=1.9746 | LR=2.00e-04 | ETA=10.9h
Step  6220/50000: Loss=1.2303 | BPC=1.7749 | LR=2.00e-04 | ETA=10.8h
Step  6230/50000: Loss=1.4059 | BPC=2.0282 | LR=2.00e-04 | ETA=10.8h
Step  6240/50000: Loss=1.2305 | BPC=1.7753 | LR=2.00e-04 | ETA=10.8h
Step  6250/50000: Loss=1.1860 | BPC=1.7111 | LR=2.00e-04 | ETA=10.8h
Step  6260/50000: Loss=1.1948 | BPC=1.7238 | LR=2.00e-04 | ETA=10.8h
Step  6270/50000: Loss=1.3277 | BPC=1.9154 | LR=2.00e-04 | ETA=10.8h
Step  6280/50000: Loss=1.3882 | BPC=2.0028 | LR=2.00e-04 | ETA=10.8h
Step  6290/50000: Loss=1.3598 | BPC=1.9617 | LR=2.00e-04 | ETA=10.8h
Step  6300/50000: Loss=1.3528 | BPC=1.9517 | LR=2.00e-04 | ETA=10.8h
Step  6310/50000: Loss=1.2898 | BPC=1.8608 | LR=2.00e-04 | ETA=10.8h
Step  6320/50000: Loss=1.4817 | BPC=2.1376 | LR=2.00e-04 | ETA=10.8h
Step  6330/50000: Loss=1.3049 | BPC=1.8826 | LR=2.00e-04 | ETA=10.8h
Step  6340/50000: Loss=1.8739 | BPC=2.7034 | LR=2.00e-04 | ETA=10.8h
Step  6350/50000: Loss=1.4142 | BPC=2.0403 | LR=2.00e-04 | ETA=10.8h
Step  6360/50000: Loss=1.3069 | BPC=1.8855 | LR=2.00e-04 | ETA=10.8h
Step  6370/50000: Loss=1.4772 | BPC=2.1311 | LR=2.00e-04 | ETA=10.8h
Step  6380/50000: Loss=1.4456 | BPC=2.0856 | LR=2.00e-04 | ETA=10.8h
Step  6390/50000: Loss=1.2556 | BPC=1.8114 | LR=2.00e-04 | ETA=10.8h
Step  6400/50000: Loss=1.3210 | BPC=1.9058 | LR=2.00e-04 | ETA=10.8h
Step  6410/50000: Loss=1.3590 | BPC=1.9606 | LR=2.00e-04 | ETA=10.8h
Step  6420/50000: Loss=1.2909 | BPC=1.8624 | LR=2.00e-04 | ETA=10.8h
Step  6430/50000: Loss=1.4022 | BPC=2.0230 | LR=2.00e-04 | ETA=10.8h
Step  6440/50000: Loss=1.5001 | BPC=2.1642 | LR=2.00e-04 | ETA=10.8h
Step  6450/50000: Loss=1.2555 | BPC=1.8112 | LR=2.00e-04 | ETA=10.8h
Step  6460/50000: Loss=1.4326 | BPC=2.0667 | LR=2.00e-04 | ETA=10.8h
Step  6470/50000: Loss=1.5381 | BPC=2.2190 | LR=2.00e-04 | ETA=10.8h
Step  6480/50000: Loss=1.5510 | BPC=2.2376 | LR=2.00e-04 | ETA=10.8h
Step  6490/50000: Loss=1.4655 | BPC=2.1143 | LR=2.00e-04 | ETA=10.8h
Step  6500/50000: Loss=1.3078 | BPC=1.8868 | LR=2.00e-04 | ETA=10.8h
Step  6510/50000: Loss=1.2392 | BPC=1.7878 | LR=2.00e-04 | ETA=10.8h
Step  6520/50000: Loss=1.2918 | BPC=1.8637 | LR=2.00e-04 | ETA=10.8h
Step  6530/50000: Loss=1.2717 | BPC=1.8347 | LR=2.00e-04 | ETA=10.8h
Step  6540/50000: Loss=1.2909 | BPC=1.8623 | LR=2.00e-04 | ETA=10.8h
Step  6550/50000: Loss=1.4587 | BPC=2.1045 | LR=2.00e-04 | ETA=10.8h
Step  6560/50000: Loss=1.3441 | BPC=1.9391 | LR=2.00e-04 | ETA=10.8h
Step  6570/50000: Loss=1.3309 | BPC=1.9201 | LR=2.00e-04 | ETA=10.8h
Step  6580/50000: Loss=1.2678 | BPC=1.8290 | LR=2.00e-04 | ETA=10.7h
Step  6590/50000: Loss=1.3832 | BPC=1.9955 | LR=2.00e-04 | ETA=10.7h
Step  6600/50000: Loss=1.2950 | BPC=1.8683 | LR=2.00e-04 | ETA=10.7h
Step  6610/50000: Loss=1.2537 | BPC=1.8088 | LR=2.00e-04 | ETA=10.7h
Step  6620/50000: Loss=1.4044 | BPC=2.0261 | LR=2.00e-04 | ETA=10.7h
Step  6630/50000: Loss=1.2457 | BPC=1.7972 | LR=2.00e-04 | ETA=10.7h
Step  6640/50000: Loss=1.3709 | BPC=1.9777 | LR=2.00e-04 | ETA=10.7h
Step  6650/50000: Loss=1.3074 | BPC=1.8862 | LR=2.00e-04 | ETA=10.7h
Step  6660/50000: Loss=1.3177 | BPC=1.9011 | LR=2.00e-04 | ETA=10.7h
Step  6670/50000: Loss=1.2076 | BPC=1.7421 | LR=2.00e-04 | ETA=10.7h
Step  6680/50000: Loss=1.4255 | BPC=2.0566 | LR=2.00e-04 | ETA=10.7h
Step  6690/50000: Loss=1.0761 | BPC=1.5524 | LR=2.00e-04 | ETA=10.7h
Step  6700/50000: Loss=1.4567 | BPC=2.1016 | LR=2.00e-04 | ETA=10.7h
Step  6710/50000: Loss=1.2987 | BPC=1.8736 | LR=2.00e-04 | ETA=10.7h
Step  6720/50000: Loss=1.2220 | BPC=1.7630 | LR=2.00e-04 | ETA=10.7h
Step  6730/50000: Loss=1.3356 | BPC=1.9269 | LR=2.00e-04 | ETA=10.7h
Step  6740/50000: Loss=1.2963 | BPC=1.8701 | LR=2.00e-04 | ETA=10.7h
Step  6750/50000: Loss=1.2736 | BPC=1.8374 | LR=2.00e-04 | ETA=10.7h
Step  6760/50000: Loss=1.3639 | BPC=1.9677 | LR=2.00e-04 | ETA=10.7h
Step  6770/50000: Loss=1.3544 | BPC=1.9539 | LR=2.00e-04 | ETA=10.7h
Step  6780/50000: Loss=1.0275 | BPC=1.4824 | LR=2.00e-04 | ETA=10.7h
Step  6790/50000: Loss=1.2162 | BPC=1.7546 | LR=2.00e-04 | ETA=10.7h
Step  6800/50000: Loss=1.3862 | BPC=1.9999 | LR=2.00e-04 | ETA=10.7h
Step  6810/50000: Loss=1.4627 | BPC=2.1102 | LR=2.00e-04 | ETA=10.7h
Step  6820/50000: Loss=1.5007 | BPC=2.1651 | LR=2.00e-04 | ETA=10.7h
Step  6830/50000: Loss=1.2846 | BPC=1.8532 | LR=2.00e-04 | ETA=10.7h
Step  6840/50000: Loss=1.3314 | BPC=1.9208 | LR=2.00e-04 | ETA=10.7h
Step  6850/50000: Loss=1.2169 | BPC=1.7556 | LR=2.00e-04 | ETA=10.7h
Step  6860/50000: Loss=1.2999 | BPC=1.8753 | LR=2.00e-04 | ETA=10.7h
Step  6870/50000: Loss=1.1913 | BPC=1.7187 | LR=2.00e-04 | ETA=10.7h
Step  6880/50000: Loss=1.3304 | BPC=1.9193 | LR=2.00e-04 | ETA=10.7h
Step  6890/50000: Loss=1.2285 | BPC=1.7724 | LR=2.00e-04 | ETA=10.7h
Step  6900/50000: Loss=1.2572 | BPC=1.8138 | LR=2.00e-04 | ETA=10.7h
Step  6910/50000: Loss=1.1485 | BPC=1.6570 | LR=2.00e-04 | ETA=10.7h
Step  6920/50000: Loss=1.4078 | BPC=2.0310 | LR=2.00e-04 | ETA=10.7h
Step  6930/50000: Loss=1.4615 | BPC=2.1085 | LR=2.00e-04 | ETA=10.7h
Step  6940/50000: Loss=1.3637 | BPC=1.9674 | LR=2.00e-04 | ETA=10.7h
Step  6950/50000: Loss=1.4834 | BPC=2.1400 | LR=2.00e-04 | ETA=10.6h
Step  6960/50000: Loss=1.4294 | BPC=2.0622 | LR=2.00e-04 | ETA=10.6h
Step  6970/50000: Loss=1.3382 | BPC=1.9306 | LR=2.00e-04 | ETA=10.6h
Step  6980/50000: Loss=1.3040 | BPC=1.8812 | LR=2.00e-04 | ETA=10.6h
Step  6990/50000: Loss=1.3499 | BPC=1.9475 | LR=2.00e-04 | ETA=10.6h
Step  7000/50000: Loss=1.3914 | BPC=2.0074 | LR=2.00e-04 | ETA=10.6h
Step  7010/50000: Loss=1.5304 | BPC=2.2079 | LR=2.00e-04 | ETA=10.6h
Step  7020/50000: Loss=1.3032 | BPC=1.8801 | LR=2.00e-04 | ETA=10.6h
Step  7030/50000: Loss=1.1090 | BPC=1.6000 | LR=2.00e-04 | ETA=10.6h
Step  7040/50000: Loss=1.5261 | BPC=2.2017 | LR=2.00e-04 | ETA=10.6h
Step  7050/50000: Loss=1.1712 | BPC=1.6897 | LR=2.00e-04 | ETA=10.6h
Step  7060/50000: Loss=1.2308 | BPC=1.7757 | LR=2.00e-04 | ETA=10.6h
Step  7070/50000: Loss=1.3270 | BPC=1.9144 | LR=2.00e-04 | ETA=10.6h
Step  7080/50000: Loss=1.4790 | BPC=2.1338 | LR=2.00e-04 | ETA=10.6h
Step  7090/50000: Loss=1.4611 | BPC=2.1079 | LR=2.00e-04 | ETA=10.6h
Step  7100/50000: Loss=1.2783 | BPC=1.8443 | LR=2.00e-04 | ETA=10.6h
Step  7110/50000: Loss=1.2384 | BPC=1.7866 | LR=2.00e-04 | ETA=10.6h
Step  7120/50000: Loss=1.6840 | BPC=2.4295 | LR=2.00e-04 | ETA=10.6h
Step  7130/50000: Loss=1.2492 | BPC=1.8022 | LR=2.00e-04 | ETA=10.6h
Step  7140/50000: Loss=1.2032 | BPC=1.7359 | LR=2.00e-04 | ETA=10.6h
Step  7150/50000: Loss=1.2252 | BPC=1.7676 | LR=2.00e-04 | ETA=10.6h
Step  7160/50000: Loss=1.1512 | BPC=1.6608 | LR=2.00e-04 | ETA=10.6h
Step  7170/50000: Loss=1.3587 | BPC=1.9602 | LR=2.00e-04 | ETA=10.6h
Step  7180/50000: Loss=1.3703 | BPC=1.9769 | LR=2.00e-04 | ETA=10.6h
Step  7190/50000: Loss=1.4669 | BPC=2.1163 | LR=2.00e-04 | ETA=10.6h
Step  7200/50000: Loss=1.4465 | BPC=2.0868 | LR=2.00e-04 | ETA=10.6h
Step  7210/50000: Loss=1.2301 | BPC=1.7747 | LR=2.00e-04 | ETA=10.6h
Step  7220/50000: Loss=1.5131 | BPC=2.1830 | LR=2.00e-04 | ETA=10.6h
Step  7230/50000: Loss=1.3574 | BPC=1.9583 | LR=2.00e-04 | ETA=10.6h
Step  7240/50000: Loss=1.4035 | BPC=2.0248 | LR=2.00e-04 | ETA=10.6h
Step  7250/50000: Loss=1.3512 | BPC=1.9494 | LR=2.00e-04 | ETA=10.6h
Step  7260/50000: Loss=1.3477 | BPC=1.9443 | LR=2.00e-04 | ETA=10.6h
Step  7270/50000: Loss=1.2340 | BPC=1.7802 | LR=2.00e-04 | ETA=10.6h
Step  7280/50000: Loss=1.2733 | BPC=1.8370 | LR=2.00e-04 | ETA=10.6h
Step  7290/50000: Loss=1.2597 | BPC=1.8173 | LR=2.00e-04 | ETA=10.6h
Step  7300/50000: Loss=1.6226 | BPC=2.3410 | LR=2.00e-04 | ETA=10.6h
Step  7310/50000: Loss=1.0792 | BPC=1.5570 | LR=2.00e-04 | ETA=10.6h
Step  7320/50000: Loss=1.3639 | BPC=1.9677 | LR=2.00e-04 | ETA=10.5h
Step  7330/50000: Loss=1.2874 | BPC=1.8573 | LR=2.00e-04 | ETA=10.5h
Step  7340/50000: Loss=1.6676 | BPC=2.4059 | LR=2.00e-04 | ETA=10.5h
Step  7350/50000: Loss=1.3037 | BPC=1.8808 | LR=2.00e-04 | ETA=10.5h
Step  7360/50000: Loss=1.1209 | BPC=1.6171 | LR=2.00e-04 | ETA=10.5h
Step  7370/50000: Loss=1.2835 | BPC=1.8517 | LR=2.00e-04 | ETA=10.5h
Step  7380/50000: Loss=1.3793 | BPC=1.9900 | LR=2.00e-04 | ETA=10.5h
Step  7390/50000: Loss=1.2746 | BPC=1.8389 | LR=2.00e-04 | ETA=10.5h
Step  7400/50000: Loss=1.2808 | BPC=1.8477 | LR=2.00e-04 | ETA=10.5h
Step  7410/50000: Loss=1.3818 | BPC=1.9936 | LR=2.00e-04 | ETA=10.5h
Step  7420/50000: Loss=1.3743 | BPC=1.9827 | LR=2.00e-04 | ETA=10.5h
Step  7430/50000: Loss=1.2807 | BPC=1.8476 | LR=2.00e-04 | ETA=10.5h
Step  7440/50000: Loss=1.2510 | BPC=1.8048 | LR=2.00e-04 | ETA=10.5h
Step  7450/50000: Loss=1.6655 | BPC=2.4028 | LR=2.00e-04 | ETA=10.5h
Step  7460/50000: Loss=1.2821 | BPC=1.8497 | LR=2.00e-04 | ETA=10.5h
Step  7470/50000: Loss=1.3571 | BPC=1.9579 | LR=2.00e-04 | ETA=10.5h
Step  7480/50000: Loss=1.5084 | BPC=2.1762 | LR=2.00e-04 | ETA=10.5h
Step  7490/50000: Loss=1.1413 | BPC=1.6465 | LR=2.00e-04 | ETA=10.5h
Step  7500/50000: Loss=1.3200 | BPC=1.9043 | LR=2.00e-04 | ETA=10.5h
Step  7510/50000: Loss=1.2785 | BPC=1.8444 | LR=2.00e-04 | ETA=10.5h
Step  7520/50000: Loss=1.3327 | BPC=1.9227 | LR=2.00e-04 | ETA=10.5h
Step  7530/50000: Loss=1.3327 | BPC=1.9227 | LR=2.00e-04 | ETA=10.5h
Step  7540/50000: Loss=1.2029 | BPC=1.7355 | LR=2.00e-04 | ETA=10.5h
Step  7550/50000: Loss=1.3310 | BPC=1.9202 | LR=2.00e-04 | ETA=10.5h
Step  7560/50000: Loss=1.3241 | BPC=1.9103 | LR=2.00e-04 | ETA=10.5h
Step  7570/50000: Loss=1.2560 | BPC=1.8120 | LR=2.00e-04 | ETA=10.5h
Step  7580/50000: Loss=1.3675 | BPC=1.9729 | LR=2.00e-04 | ETA=10.5h
Step  7590/50000: Loss=1.2743 | BPC=1.8384 | LR=2.00e-04 | ETA=10.5h
Step  7600/50000: Loss=1.1322 | BPC=1.6334 | LR=2.00e-04 | ETA=10.5h
Step  7610/50000: Loss=1.4737 | BPC=2.1260 | LR=2.00e-04 | ETA=10.5h
Step  7620/50000: Loss=1.4873 | BPC=2.1458 | LR=2.00e-04 | ETA=10.5h
Step  7630/50000: Loss=1.3898 | BPC=2.0051 | LR=2.00e-04 | ETA=10.5h
Step  7640/50000: Loss=1.2604 | BPC=1.8183 | LR=2.00e-04 | ETA=10.5h
Step  7650/50000: Loss=1.4087 | BPC=2.0323 | LR=2.00e-04 | ETA=10.5h
Step  7660/50000: Loss=1.3148 | BPC=1.8969 | LR=2.00e-04 | ETA=10.5h
Step  7670/50000: Loss=1.4379 | BPC=2.0745 | LR=2.00e-04 | ETA=10.5h
Step  7680/50000: Loss=1.1843 | BPC=1.7086 | LR=2.00e-04 | ETA=10.5h
Step  7690/50000: Loss=1.4191 | BPC=2.0473 | LR=2.00e-04 | ETA=10.4h
Step  7700/50000: Loss=1.2109 | BPC=1.7470 | LR=2.00e-04 | ETA=10.4h
Step  7710/50000: Loss=1.2396 | BPC=1.7884 | LR=2.00e-04 | ETA=10.4h
Step  7720/50000: Loss=1.3497 | BPC=1.9473 | LR=2.00e-04 | ETA=10.4h
Step  7730/50000: Loss=1.3090 | BPC=1.8884 | LR=2.00e-04 | ETA=10.4h
Step  7740/50000: Loss=1.3229 | BPC=1.9086 | LR=2.00e-04 | ETA=10.4h
Step  7750/50000: Loss=1.4301 | BPC=2.0632 | LR=2.00e-04 | ETA=10.4h
Step  7760/50000: Loss=1.0399 | BPC=1.5003 | LR=2.00e-04 | ETA=10.4h
Step  7770/50000: Loss=1.3845 | BPC=1.9974 | LR=2.00e-04 | ETA=10.4h
Step  7780/50000: Loss=1.7990 | BPC=2.5954 | LR=2.00e-04 | ETA=10.4h
Step  7790/50000: Loss=1.2183 | BPC=1.7576 | LR=2.00e-04 | ETA=10.4h
Step  7800/50000: Loss=1.2707 | BPC=1.8333 | LR=2.00e-04 | ETA=10.4h
Step  7810/50000: Loss=1.0283 | BPC=1.4835 | LR=2.00e-04 | ETA=10.4h
Step  7820/50000: Loss=1.2978 | BPC=1.8724 | LR=2.00e-04 | ETA=10.4h
Step  7830/50000: Loss=1.1597 | BPC=1.6730 | LR=2.00e-04 | ETA=10.4h
Step  7840/50000: Loss=1.2701 | BPC=1.8324 | LR=2.00e-04 | ETA=10.4h
Step  7850/50000: Loss=1.5076 | BPC=2.1749 | LR=2.00e-04 | ETA=10.4h
Step  7860/50000: Loss=1.2917 | BPC=1.8635 | LR=2.00e-04 | ETA=10.4h
Step  7870/50000: Loss=1.0923 | BPC=1.5758 | LR=2.00e-04 | ETA=10.4h
Step  7880/50000: Loss=1.3097 | BPC=1.8895 | LR=2.00e-04 | ETA=10.4h
Step  7890/50000: Loss=1.2153 | BPC=1.7533 | LR=2.00e-04 | ETA=10.4h
Step  7900/50000: Loss=1.2523 | BPC=1.8067 | LR=2.00e-04 | ETA=10.4h
Step  7910/50000: Loss=1.3535 | BPC=1.9527 | LR=2.00e-04 | ETA=10.4h
Step  7920/50000: Loss=1.4415 | BPC=2.0796 | LR=2.00e-04 | ETA=10.4h
Step  7930/50000: Loss=1.2464 | BPC=1.7981 | LR=2.00e-04 | ETA=10.4h
Step  7940/50000: Loss=1.2531 | BPC=1.8078 | LR=2.00e-04 | ETA=10.4h
Step  7950/50000: Loss=1.3755 | BPC=1.9844 | LR=2.00e-04 | ETA=10.4h
Step  7960/50000: Loss=1.5744 | BPC=2.2714 | LR=2.00e-04 | ETA=10.4h
Step  7970/50000: Loss=1.2469 | BPC=1.7989 | LR=2.00e-04 | ETA=10.4h
Step  7980/50000: Loss=1.2819 | BPC=1.8494 | LR=2.00e-04 | ETA=10.4h
Step  7990/50000: Loss=1.3003 | BPC=1.8759 | LR=2.00e-04 | ETA=10.4h
Step  8000/50000: Loss=1.3967 | BPC=2.0149 | LR=2.00e-04 | ETA=10.4h

-- VALIDATION (Step 8000) --
   Val Loss: 1.2757 | Val BPC: 1.8404
   ✅ Saved best_model_scaled.pth (BPC: 1.8404)
   💾 Saved checkpoint_step_8000.pth

Step  8010/50000: Loss=1.2687 | BPC=1.8304 | LR=2.00e-04 | ETA=10.4h
Step  8020/50000: Loss=1.3520 | BPC=1.9506 | LR=2.00e-04 | ETA=10.4h
Step  8030/50000: Loss=1.4459 | BPC=2.0860 | LR=2.00e-04 | ETA=10.4h
Step  8040/50000: Loss=1.7268 | BPC=2.4913 | LR=2.00e-04 | ETA=10.4h
Step  8050/50000: Loss=1.5652 | BPC=2.2581 | LR=2.00e-04 | ETA=10.4h
Step  8060/50000: Loss=1.2486 | BPC=1.8014 | LR=2.00e-04 | ETA=10.4h
Step  8070/50000: Loss=1.2307 | BPC=1.7755 | LR=2.00e-04 | ETA=10.4h
Step  8080/50000: Loss=1.4999 | BPC=2.1638 | LR=2.00e-04 | ETA=10.4h
Step  8090/50000: Loss=1.5008 | BPC=2.1652 | LR=2.00e-04 | ETA=10.4h
Step  8100/50000: Loss=1.3837 | BPC=1.9962 | LR=2.00e-04 | ETA=10.4h
Step  8110/50000: Loss=1.4106 | BPC=2.0350 | LR=2.00e-04 | ETA=10.4h
Step  8120/50000: Loss=1.3398 | BPC=1.9330 | LR=2.00e-04 | ETA=10.4h
Step  8130/50000: Loss=1.3270 | BPC=1.9144 | LR=2.00e-04 | ETA=10.4h
Step  8140/50000: Loss=1.9525 | BPC=2.8169 | LR=2.00e-04 | ETA=10.4h
Step  8150/50000: Loss=1.4067 | BPC=2.0295 | LR=2.00e-04 | ETA=10.4h
Step  8160/50000: Loss=1.4221 | BPC=2.0517 | LR=2.00e-04 | ETA=10.4h
Step  8170/50000: Loss=1.3062 | BPC=1.8845 | LR=2.00e-04 | ETA=10.4h
Step  8180/50000: Loss=1.2326 | BPC=1.7782 | LR=2.00e-04 | ETA=10.4h
Step  8190/50000: Loss=1.2976 | BPC=1.8720 | LR=2.00e-04 | ETA=10.4h
Step  8200/50000: Loss=1.1828 | BPC=1.7064 | LR=2.00e-04 | ETA=10.3h
Step  8210/50000: Loss=1.1867 | BPC=1.7121 | LR=2.00e-04 | ETA=10.3h
Step  8220/50000: Loss=1.7027 | BPC=2.4565 | LR=2.00e-04 | ETA=10.3h
Step  8230/50000: Loss=1.3753 | BPC=1.9842 | LR=2.00e-04 | ETA=10.3h
Step  8240/50000: Loss=1.4462 | BPC=2.0865 | LR=2.00e-04 | ETA=10.3h
Step  8250/50000: Loss=1.4256 | BPC=2.0568 | LR=2.00e-04 | ETA=10.3h
Step  8260/50000: Loss=1.1717 | BPC=1.6904 | LR=2.00e-04 | ETA=10.3h
Step  8270/50000: Loss=1.4219 | BPC=2.0513 | LR=2.00e-04 | ETA=10.3h
Step  8280/50000: Loss=1.1309 | BPC=1.6315 | LR=2.00e-04 | ETA=10.3h
Step  8290/50000: Loss=1.1687 | BPC=1.6861 | LR=2.00e-04 | ETA=10.3h
Step  8300/50000: Loss=1.3382 | BPC=1.9305 | LR=2.00e-04 | ETA=10.3h
Step  8310/50000: Loss=1.3831 | BPC=1.9955 | LR=2.00e-04 | ETA=10.3h
Step  8320/50000: Loss=1.3036 | BPC=1.8806 | LR=2.00e-04 | ETA=10.3h
Step  8330/50000: Loss=1.3430 | BPC=1.9375 | LR=2.00e-04 | ETA=10.3h
Step  8340/50000: Loss=1.5209 | BPC=2.1942 | LR=2.00e-04 | ETA=10.3h
Step  8350/50000: Loss=1.1010 | BPC=1.5884 | LR=2.00e-04 | ETA=10.3h
Step  8360/50000: Loss=1.2763 | BPC=1.8413 | LR=2.00e-04 | ETA=10.3h
Step  8370/50000: Loss=1.2227 | BPC=1.7641 | LR=2.00e-04 | ETA=10.3h
Step  8380/50000: Loss=1.1967 | BPC=1.7264 | LR=2.00e-04 | ETA=10.3h
Step  8390/50000: Loss=1.3812 | BPC=1.9927 | LR=2.00e-04 | ETA=10.3h
Step  8400/50000: Loss=1.3786 | BPC=1.9889 | LR=2.00e-04 | ETA=10.3h
Step  8410/50000: Loss=1.6671 | BPC=2.4051 | LR=2.00e-04 | ETA=10.3h
Step  8420/50000: Loss=1.2752 | BPC=1.8397 | LR=2.00e-04 | ETA=10.3h
Step  8430/50000: Loss=1.1284 | BPC=1.6280 | LR=2.00e-04 | ETA=10.3h
Step  8440/50000: Loss=1.6755 | BPC=2.4172 | LR=2.00e-04 | ETA=10.3h
Step  8450/50000: Loss=1.2246 | BPC=1.7668 | LR=2.00e-04 | ETA=10.3h
Step  8460/50000: Loss=1.4300 | BPC=2.0630 | LR=2.00e-04 | ETA=10.3h
Step  8470/50000: Loss=1.4516 | BPC=2.0942 | LR=2.00e-04 | ETA=10.3h
Step  8480/50000: Loss=1.3083 | BPC=1.8875 | LR=2.00e-04 | ETA=10.3h
Step  8490/50000: Loss=1.6034 | BPC=2.3133 | LR=2.00e-04 | ETA=10.3h
Step  8500/50000: Loss=1.2924 | BPC=1.8645 | LR=2.00e-04 | ETA=10.3h
Step  8510/50000: Loss=1.3781 | BPC=1.9881 | LR=2.00e-04 | ETA=10.3h
Step  8520/50000: Loss=1.2811 | BPC=1.8482 | LR=2.00e-04 | ETA=10.3h
Step  8530/50000: Loss=1.2635 | BPC=1.8228 | LR=2.00e-04 | ETA=10.3h
Step  8540/50000: Loss=1.3135 | BPC=1.8950 | LR=2.00e-04 | ETA=10.3h
Step  8550/50000: Loss=1.2614 | BPC=1.8198 | LR=2.00e-04 | ETA=10.3h
Step  8560/50000: Loss=1.2881 | BPC=1.8583 | LR=2.00e-04 | ETA=10.3h
Step  8570/50000: Loss=1.4141 | BPC=2.0401 | LR=2.00e-04 | ETA=10.3h
Step  8580/50000: Loss=1.4409 | BPC=2.0788 | LR=2.00e-04 | ETA=10.3h
Step  8590/50000: Loss=1.1805 | BPC=1.7030 | LR=2.00e-04 | ETA=10.3h
Step  8600/50000: Loss=1.3415 | BPC=1.9353 | LR=2.00e-04 | ETA=10.3h
Step  8610/50000: Loss=1.2599 | BPC=1.8177 | LR=2.00e-04 | ETA=10.3h
Step  8620/50000: Loss=1.2429 | BPC=1.7932 | LR=2.00e-04 | ETA=10.3h
Step  8630/50000: Loss=1.2185 | BPC=1.7579 | LR=2.00e-04 | ETA=10.3h
Step  8640/50000: Loss=1.3057 | BPC=1.8838 | LR=2.00e-04 | ETA=10.3h
Step  8650/50000: Loss=1.3457 | BPC=1.9414 | LR=2.00e-04 | ETA=10.3h
Step  8660/50000: Loss=1.1685 | BPC=1.6858 | LR=2.00e-04 | ETA=10.3h
Step  8670/50000: Loss=1.2109 | BPC=1.7469 | LR=2.00e-04 | ETA=10.3h
Step  8680/50000: Loss=1.2104 | BPC=1.7462 | LR=2.00e-04 | ETA=10.3h
Step  8690/50000: Loss=1.3750 | BPC=1.9837 | LR=2.00e-04 | ETA=10.3h
Step  8700/50000: Loss=1.2049 | BPC=1.7383 | LR=2.00e-04 | ETA=10.3h
Step  8710/50000: Loss=1.2825 | BPC=1.8503 | LR=2.00e-04 | ETA=10.3h
Step  8720/50000: Loss=1.2336 | BPC=1.7797 | LR=2.00e-04 | ETA=10.3h
Step  8730/50000: Loss=1.2712 | BPC=1.8340 | LR=2.00e-04 | ETA=10.3h
Step  8740/50000: Loss=1.3606 | BPC=1.9629 | LR=2.00e-04 | ETA=10.3h
Step  8750/50000: Loss=1.2426 | BPC=1.7927 | LR=2.00e-04 | ETA=10.2h
Step  8760/50000: Loss=1.4020 | BPC=2.0227 | LR=2.00e-04 | ETA=10.2h
Step  8770/50000: Loss=1.2401 | BPC=1.7891 | LR=2.00e-04 | ETA=10.2h
Step  8780/50000: Loss=1.2502 | BPC=1.8037 | LR=2.00e-04 | ETA=10.2h
Step  8790/50000: Loss=1.2609 | BPC=1.8191 | LR=2.00e-04 | ETA=10.2h
Step  8800/50000: Loss=1.3319 | BPC=1.9216 | LR=2.00e-04 | ETA=10.2h
Step  8810/50000: Loss=1.5078 | BPC=2.1753 | LR=2.00e-04 | ETA=10.2h
Step  8820/50000: Loss=1.2269 | BPC=1.7701 | LR=2.00e-04 | ETA=10.2h
Step  8830/50000: Loss=1.4955 | BPC=2.1575 | LR=2.00e-04 | ETA=10.2h
Step  8840/50000: Loss=1.1996 | BPC=1.7307 | LR=2.00e-04 | ETA=10.2h
Step  8850/50000: Loss=1.2543 | BPC=1.8096 | LR=2.00e-04 | ETA=10.2h
Step  8860/50000: Loss=1.4023 | BPC=2.0231 | LR=2.00e-04 | ETA=10.2h
Step  8870/50000: Loss=1.8376 | BPC=2.6511 | LR=2.00e-04 | ETA=10.2h
Step  8880/50000: Loss=1.3332 | BPC=1.9234 | LR=2.00e-04 | ETA=10.2h
Step  8890/50000: Loss=1.2886 | BPC=1.8590 | LR=2.00e-04 | ETA=10.2h
Step  8900/50000: Loss=1.1614 | BPC=1.6755 | LR=2.00e-04 | ETA=10.2h
Step  8910/50000: Loss=1.2894 | BPC=1.8602 | LR=2.00e-04 | ETA=10.2h
Step  8920/50000: Loss=1.2821 | BPC=1.8497 | LR=2.00e-04 | ETA=10.2h
Step  8930/50000: Loss=1.2102 | BPC=1.7459 | LR=2.00e-04 | ETA=10.2h
Step  8940/50000: Loss=1.1835 | BPC=1.7074 | LR=2.00e-04 | ETA=10.2h
Step  8950/50000: Loss=1.2924 | BPC=1.8646 | LR=2.00e-04 | ETA=10.2h
Step  8960/50000: Loss=1.3078 | BPC=1.8868 | LR=2.00e-04 | ETA=10.2h
Step  8970/50000: Loss=1.2243 | BPC=1.7663 | LR=2.00e-04 | ETA=10.2h
Step  8980/50000: Loss=1.1748 | BPC=1.6948 | LR=2.00e-04 | ETA=10.2h
Step  8990/50000: Loss=1.1599 | BPC=1.6734 | LR=2.00e-04 | ETA=10.2h
Step  9000/50000: Loss=1.4334 | BPC=2.0679 | LR=2.00e-04 | ETA=10.2h
Step  9010/50000: Loss=1.5260 | BPC=2.2015 | LR=2.00e-04 | ETA=10.2h
Step  9020/50000: Loss=1.4617 | BPC=2.1088 | LR=2.00e-04 | ETA=10.2h
Step  9030/50000: Loss=1.0981 | BPC=1.5842 | LR=2.00e-04 | ETA=10.2h
Step  9040/50000: Loss=1.3943 | BPC=2.0115 | LR=2.00e-04 | ETA=10.2h
